Hash Code 2021

Simulation
----------
Duration     : 1640
Intersections: 10000
Streets      : 35030
Cars         : 1000
Max score    : 1328389
Bonus points : 100

Schedule
--------
Intersections   : 7660
Street lights   : 11472
Arrived cars    : 998
Earliest arrival: 1
Latest arrival  : 1606
Crossed streets : 11472
Total wait time : 18799
Schedule score  : 1309448

Incremental scheduler
---------------------
Rounds                 : 20
Min wait time          : 10
Max streets per round  : 50
Max shuffles per street: 200
Round 1, current score: 1309448
Street 22929: 71 total wait time, 3 streets in the intersection, 6 shuffles
  => New best score by adding 0 to street 22929: 1309458 ***
  => New best score by adding 2 to street 22929: 1309460 ***
Street 28407: 49 total wait time, 3 streets in the intersection, 6 shuffles
Street 31979: 49 total wait time, 2 streets in the intersection, 2 shuffles
Street 1216: 48 total wait time, 3 streets in the intersection, 6 shuffles
  => New best score by adding 0 to street 1216: 1309478 ***
Street 22968: 46 total wait time, 2 streets in the intersection, 2 shuffles
Street 13864: 46 total wait time, 2 streets in the intersection, 2 shuffles
Street 12668: 45 total wait time, 3 streets in the intersection, 6 shuffles
Street 7757: 44 total wait time, 4 streets in the intersection, 24 shuffles
Street 23622: 44 total wait time, 3 streets in the intersection, 6 shuffles
Street 7619: 43 total wait time, 4 streets in the intersection, 24 shuffles
Street 5584: 43 total wait time, 2 streets in the intersection, 2 shuffles
Street 20695: 42 total wait time, 3 streets in the intersection, 6 shuffles
Street 32620: 40 total wait time, 3 streets in the intersection, 6 shuffles
Street 24650: 38 total wait time, 2 streets in the intersection, 2 shuffles
Street 24427: 38 total wait time, 4 streets in the intersection, 24 shuffles
Street 88: 38 total wait time, 4 streets in the intersection, 24 shuffles
Street 28877: 38 total wait time, 3 streets in the intersection, 6 shuffles
Street 33361: 38 total wait time, 4 streets in the intersection, 24 shuffles
Street 27997: 37 total wait time, 2 streets in the intersection, 2 shuffles
  => New best score by adding 1 to street 27997: 1309483 ***
Street 1355: 36 total wait time, 3 streets in the intersection, 6 shuffles
Street 33029: 36 total wait time, 2 streets in the intersection, 2 shuffles
Street 6373: 36 total wait time, 2 streets in the intersection, 2 shuffles
Street 19740: 35 total wait time, 2 streets in the intersection, 2 shuffles
Street 32470: 35 total wait time, 3 streets in the intersection, 6 shuffles
Street 20801: 34 total wait time, 3 streets in the intersection, 6 shuffles
Street 29441: 34 total wait time, 4 streets in the intersection, 24 shuffles
Street 1204: 34 total wait time, 3 streets in the intersection, 6 shuffles
Street 13530: 33 total wait time, 2 streets in the intersection, 2 shuffles
Street 30416: 33 total wait time, 2 streets in the intersection, 2 shuffles
Street 24585: 32 total wait time, 2 streets in the intersection, 2 shuffles
Street 16882: 32 total wait time, 3 streets in the intersection, 6 shuffles
Street 20915: 32 total wait time, 3 streets in the intersection, 6 shuffles
Street 233: 32 total wait time, 4 streets in the intersection, 24 shuffles
Street 15640: 31 total wait time, 2 streets in the intersection, 2 shuffles
Street 19220: 31 total wait time, 3 streets in the intersection, 6 shuffles
Street 3954: 30 total wait time, 4 streets in the intersection, 24 shuffles
Street 22747: 30 total wait time, 2 streets in the intersection, 2 shuffles
Street 26376: 30 total wait time, 2 streets in the intersection, 2 shuffles
Street 32594: 30 total wait time, 3 streets in the intersection, 6 shuffles
Street 11139: 30 total wait time, 2 streets in the intersection, 2 shuffles
Street 6324: 29 total wait time, 3 streets in the intersection, 6 shuffles
Street 5506: 29 total wait time, 4 streets in the intersection, 24 shuffles
Street 28160: 29 total wait time, 3 streets in the intersection, 6 shuffles
Street 24707: 29 total wait time, 3 streets in the intersection, 6 shuffles
Street 23802: 28 total wait time, 3 streets in the intersection, 6 shuffles
Street 11428: 28 total wait time, 3 streets in the intersection, 6 shuffles
Street 31788: 28 total wait time, 3 streets in the intersection, 6 shuffles
Street 21350: 28 total wait time, 3 streets in the intersection, 6 shuffles
Street 5430: 28 total wait time, 4 streets in the intersection, 24 shuffles
Street 21321: 28 total wait time, 4 streets in the intersection, 24 shuffles
  => New best score by adding 2 to street 21321: 1309488 ***
Round 2, current score: 1309488
Street 22929: 71 total wait time, 3 streets in the intersection, 6 shuffles
  => New best score by adding 0 to street 22929: 1309490 ***
  => New best score by adding 1 to street 22929: 1309492 ***
  => New best score by adding 2 to street 22929: 1309494 ***
  => New best score by adding 2 to street 22929: 1309500 ***
Street 28407: 49 total wait time, 3 streets in the intersection, 6 shuffles
Street 31979: 49 total wait time, 2 streets in the intersection, 2 shuffles
Street 1216: 48 total wait time, 3 streets in the intersection, 6 shuffles
  => New best score by adding 0 to street 1216: 1309514 ***
  => New best score by adding 2 to street 1216: 1309546 ***
Round 3, current score: 1309546
Street 22929: 71 total wait time, 3 streets in the intersection, 6 shuffles
  => New best score by adding 0 to street 22929: 1309556 ***
Street 28407: 49 total wait time, 3 streets in the intersection, 6 shuffles
Street 22968: 46 total wait time, 2 streets in the intersection, 2 shuffles
Street 13864: 46 total wait time, 2 streets in the intersection, 2 shuffles
Street 12668: 45 total wait time, 3 streets in the intersection, 6 shuffles
Street 7757: 44 total wait time, 4 streets in the intersection, 24 shuffles
  => New best score by adding 0 to street 7757: 1309572 ***
Street 23622: 44 total wait time, 3 streets in the intersection, 6 shuffles
Street 5584: 43 total wait time, 2 streets in the intersection, 2 shuffles
Street 7619: 43 total wait time, 4 streets in the intersection, 24 shuffles
Street 20695: 42 total wait time, 3 streets in the intersection, 6 shuffles
Street 32620: 40 total wait time, 3 streets in the intersection, 6 shuffles
Street 24427: 38 total wait time, 4 streets in the intersection, 24 shuffles
Street 33361: 38 total wait time, 4 streets in the intersection, 24 shuffles
Street 28877: 38 total wait time, 3 streets in the intersection, 6 shuffles
Street 24650: 38 total wait time, 2 streets in the intersection, 2 shuffles
Street 88: 38 total wait time, 4 streets in the intersection, 24 shuffles
Street 27997: 37 total wait time, 2 streets in the intersection, 2 shuffles
  => New best score by adding 0 to street 27997: 1309581 ***
Street 33029: 36 total wait time, 2 streets in the intersection, 2 shuffles
Street 1355: 36 total wait time, 3 streets in the intersection, 6 shuffles
Street 6373: 36 total wait time, 2 streets in the intersection, 2 shuffles
Street 32470: 35 total wait time, 3 streets in the intersection, 6 shuffles
Street 19740: 35 total wait time, 2 streets in the intersection, 2 shuffles
Street 1204: 34 total wait time, 3 streets in the intersection, 6 shuffles
Street 29441: 34 total wait time, 4 streets in the intersection, 24 shuffles
Street 13530: 33 total wait time, 2 streets in the intersection, 2 shuffles
Street 30416: 33 total wait time, 2 streets in the intersection, 2 shuffles
Street 233: 32 total wait time, 4 streets in the intersection, 24 shuffles
Street 20915: 32 total wait time, 3 streets in the intersection, 6 shuffles
Street 24585: 32 total wait time, 2 streets in the intersection, 2 shuffles
Street 16882: 32 total wait time, 3 streets in the intersection, 6 shuffles
Street 19220: 31 total wait time, 3 streets in the intersection, 6 shuffles
Street 15640: 31 total wait time, 2 streets in the intersection, 2 shuffles
Street 26376: 30 total wait time, 2 streets in the intersection, 2 shuffles
Street 3954: 30 total wait time, 4 streets in the intersection, 24 shuffles
Street 11139: 30 total wait time, 2 streets in the intersection, 2 shuffles
Street 32594: 30 total wait time, 3 streets in the intersection, 6 shuffles
Street 22747: 30 total wait time, 2 streets in the intersection, 2 shuffles
Street 5506: 29 total wait time, 4 streets in the intersection, 24 shuffles
Street 28160: 29 total wait time, 3 streets in the intersection, 6 shuffles
Street 24707: 29 total wait time, 3 streets in the intersection, 6 shuffles
Street 6324: 29 total wait time, 3 streets in the intersection, 6 shuffles
Street 31788: 28 total wait time, 3 streets in the intersection, 6 shuffles
Street 21350: 28 total wait time, 3 streets in the intersection, 6 shuffles
Street 5430: 28 total wait time, 4 streets in the intersection, 24 shuffles
Street 23802: 28 total wait time, 3 streets in the intersection, 6 shuffles
Street 11428: 28 total wait time, 3 streets in the intersection, 6 shuffles
Street 22078: 27 total wait time, 2 streets in the intersection, 2 shuffles
Street 813: 27 total wait time, 2 streets in the intersection, 2 shuffles
Street 7916: 27 total wait time, 2 streets in the intersection, 2 shuffles
Street 7105: 27 total wait time, 3 streets in the intersection, 6 shuffles
Round 4, current score: 1309581
Street 22929: 71 total wait time, 3 streets in the intersection, 6 shuffles
  => New best score by adding 0 to street 22929: 1309589 ***
Street 28407: 49 total wait time, 3 streets in the intersection, 6 shuffles
Street 22968: 46 total wait time, 2 streets in the intersection, 2 shuffles
Street 13864: 46 total wait time, 2 streets in the intersection, 2 shuffles
Street 12668: 45 total wait time, 3 streets in the intersection, 6 shuffles
Street 7757: 44 total wait time, 4 streets in the intersection, 24 shuffles
  => New best score by adding 2 to street 7757: 1309595 ***
  => New best score by adding 2 to street 7757: 1309597 ***
Street 23622: 44 total wait time, 3 streets in the intersection, 6 shuffles
Street 5584: 43 total wait time, 2 streets in the intersection, 2 shuffles
Street 7619: 43 total wait time, 4 streets in the intersection, 24 shuffles
Street 20695: 42 total wait time, 3 streets in the intersection, 6 shuffles
Street 32620: 40 total wait time, 3 streets in the intersection, 6 shuffles
Street 24650: 38 total wait time, 2 streets in the intersection, 2 shuffles
Street 33361: 38 total wait time, 4 streets in the intersection, 24 shuffles
Street 28877: 38 total wait time, 3 streets in the intersection, 6 shuffles
Street 24427: 38 total wait time, 4 streets in the intersection, 24 shuffles
Street 1355: 36 total wait time, 3 streets in the intersection, 6 shuffles
Street 88: 36 total wait time, 4 streets in the intersection, 24 shuffles
Street 6373: 36 total wait time, 2 streets in the intersection, 2 shuffles
Street 19740: 35 total wait time, 2 streets in the intersection, 2 shuffles
Street 32470: 34 total wait time, 3 streets in the intersection, 6 shuffles
Street 1204: 34 total wait time, 3 streets in the intersection, 6 shuffles
Street 29441: 34 total wait time, 4 streets in the intersection, 24 shuffles
Street 30416: 33 total wait time, 2 streets in the intersection, 2 shuffles
Street 13530: 33 total wait time, 2 streets in the intersection, 2 shuffles
Street 20915: 32 total wait time, 3 streets in the intersection, 6 shuffles
Street 233: 32 total wait time, 4 streets in the intersection, 24 shuffles
Street 24585: 32 total wait time, 2 streets in the intersection, 2 shuffles
Street 15640: 31 total wait time, 2 streets in the intersection, 2 shuffles
Street 16882: 31 total wait time, 3 streets in the intersection, 6 shuffles
Street 19220: 31 total wait time, 3 streets in the intersection, 6 shuffles
  => New best score by adding 1 to street 19220: 1309616 ***
Street 33029: 30 total wait time, 2 streets in the intersection, 2 shuffles
Street 839: 30 total wait time, 3 streets in the intersection, 6 shuffles
Street 26376: 30 total wait time, 2 streets in the intersection, 2 shuffles
Street 32594: 30 total wait time, 3 streets in the intersection, 6 shuffles
Street 22747: 30 total wait time, 2 streets in the intersection, 2 shuffles
Street 3954: 30 total wait time, 4 streets in the intersection, 24 shuffles
Street 11139: 30 total wait time, 2 streets in the intersection, 2 shuffles
Street 28160: 29 total wait time, 3 streets in the intersection, 6 shuffles
Street 24707: 29 total wait time, 3 streets in the intersection, 6 shuffles
Street 5506: 29 total wait time, 4 streets in the intersection, 24 shuffles
Street 6324: 29 total wait time, 3 streets in the intersection, 6 shuffles
Street 11428: 28 total wait time, 3 streets in the intersection, 6 shuffles
Street 21350: 28 total wait time, 3 streets in the intersection, 6 shuffles
Street 31788: 28 total wait time, 3 streets in the intersection, 6 shuffles
Street 5430: 28 total wait time, 4 streets in the intersection, 24 shuffles
Street 3645: 27 total wait time, 3 streets in the intersection, 6 shuffles
Street 7105: 27 total wait time, 3 streets in the intersection, 6 shuffles
Street 813: 27 total wait time, 2 streets in the intersection, 2 shuffles
Street 7916: 27 total wait time, 2 streets in the intersection, 2 shuffles
Street 12854: 26 total wait time, 2 streets in the intersection, 2 shuffles
Round 5, current score: 1309616
Street 22929: 71 total wait time, 3 streets in the intersection, 6 shuffles
  => New best score by adding 1 to street 22929: 1309619 ***
  => New best score by adding 2 to street 22929: 1309621 ***
Street 28407: 49 total wait time, 3 streets in the intersection, 6 shuffles
Street 13864: 46 total wait time, 2 streets in the intersection, 2 shuffles
Street 22968: 46 total wait time, 2 streets in the intersection, 2 shuffles
Street 12668: 45 total wait time, 3 streets in the intersection, 6 shuffles
Street 7757: 44 total wait time, 4 streets in the intersection, 24 shuffles
  => New best score by adding 0 to street 7757: 1309646 ***
Street 7619: 43 total wait time, 4 streets in the intersection, 24 shuffles
Street 5584: 43 total wait time, 2 streets in the intersection, 2 shuffles
Street 20695: 42 total wait time, 3 streets in the intersection, 6 shuffles
Street 32620: 40 total wait time, 3 streets in the intersection, 6 shuffles
Street 24650: 38 total wait time, 2 streets in the intersection, 2 shuffles
Street 24427: 38 total wait time, 4 streets in the intersection, 24 shuffles
Street 28877: 38 total wait time, 3 streets in the intersection, 6 shuffles
Street 23622: 38 total wait time, 3 streets in the intersection, 6 shuffles
Street 88: 36 total wait time, 4 streets in the intersection, 24 shuffles
Street 1355: 36 total wait time, 3 streets in the intersection, 6 shuffles
Street 6373: 36 total wait time, 2 streets in the intersection, 2 shuffles
Street 19740: 35 total wait time, 2 streets in the intersection, 2 shuffles
Street 29441: 34 total wait time, 4 streets in the intersection, 24 shuffles
Street 1204: 34 total wait time, 3 streets in the intersection, 6 shuffles
Street 32470: 34 total wait time, 3 streets in the intersection, 6 shuffles
Street 30416: 33 total wait time, 2 streets in the intersection, 2 shuffles
Street 13530: 33 total wait time, 2 streets in the intersection, 2 shuffles
Street 233: 32 total wait time, 4 streets in the intersection, 24 shuffles
Street 20915: 32 total wait time, 3 streets in the intersection, 6 shuffles
Street 24585: 32 total wait time, 2 streets in the intersection, 2 shuffles
Street 16882: 31 total wait time, 3 streets in the intersection, 6 shuffles
Street 15640: 31 total wait time, 2 streets in the intersection, 2 shuffles
Street 5506: 31 total wait time, 4 streets in the intersection, 24 shuffles
Street 839: 30 total wait time, 3 streets in the intersection, 6 shuffles
Street 32594: 30 total wait time, 3 streets in the intersection, 6 shuffles
Street 22747: 30 total wait time, 2 streets in the intersection, 2 shuffles
Street 11139: 30 total wait time, 2 streets in the intersection, 2 shuffles
Street 33029: 30 total wait time, 2 streets in the intersection, 2 shuffles
Street 26376: 30 total wait time, 2 streets in the intersection, 2 shuffles
Street 6324: 29 total wait time, 3 streets in the intersection, 6 shuffles
Street 28160: 29 total wait time, 3 streets in the intersection, 6 shuffles
Street 33361: 28 total wait time, 4 streets in the intersection, 24 shuffles
Street 31788: 28 total wait time, 3 streets in the intersection, 6 shuffles
Street 21350: 28 total wait time, 3 streets in the intersection, 6 shuffles
Street 5430: 28 total wait time, 4 streets in the intersection, 24 shuffles
Street 11428: 28 total wait time, 3 streets in the intersection, 6 shuffles
Street 7916: 27 total wait time, 2 streets in the intersection, 2 shuffles
Street 7105: 27 total wait time, 3 streets in the intersection, 6 shuffles
Street 3645: 27 total wait time, 3 streets in the intersection, 6 shuffles
Street 813: 27 total wait time, 2 streets in the intersection, 2 shuffles
Street 12854: 26 total wait time, 2 streets in the intersection, 2 shuffles
Street 9445: 26 total wait time, 3 streets in the intersection, 6 shuffles
Street 1091: 26 total wait time, 2 streets in the intersection, 2 shuffles
Street 18241: 26 total wait time, 3 streets in the intersection, 6 shuffles
Round 6, current score: 1309646
Street 22929: 71 total wait time, 3 streets in the intersection, 6 shuffles
  => New best score by adding 0 to street 22929: 1309654 ***
  => New best score by adding 2 to street 22929: 1309658 ***
Street 28407: 49 total wait time, 3 streets in the intersection, 6 shuffles
Street 13864: 46 total wait time, 2 streets in the intersection, 2 shuffles
Street 22968: 46 total wait time, 2 streets in the intersection, 2 shuffles
Street 12668: 45 total wait time, 3 streets in the intersection, 6 shuffles
Street 5584: 43 total wait time, 2 streets in the intersection, 2 shuffles
Street 20695: 42 total wait time, 3 streets in the intersection, 6 shuffles
Street 32620: 40 total wait time, 3 streets in the intersection, 6 shuffles
Street 24427: 38 total wait time, 4 streets in the intersection, 24 shuffles
Street 28877: 38 total wait time, 3 streets in the intersection, 6 shuffles
Street 23622: 38 total wait time, 3 streets in the intersection, 6 shuffles
Street 24650: 38 total wait time, 2 streets in the intersection, 2 shuffles
Street 1355: 36 total wait time, 3 streets in the intersection, 6 shuffles
Street 6373: 36 total wait time, 2 streets in the intersection, 2 shuffles
Street 88: 36 total wait time, 4 streets in the intersection, 24 shuffles
Street 19740: 35 total wait time, 2 streets in the intersection, 2 shuffles
Street 29441: 34 total wait time, 4 streets in the intersection, 24 shuffles
Street 1204: 34 total wait time, 3 streets in the intersection, 6 shuffles
Street 32470: 34 total wait time, 3 streets in the intersection, 6 shuffles
Street 30416: 33 total wait time, 2 streets in the intersection, 2 shuffles
Street 13530: 33 total wait time, 2 streets in the intersection, 2 shuffles
Street 24585: 32 total wait time, 2 streets in the intersection, 2 shuffles
Street 26376: 32 total wait time, 2 streets in the intersection, 2 shuffles
Street 233: 32 total wait time, 4 streets in the intersection, 24 shuffles
Street 20915: 32 total wait time, 3 streets in the intersection, 6 shuffles
Street 15640: 31 total wait time, 2 streets in the intersection, 2 shuffles
Street 5506: 31 total wait time, 4 streets in the intersection, 24 shuffles
Street 16882: 31 total wait time, 3 streets in the intersection, 6 shuffles
Street 11139: 30 total wait time, 2 streets in the intersection, 2 shuffles
  => New best score by adding 1 to street 11139: 1309661 ***
Street 33029: 30 total wait time, 2 streets in the intersection, 2 shuffles
Street 22747: 30 total wait time, 2 streets in the intersection, 2 shuffles
Street 7619: 30 total wait time, 4 streets in the intersection, 24 shuffles
Street 839: 30 total wait time, 3 streets in the intersection, 6 shuffles
Street 32594: 30 total wait time, 3 streets in the intersection, 6 shuffles
Street 28160: 29 total wait time, 3 streets in the intersection, 6 shuffles
Street 5430: 28 total wait time, 4 streets in the intersection, 24 shuffles
Street 11428: 28 total wait time, 3 streets in the intersection, 6 shuffles
Street 33361: 28 total wait time, 4 streets in the intersection, 24 shuffles
Street 21350: 28 total wait time, 3 streets in the intersection, 6 shuffles
Street 31788: 28 total wait time, 3 streets in the intersection, 6 shuffles
Street 6324: 27 total wait time, 3 streets in the intersection, 6 shuffles
Street 813: 27 total wait time, 2 streets in the intersection, 2 shuffles
Street 7105: 27 total wait time, 3 streets in the intersection, 6 shuffles
Street 7916: 27 total wait time, 2 streets in the intersection, 2 shuffles
Street 3645: 27 total wait time, 3 streets in the intersection, 6 shuffles
  => New best score by adding 1 to street 3645: 1309664 ***
Street 7757: 26 total wait time, 4 streets in the intersection, 24 shuffles
Street 12854: 26 total wait time, 2 streets in the intersection, 2 shuffles
Street 18161: 26 total wait time, 2 streets in the intersection, 2 shuffles
Street 18241: 26 total wait time, 3 streets in the intersection, 6 shuffles
Street 1091: 26 total wait time, 2 streets in the intersection, 2 shuffles
Round 7, current score: 1309664
Street 28407: 49 total wait time, 3 streets in the intersection, 6 shuffles
Street 22968: 46 total wait time, 2 streets in the intersection, 2 shuffles
Street 13864: 46 total wait time, 2 streets in the intersection, 2 shuffles
Street 12668: 45 total wait time, 3 streets in the intersection, 6 shuffles
Street 5584: 43 total wait time, 2 streets in the intersection, 2 shuffles
Street 20695: 42 total wait time, 3 streets in the intersection, 6 shuffles
Street 32620: 40 total wait time, 3 streets in the intersection, 6 shuffles
Street 28877: 38 total wait time, 3 streets in the intersection, 6 shuffles
Street 24650: 38 total wait time, 2 streets in the intersection, 2 shuffles
Street 24427: 38 total wait time, 4 streets in the intersection, 24 shuffles
  => New best score by adding 2 to street 24427: 1309667 ***
Street 23622: 38 total wait time, 3 streets in the intersection, 6 shuffles
Street 22929: 36 total wait time, 3 streets in the intersection, 6 shuffles
Street 88: 36 total wait time, 4 streets in the intersection, 24 shuffles
Street 32470: 36 total wait time, 3 streets in the intersection, 6 shuffles
Street 6373: 36 total wait time, 2 streets in the intersection, 2 shuffles
Street 1355: 36 total wait time, 3 streets in the intersection, 6 shuffles
  => New best score by adding 0 to street 1355: 1309668 ***
Street 19740: 35 total wait time, 2 streets in the intersection, 2 shuffles
Street 29441: 34 total wait time, 4 streets in the intersection, 24 shuffles
  => New best score by adding 2 to street 29441: 1309673 ***
Street 1204: 34 total wait time, 3 streets in the intersection, 6 shuffles
Street 13530: 33 total wait time, 2 streets in the intersection, 2 shuffles
Street 30416: 33 total wait time, 2 streets in the intersection, 2 shuffles
Street 16882: 33 total wait time, 3 streets in the intersection, 6 shuffles
Street 233: 32 total wait time, 4 streets in the intersection, 24 shuffles
Street 24585: 32 total wait time, 2 streets in the intersection, 2 shuffles
Street 20915: 32 total wait time, 3 streets in the intersection, 6 shuffles
Street 26376: 32 total wait time, 2 streets in the intersection, 2 shuffles
Street 5506: 31 total wait time, 4 streets in the intersection, 24 shuffles
Street 15640: 31 total wait time, 2 streets in the intersection, 2 shuffles
Street 32594: 30 total wait time, 3 streets in the intersection, 6 shuffles
Street 839: 30 total wait time, 3 streets in the intersection, 6 shuffles
  => New best score by adding 0 to street 839: 1309703 ***
  => New best score by adding 1 to street 839: 1309723 ***
Round 8, current score: 1309723
Street 28407: 49 total wait time, 3 streets in the intersection, 6 shuffles
Street 22929: 49 total wait time, 3 streets in the intersection, 6 shuffles
Street 22968: 46 total wait time, 2 streets in the intersection, 2 shuffles
Street 13864: 46 total wait time, 2 streets in the intersection, 2 shuffles
Street 12668: 45 total wait time, 3 streets in the intersection, 6 shuffles
Street 5584: 43 total wait time, 2 streets in the intersection, 2 shuffles
Street 20695: 42 total wait time, 3 streets in the intersection, 6 shuffles
Street 32620: 40 total wait time, 3 streets in the intersection, 6 shuffles
Street 23622: 38 total wait time, 3 streets in the intersection, 6 shuffles
  => New best score by adding 1 to street 23622: 1309724 ***
Street 28877: 38 total wait time, 3 streets in the intersection, 6 shuffles
Street 24427: 38 total wait time, 4 streets in the intersection, 24 shuffles
  => New best score by adding 2 to street 24427: 1309726 ***
Street 24650: 38 total wait time, 2 streets in the intersection, 2 shuffles
Street 839: 37 total wait time, 3 streets in the intersection, 6 shuffles
Street 32470: 36 total wait time, 3 streets in the intersection, 6 shuffles
  => New best score by adding 0 to street 32470: 1309739 ***
Street 1355: 36 total wait time, 3 streets in the intersection, 6 shuffles
Street 6373: 36 total wait time, 2 streets in the intersection, 2 shuffles
Street 19740: 35 total wait time, 2 streets in the intersection, 2 shuffles
Street 1204: 34 total wait time, 3 streets in the intersection, 6 shuffles
Street 29441: 34 total wait time, 4 streets in the intersection, 24 shuffles
Street 16882: 33 total wait time, 3 streets in the intersection, 6 shuffles
Street 13530: 33 total wait time, 2 streets in the intersection, 2 shuffles
Street 30416: 33 total wait time, 2 streets in the intersection, 2 shuffles
Street 20915: 32 total wait time, 3 streets in the intersection, 6 shuffles
Street 26376: 32 total wait time, 2 streets in the intersection, 2 shuffles
Street 233: 32 total wait time, 4 streets in the intersection, 24 shuffles
Street 24585: 32 total wait time, 2 streets in the intersection, 2 shuffles
Street 5506: 31 total wait time, 4 streets in the intersection, 24 shuffles
Street 15640: 31 total wait time, 2 streets in the intersection, 2 shuffles
Street 7619: 30 total wait time, 4 streets in the intersection, 24 shuffles
Street 32594: 30 total wait time, 3 streets in the intersection, 6 shuffles
Street 22747: 30 total wait time, 2 streets in the intersection, 2 shuffles
Street 11139: 30 total wait time, 2 streets in the intersection, 2 shuffles
Street 28160: 29 total wait time, 3 streets in the intersection, 6 shuffles
Street 5430: 28 total wait time, 4 streets in the intersection, 24 shuffles
Street 31788: 28 total wait time, 3 streets in the intersection, 6 shuffles
Street 28917: 28 total wait time, 4 streets in the intersection, 24 shuffles
Street 11428: 28 total wait time, 3 streets in the intersection, 6 shuffles
Street 21350: 28 total wait time, 3 streets in the intersection, 6 shuffles
Street 33361: 28 total wait time, 4 streets in the intersection, 24 shuffles
Street 6324: 27 total wait time, 3 streets in the intersection, 6 shuffles
Street 7105: 27 total wait time, 3 streets in the intersection, 6 shuffles
Street 813: 27 total wait time, 2 streets in the intersection, 2 shuffles
Street 7916: 27 total wait time, 2 streets in the intersection, 2 shuffles
Street 9445: 26 total wait time, 3 streets in the intersection, 6 shuffles
Street 23802: 26 total wait time, 3 streets in the intersection, 6 shuffles
Street 1091: 26 total wait time, 2 streets in the intersection, 2 shuffles
Street 30137: 26 total wait time, 4 streets in the intersection, 24 shuffles
Street 7757: 26 total wait time, 4 streets in the intersection, 24 shuffles
Street 18241: 26 total wait time, 3 streets in the intersection, 6 shuffles
Street 31979: 26 total wait time, 2 streets in the intersection, 2 shuffles
Round 9, current score: 1309739
Street 28407: 49 total wait time, 3 streets in the intersection, 6 shuffles
Street 22929: 49 total wait time, 3 streets in the intersection, 6 shuffles
Street 13864: 46 total wait time, 2 streets in the intersection, 2 shuffles
Street 22968: 46 total wait time, 2 streets in the intersection, 2 shuffles
Street 12668: 45 total wait time, 3 streets in the intersection, 6 shuffles
Street 5584: 43 total wait time, 2 streets in the intersection, 2 shuffles
Street 20695: 42 total wait time, 3 streets in the intersection, 6 shuffles
Street 32620: 40 total wait time, 3 streets in the intersection, 6 shuffles
Street 24650: 38 total wait time, 2 streets in the intersection, 2 shuffles
Street 24427: 38 total wait time, 4 streets in the intersection, 24 shuffles
  => New best score by adding 2 to street 24427: 1309742 ***
Street 28877: 38 total wait time, 3 streets in the intersection, 6 shuffles
Street 23622: 38 total wait time, 3 streets in the intersection, 6 shuffles
Street 839: 37 total wait time, 3 streets in the intersection, 6 shuffles
Street 1355: 36 total wait time, 3 streets in the intersection, 6 shuffles
Street 6373: 36 total wait time, 2 streets in the intersection, 2 shuffles
Street 32470: 36 total wait time, 3 streets in the intersection, 6 shuffles
Street 19740: 35 total wait time, 2 streets in the intersection, 2 shuffles
Street 1204: 34 total wait time, 3 streets in the intersection, 6 shuffles
Street 29441: 34 total wait time, 4 streets in the intersection, 24 shuffles
  => New best score by adding 0 to street 29441: 1309745 ***
  => New best score by adding 2 to street 29441: 1309749 ***
Street 30416: 33 total wait time, 2 streets in the intersection, 2 shuffles
Street 16882: 33 total wait time, 3 streets in the intersection, 6 shuffles
Street 13530: 33 total wait time, 2 streets in the intersection, 2 shuffles
Street 24585: 32 total wait time, 2 streets in the intersection, 2 shuffles
Street 233: 32 total wait time, 4 streets in the intersection, 24 shuffles
Street 26376: 32 total wait time, 2 streets in the intersection, 2 shuffles
Street 20915: 32 total wait time, 3 streets in the intersection, 6 shuffles
Street 15640: 31 total wait time, 2 streets in the intersection, 2 shuffles
Street 5506: 31 total wait time, 4 streets in the intersection, 24 shuffles
Street 32594: 30 total wait time, 3 streets in the intersection, 6 shuffles
Street 22747: 30 total wait time, 2 streets in the intersection, 2 shuffles
Street 7619: 30 total wait time, 4 streets in the intersection, 24 shuffles
Street 11139: 30 total wait time, 2 streets in the intersection, 2 shuffles
  => New best score by adding 0 to street 11139: 1309754 ***
Street 28160: 29 total wait time, 3 streets in the intersection, 6 shuffles
Street 11428: 28 total wait time, 3 streets in the intersection, 6 shuffles
Street 28917: 28 total wait time, 4 streets in the intersection, 24 shuffles
Street 33361: 28 total wait time, 4 streets in the intersection, 24 shuffles
Street 31788: 28 total wait time, 3 streets in the intersection, 6 shuffles
Street 5430: 28 total wait time, 4 streets in the intersection, 24 shuffles
Street 21350: 28 total wait time, 3 streets in the intersection, 6 shuffles
Street 7916: 27 total wait time, 2 streets in the intersection, 2 shuffles
Street 813: 27 total wait time, 2 streets in the intersection, 2 shuffles
Street 7105: 27 total wait time, 3 streets in the intersection, 6 shuffles
Street 6324: 27 total wait time, 3 streets in the intersection, 6 shuffles
Street 30137: 26 total wait time, 4 streets in the intersection, 24 shuffles
Street 18161: 26 total wait time, 2 streets in the intersection, 2 shuffles
Street 23802: 26 total wait time, 3 streets in the intersection, 6 shuffles
Street 1091: 26 total wait time, 2 streets in the intersection, 2 shuffles
Street 18241: 26 total wait time, 3 streets in the intersection, 6 shuffles
Street 31979: 26 total wait time, 2 streets in the intersection, 2 shuffles
Street 9445: 26 total wait time, 3 streets in the intersection, 6 shuffles
Round 10, current score: 1309754
Street 22929: 49 total wait time, 3 streets in the intersection, 6 shuffles
Street 13864: 46 total wait time, 2 streets in the intersection, 2 shuffles
Street 22968: 46 total wait time, 2 streets in the intersection, 2 shuffles
Street 12668: 45 total wait time, 3 streets in the intersection, 6 shuffles
Street 5584: 43 total wait time, 2 streets in the intersection, 2 shuffles
Street 20695: 42 total wait time, 3 streets in the intersection, 6 shuffles
Street 32620: 40 total wait time, 3 streets in the intersection, 6 shuffles
Street 24427: 38 total wait time, 4 streets in the intersection, 24 shuffles
  => New best score by adding 0 to street 24427: 1309760 ***
Street 23622: 38 total wait time, 3 streets in the intersection, 6 shuffles
Street 24650: 38 total wait time, 2 streets in the intersection, 2 shuffles
Street 28877: 38 total wait time, 3 streets in the intersection, 6 shuffles
Street 839: 37 total wait time, 3 streets in the intersection, 6 shuffles
Street 1355: 36 total wait time, 3 streets in the intersection, 6 shuffles
Street 6373: 36 total wait time, 2 streets in the intersection, 2 shuffles
Street 19740: 35 total wait time, 2 streets in the intersection, 2 shuffles
Street 1204: 34 total wait time, 3 streets in the intersection, 6 shuffles
Street 32470: 34 total wait time, 3 streets in the intersection, 6 shuffles
Street 29441: 34 total wait time, 4 streets in the intersection, 24 shuffles
  => New best score by adding 2 to street 29441: 1309764 ***
Street 13530: 33 total wait time, 2 streets in the intersection, 2 shuffles
Street 16882: 33 total wait time, 3 streets in the intersection, 6 shuffles
Street 30416: 33 total wait time, 2 streets in the intersection, 2 shuffles
Street 24585: 32 total wait time, 2 streets in the intersection, 2 shuffles
Street 20915: 32 total wait time, 3 streets in the intersection, 6 shuffles
Street 26376: 32 total wait time, 2 streets in the intersection, 2 shuffles
Street 233: 32 total wait time, 4 streets in the intersection, 24 shuffles
Street 5506: 31 total wait time, 4 streets in the intersection, 24 shuffles
Street 15640: 31 total wait time, 2 streets in the intersection, 2 shuffles
Street 22747: 30 total wait time, 2 streets in the intersection, 2 shuffles
Street 7619: 30 total wait time, 4 streets in the intersection, 24 shuffles
Street 32594: 30 total wait time, 3 streets in the intersection, 6 shuffles
Street 28160: 29 total wait time, 3 streets in the intersection, 6 shuffles
Street 5430: 28 total wait time, 4 streets in the intersection, 24 shuffles
Street 21350: 28 total wait time, 3 streets in the intersection, 6 shuffles
Street 11428: 28 total wait time, 3 streets in the intersection, 6 shuffles
Street 33361: 28 total wait time, 4 streets in the intersection, 24 shuffles
Street 30137: 28 total wait time, 4 streets in the intersection, 24 shuffles
Street 31788: 28 total wait time, 3 streets in the intersection, 6 shuffles
  => New best score by adding 2 to street 31788: 1309765 ***
Street 28917: 28 total wait time, 4 streets in the intersection, 24 shuffles
Street 6324: 27 total wait time, 3 streets in the intersection, 6 shuffles
Street 813: 27 total wait time, 2 streets in the intersection, 2 shuffles
Street 33479: 27 total wait time, 3 streets in the intersection, 6 shuffles
Street 7916: 27 total wait time, 2 streets in the intersection, 2 shuffles
Street 7105: 27 total wait time, 3 streets in the intersection, 6 shuffles
Street 23802: 26 total wait time, 3 streets in the intersection, 6 shuffles
Street 7757: 26 total wait time, 4 streets in the intersection, 24 shuffles
Street 9445: 26 total wait time, 3 streets in the intersection, 6 shuffles
  => New best score by adding 0 to street 9445: 1309766 ***
Street 18161: 26 total wait time, 2 streets in the intersection, 2 shuffles
Street 12854: 26 total wait time, 2 streets in the intersection, 2 shuffles
Street 18241: 26 total wait time, 3 streets in the intersection, 6 shuffles
Street 31979: 26 total wait time, 2 streets in the intersection, 2 shuffles
Round 11, current score: 1309766
Street 22929: 49 total wait time, 3 streets in the intersection, 6 shuffles
Street 13864: 46 total wait time, 2 streets in the intersection, 2 shuffles
Street 22968: 46 total wait time, 2 streets in the intersection, 2 shuffles
Street 12668: 45 total wait time, 3 streets in the intersection, 6 shuffles
Street 5584: 43 total wait time, 2 streets in the intersection, 2 shuffles
Street 20695: 42 total wait time, 3 streets in the intersection, 6 shuffles
Street 32620: 40 total wait time, 3 streets in the intersection, 6 shuffles
Street 28877: 38 total wait time, 3 streets in the intersection, 6 shuffles
Street 23622: 38 total wait time, 3 streets in the intersection, 6 shuffles
  => New best score by adding 1 to street 23622: 1309767 ***
Street 24427: 38 total wait time, 4 streets in the intersection, 24 shuffles
Street 24650: 38 total wait time, 2 streets in the intersection, 2 shuffles
Street 6373: 36 total wait time, 2 streets in the intersection, 2 shuffles
Street 1355: 36 total wait time, 3 streets in the intersection, 6 shuffles
  => New best score by adding 0 to street 1355: 1309770 ***
Street 19740: 35 total wait time, 2 streets in the intersection, 2 shuffles
Street 839: 35 total wait time, 3 streets in the intersection, 6 shuffles
Street 32470: 34 total wait time, 3 streets in the intersection, 6 shuffles
Street 1204: 34 total wait time, 3 streets in the intersection, 6 shuffles
Street 29441: 34 total wait time, 4 streets in the intersection, 24 shuffles
  => New best score by adding 0 to street 29441: 1309772 ***
  => New best score by adding 2 to street 29441: 1309776 ***
  => New best score by adding 2 to street 29441: 1309777 ***
Round 12, current score: 1309777
Street 22929: 49 total wait time, 3 streets in the intersection, 6 shuffles
Street 13864: 46 total wait time, 2 streets in the intersection, 2 shuffles
Street 22968: 46 total wait time, 2 streets in the intersection, 2 shuffles
  => New best score by adding 1 to street 22968: 1309778 ***
Street 12668: 45 total wait time, 3 streets in the intersection, 6 shuffles
Street 5584: 43 total wait time, 2 streets in the intersection, 2 shuffles
Street 20695: 42 total wait time, 3 streets in the intersection, 6 shuffles
Street 32620: 40 total wait time, 3 streets in the intersection, 6 shuffles
Street 24650: 38 total wait time, 2 streets in the intersection, 2 shuffles
Street 28877: 38 total wait time, 3 streets in the intersection, 6 shuffles
Street 24427: 38 total wait time, 4 streets in the intersection, 24 shuffles
Street 23622: 38 total wait time, 3 streets in the intersection, 6 shuffles
Street 6373: 36 total wait time, 2 streets in the intersection, 2 shuffles
Street 1355: 36 total wait time, 3 streets in the intersection, 6 shuffles
Street 19740: 35 total wait time, 2 streets in the intersection, 2 shuffles
Street 839: 35 total wait time, 3 streets in the intersection, 6 shuffles
Street 1204: 34 total wait time, 3 streets in the intersection, 6 shuffles
Street 32470: 34 total wait time, 3 streets in the intersection, 6 shuffles
Street 13530: 33 total wait time, 2 streets in the intersection, 2 shuffles
Street 30416: 33 total wait time, 2 streets in the intersection, 2 shuffles
  => New best score by adding 0 to street 30416: 1309782 ***
Street 16882: 33 total wait time, 3 streets in the intersection, 6 shuffles
Street 26376: 32 total wait time, 2 streets in the intersection, 2 shuffles
Street 7915: 32 total wait time, 4 streets in the intersection, 24 shuffles
Street 20915: 32 total wait time, 3 streets in the intersection, 6 shuffles
Street 233: 32 total wait time, 4 streets in the intersection, 24 shuffles
Street 24585: 32 total wait time, 2 streets in the intersection, 2 shuffles
Street 15640: 31 total wait time, 2 streets in the intersection, 2 shuffles
Street 5506: 31 total wait time, 4 streets in the intersection, 24 shuffles
  => New best score by adding 2 to street 5506: 1309786 ***
Street 7619: 30 total wait time, 4 streets in the intersection, 24 shuffles
Street 22747: 30 total wait time, 2 streets in the intersection, 2 shuffles
Street 32594: 30 total wait time, 3 streets in the intersection, 6 shuffles
Street 28160: 29 total wait time, 3 streets in the intersection, 6 shuffles
Street 31788: 28 total wait time, 3 streets in the intersection, 6 shuffles
  => New best score by adding 2 to street 31788: 1309788 ***
Street 5430: 28 total wait time, 4 streets in the intersection, 24 shuffles
Street 28917: 28 total wait time, 4 streets in the intersection, 24 shuffles
Street 33361: 28 total wait time, 4 streets in the intersection, 24 shuffles
Street 11428: 28 total wait time, 3 streets in the intersection, 6 shuffles
Street 21350: 28 total wait time, 3 streets in the intersection, 6 shuffles
Street 30137: 28 total wait time, 4 streets in the intersection, 24 shuffles
Street 31979: 27 total wait time, 2 streets in the intersection, 2 shuffles
Street 7916: 27 total wait time, 2 streets in the intersection, 2 shuffles
Street 6324: 27 total wait time, 3 streets in the intersection, 6 shuffles
Street 7105: 27 total wait time, 3 streets in the intersection, 6 shuffles
Street 33479: 27 total wait time, 3 streets in the intersection, 6 shuffles
Street 23802: 26 total wait time, 3 streets in the intersection, 6 shuffles
Street 12854: 26 total wait time, 2 streets in the intersection, 2 shuffles
Street 7757: 26 total wait time, 4 streets in the intersection, 24 shuffles
Street 18161: 26 total wait time, 2 streets in the intersection, 2 shuffles
Street 1091: 26 total wait time, 2 streets in the intersection, 2 shuffles
Street 18241: 26 total wait time, 3 streets in the intersection, 6 shuffles
Street 22078: 25 total wait time, 2 streets in the intersection, 2 shuffles
Round 13, current score: 1309788
Street 22929: 49 total wait time, 3 streets in the intersection, 6 shuffles
Street 13864: 46 total wait time, 2 streets in the intersection, 2 shuffles
Street 22968: 46 total wait time, 2 streets in the intersection, 2 shuffles
Street 12668: 45 total wait time, 3 streets in the intersection, 6 shuffles
Street 5584: 43 total wait time, 2 streets in the intersection, 2 shuffles
Street 20695: 42 total wait time, 3 streets in the intersection, 6 shuffles
Street 32620: 40 total wait time, 3 streets in the intersection, 6 shuffles
Street 23622: 39 total wait time, 3 streets in the intersection, 6 shuffles
  => New best score by adding 1 to street 23622: 1309789 ***
Street 24427: 38 total wait time, 4 streets in the intersection, 24 shuffles
Street 28877: 38 total wait time, 3 streets in the intersection, 6 shuffles
Street 24650: 38 total wait time, 2 streets in the intersection, 2 shuffles
Street 6373: 36 total wait time, 2 streets in the intersection, 2 shuffles
Street 1355: 36 total wait time, 3 streets in the intersection, 6 shuffles
Street 839: 35 total wait time, 3 streets in the intersection, 6 shuffles
Street 19740: 35 total wait time, 2 streets in the intersection, 2 shuffles
Street 1204: 34 total wait time, 3 streets in the intersection, 6 shuffles
Street 32470: 34 total wait time, 3 streets in the intersection, 6 shuffles
Street 16882: 33 total wait time, 3 streets in the intersection, 6 shuffles
Street 13530: 33 total wait time, 2 streets in the intersection, 2 shuffles
Street 30416: 33 total wait time, 2 streets in the intersection, 2 shuffles
  => New best score by adding 0 to street 30416: 1309793 ***
Street 20915: 32 total wait time, 3 streets in the intersection, 6 shuffles
Street 233: 32 total wait time, 4 streets in the intersection, 24 shuffles
Street 7915: 32 total wait time, 4 streets in the intersection, 24 shuffles
Street 24585: 32 total wait time, 2 streets in the intersection, 2 shuffles
Street 26376: 32 total wait time, 2 streets in the intersection, 2 shuffles
Street 15640: 31 total wait time, 2 streets in the intersection, 2 shuffles
Street 5506: 31 total wait time, 4 streets in the intersection, 24 shuffles
  => New best score by adding 2 to street 5506: 1309797 ***
Street 7619: 30 total wait time, 4 streets in the intersection, 24 shuffles
Street 32594: 30 total wait time, 3 streets in the intersection, 6 shuffles
Street 22747: 30 total wait time, 2 streets in the intersection, 2 shuffles
Street 28160: 29 total wait time, 3 streets in the intersection, 6 shuffles
Street 5430: 28 total wait time, 4 streets in the intersection, 24 shuffles
Street 30137: 28 total wait time, 4 streets in the intersection, 24 shuffles
Street 11428: 28 total wait time, 3 streets in the intersection, 6 shuffles
Street 28917: 28 total wait time, 4 streets in the intersection, 24 shuffles
Street 21350: 28 total wait time, 3 streets in the intersection, 6 shuffles
Street 33479: 27 total wait time, 3 streets in the intersection, 6 shuffles
Street 7916: 27 total wait time, 2 streets in the intersection, 2 shuffles
Street 31979: 27 total wait time, 2 streets in the intersection, 2 shuffles
Street 7105: 27 total wait time, 3 streets in the intersection, 6 shuffles
Street 6324: 27 total wait time, 3 streets in the intersection, 6 shuffles
Street 1091: 26 total wait time, 2 streets in the intersection, 2 shuffles
Street 23802: 26 total wait time, 3 streets in the intersection, 6 shuffles
Street 18241: 26 total wait time, 3 streets in the intersection, 6 shuffles
Street 12854: 26 total wait time, 2 streets in the intersection, 2 shuffles
Street 7757: 26 total wait time, 4 streets in the intersection, 24 shuffles
Street 18161: 26 total wait time, 2 streets in the intersection, 2 shuffles
Street 2417: 25 total wait time, 2 streets in the intersection, 2 shuffles
  => New best score by adding 1 to street 2417: 1309798 ***
Street 22078: 25 total wait time, 2 streets in the intersection, 2 shuffles
Street 25364: 25 total wait time, 2 streets in the intersection, 2 shuffles
Round 14, current score: 1309798
Street 22929: 49 total wait time, 3 streets in the intersection, 6 shuffles
Street 13864: 46 total wait time, 2 streets in the intersection, 2 shuffles
Street 22968: 46 total wait time, 2 streets in the intersection, 2 shuffles
  => New best score by adding 1 to street 22968: 1309799 ***
Street 12668: 45 total wait time, 3 streets in the intersection, 6 shuffles
Street 5584: 43 total wait time, 2 streets in the intersection, 2 shuffles
Street 20695: 42 total wait time, 3 streets in the intersection, 6 shuffles
Street 32620: 40 total wait time, 3 streets in the intersection, 6 shuffles
Street 23622: 39 total wait time, 3 streets in the intersection, 6 shuffles
Street 24650: 38 total wait time, 2 streets in the intersection, 2 shuffles
Street 24427: 38 total wait time, 4 streets in the intersection, 24 shuffles
Street 28877: 38 total wait time, 3 streets in the intersection, 6 shuffles
Street 6373: 36 total wait time, 2 streets in the intersection, 2 shuffles
Street 1355: 36 total wait time, 3 streets in the intersection, 6 shuffles
Street 839: 35 total wait time, 3 streets in the intersection, 6 shuffles
Street 19740: 35 total wait time, 2 streets in the intersection, 2 shuffles
Street 32470: 34 total wait time, 3 streets in the intersection, 6 shuffles
Street 1204: 34 total wait time, 3 streets in the intersection, 6 shuffles
Street 13530: 33 total wait time, 2 streets in the intersection, 2 shuffles
Street 16882: 33 total wait time, 3 streets in the intersection, 6 shuffles
Street 30416: 33 total wait time, 2 streets in the intersection, 2 shuffles
  => New best score by adding 0 to street 30416: 1309803 ***
Street 7915: 32 total wait time, 4 streets in the intersection, 24 shuffles
Street 233: 32 total wait time, 4 streets in the intersection, 24 shuffles
Street 24585: 32 total wait time, 2 streets in the intersection, 2 shuffles
Street 26376: 32 total wait time, 2 streets in the intersection, 2 shuffles
Street 20915: 32 total wait time, 3 streets in the intersection, 6 shuffles
Street 5506: 31 total wait time, 4 streets in the intersection, 24 shuffles
  => New best score by adding 2 to street 5506: 1309807 ***
Street 15640: 31 total wait time, 2 streets in the intersection, 2 shuffles
Street 32594: 30 total wait time, 3 streets in the intersection, 6 shuffles
Street 22747: 30 total wait time, 2 streets in the intersection, 2 shuffles
Street 30137: 30 total wait time, 4 streets in the intersection, 24 shuffles
Street 7619: 30 total wait time, 4 streets in the intersection, 24 shuffles
Street 28160: 29 total wait time, 3 streets in the intersection, 6 shuffles
Street 5430: 28 total wait time, 4 streets in the intersection, 24 shuffles
Street 11428: 28 total wait time, 3 streets in the intersection, 6 shuffles
Street 28917: 28 total wait time, 4 streets in the intersection, 24 shuffles
Street 21350: 28 total wait time, 3 streets in the intersection, 6 shuffles
Street 31979: 27 total wait time, 2 streets in the intersection, 2 shuffles
Street 6324: 27 total wait time, 3 streets in the intersection, 6 shuffles
Street 7105: 27 total wait time, 3 streets in the intersection, 6 shuffles
Street 7916: 27 total wait time, 2 streets in the intersection, 2 shuffles
Street 1091: 26 total wait time, 2 streets in the intersection, 2 shuffles
Street 18161: 26 total wait time, 2 streets in the intersection, 2 shuffles
Street 9884: 26 total wait time, 3 streets in the intersection, 6 shuffles
  => New best score by adding 1 to street 9884: 1309808 ***
  => New best score by adding 1 to street 9884: 1309816 ***
Round 15, current score: 1309816
Street 22929: 47 total wait time, 3 streets in the intersection, 6 shuffles
Street 13864: 46 total wait time, 2 streets in the intersection, 2 shuffles
Street 22968: 46 total wait time, 2 streets in the intersection, 2 shuffles
Street 12668: 45 total wait time, 3 streets in the intersection, 6 shuffles
Street 5584: 43 total wait time, 2 streets in the intersection, 2 shuffles
Street 20695: 42 total wait time, 3 streets in the intersection, 6 shuffles
Street 32620: 40 total wait time, 3 streets in the intersection, 6 shuffles
Street 23622: 39 total wait time, 3 streets in the intersection, 6 shuffles
Street 28877: 38 total wait time, 3 streets in the intersection, 6 shuffles
Street 24427: 38 total wait time, 4 streets in the intersection, 24 shuffles
Street 24650: 38 total wait time, 2 streets in the intersection, 2 shuffles
Street 1355: 36 total wait time, 3 streets in the intersection, 6 shuffles
Street 6373: 36 total wait time, 2 streets in the intersection, 2 shuffles
Street 19740: 35 total wait time, 2 streets in the intersection, 2 shuffles
  => New best score by adding 2 to street 19740: 1309817 ***
Street 32470: 34 total wait time, 3 streets in the intersection, 6 shuffles
Street 1204: 34 total wait time, 3 streets in the intersection, 6 shuffles
Street 13530: 33 total wait time, 2 streets in the intersection, 2 shuffles
Street 27112: 33 total wait time, 4 streets in the intersection, 24 shuffles
  => New best score by adding 0 to street 27112: 1309826 ***
Street 839: 33 total wait time, 3 streets in the intersection, 6 shuffles
Street 16882: 33 total wait time, 3 streets in the intersection, 6 shuffles
Street 30416: 33 total wait time, 2 streets in the intersection, 2 shuffles
Street 20915: 32 total wait time, 3 streets in the intersection, 6 shuffles
Street 26376: 32 total wait time, 2 streets in the intersection, 2 shuffles
Street 233: 32 total wait time, 4 streets in the intersection, 24 shuffles
Street 24585: 32 total wait time, 2 streets in the intersection, 2 shuffles
Street 7915: 32 total wait time, 4 streets in the intersection, 24 shuffles
Street 15640: 31 total wait time, 2 streets in the intersection, 2 shuffles
Street 5506: 31 total wait time, 4 streets in the intersection, 24 shuffles
Street 30137: 30 total wait time, 4 streets in the intersection, 24 shuffles
Street 22747: 30 total wait time, 2 streets in the intersection, 2 shuffles
Street 7619: 30 total wait time, 4 streets in the intersection, 24 shuffles
Street 32594: 30 total wait time, 3 streets in the intersection, 6 shuffles
Street 28160: 29 total wait time, 3 streets in the intersection, 6 shuffles
Street 21350: 28 total wait time, 3 streets in the intersection, 6 shuffles
Street 28917: 28 total wait time, 4 streets in the intersection, 24 shuffles
  => New best score by adding 0 to street 28917: 1309832 ***
Street 5430: 28 total wait time, 4 streets in the intersection, 24 shuffles
Street 11428: 28 total wait time, 3 streets in the intersection, 6 shuffles
Street 6324: 27 total wait time, 3 streets in the intersection, 6 shuffles
Street 31979: 27 total wait time, 2 streets in the intersection, 2 shuffles
Street 7916: 27 total wait time, 2 streets in the intersection, 2 shuffles
Street 7105: 27 total wait time, 3 streets in the intersection, 6 shuffles
Street 7757: 26 total wait time, 4 streets in the intersection, 24 shuffles
Street 12854: 26 total wait time, 2 streets in the intersection, 2 shuffles
Street 18161: 26 total wait time, 2 streets in the intersection, 2 shuffles
Street 1091: 26 total wait time, 2 streets in the intersection, 2 shuffles
Street 18241: 26 total wait time, 3 streets in the intersection, 6 shuffles
Street 7684: 25 total wait time, 2 streets in the intersection, 2 shuffles
Street 25364: 25 total wait time, 2 streets in the intersection, 2 shuffles
Street 22078: 25 total wait time, 2 streets in the intersection, 2 shuffles
Street 22444: 25 total wait time, 2 streets in the intersection, 2 shuffles
Round 16, current score: 1309832
Street 28917: 50 total wait time, 4 streets in the intersection, 24 shuffles
Street 22929: 47 total wait time, 3 streets in the intersection, 6 shuffles
Street 22968: 46 total wait time, 2 streets in the intersection, 2 shuffles
Street 13864: 46 total wait time, 2 streets in the intersection, 2 shuffles
Street 12668: 45 total wait time, 3 streets in the intersection, 6 shuffles
Street 5584: 43 total wait time, 2 streets in the intersection, 2 shuffles
Street 20695: 42 total wait time, 3 streets in the intersection, 6 shuffles
Street 32620: 40 total wait time, 3 streets in the intersection, 6 shuffles
Street 23622: 39 total wait time, 3 streets in the intersection, 6 shuffles
  => New best score by adding 1 to street 23622: 1309833 ***
Street 28877: 38 total wait time, 3 streets in the intersection, 6 shuffles
Street 24427: 38 total wait time, 4 streets in the intersection, 24 shuffles
Street 24650: 38 total wait time, 2 streets in the intersection, 2 shuffles
Street 6373: 36 total wait time, 2 streets in the intersection, 2 shuffles
Street 1355: 36 total wait time, 3 streets in the intersection, 6 shuffles
Street 32470: 36 total wait time, 3 streets in the intersection, 6 shuffles
Street 19740: 35 total wait time, 2 streets in the intersection, 2 shuffles
Street 1204: 34 total wait time, 3 streets in the intersection, 6 shuffles
Street 839: 33 total wait time, 3 streets in the intersection, 6 shuffles
Street 13530: 33 total wait time, 2 streets in the intersection, 2 shuffles
Street 16882: 33 total wait time, 3 streets in the intersection, 6 shuffles
Street 30416: 33 total wait time, 2 streets in the intersection, 2 shuffles
  => New best score by adding 1 to street 30416: 1309836 ***
  => New best score by adding 2 to street 30416: 1309837 ***
Street 20915: 32 total wait time, 3 streets in the intersection, 6 shuffles
Street 24585: 32 total wait time, 2 streets in the intersection, 2 shuffles
Street 7915: 32 total wait time, 4 streets in the intersection, 24 shuffles
Street 26376: 32 total wait time, 2 streets in the intersection, 2 shuffles
Street 233: 32 total wait time, 4 streets in the intersection, 24 shuffles
Street 15640: 31 total wait time, 2 streets in the intersection, 2 shuffles
Street 5506: 31 total wait time, 4 streets in the intersection, 24 shuffles
  => New best score by adding 2 to street 5506: 1309841 ***
Street 30137: 30 total wait time, 4 streets in the intersection, 24 shuffles
Street 7619: 30 total wait time, 4 streets in the intersection, 24 shuffles
Street 22747: 30 total wait time, 2 streets in the intersection, 2 shuffles
Street 32594: 30 total wait time, 3 streets in the intersection, 6 shuffles
Street 28160: 29 total wait time, 3 streets in the intersection, 6 shuffles
Street 11428: 28 total wait time, 3 streets in the intersection, 6 shuffles
Street 21350: 28 total wait time, 3 streets in the intersection, 6 shuffles
Street 5430: 28 total wait time, 4 streets in the intersection, 24 shuffles
Street 7916: 27 total wait time, 2 streets in the intersection, 2 shuffles
Street 7105: 27 total wait time, 3 streets in the intersection, 6 shuffles
Street 31979: 27 total wait time, 2 streets in the intersection, 2 shuffles
Street 6324: 27 total wait time, 3 streets in the intersection, 6 shuffles
Street 12854: 26 total wait time, 2 streets in the intersection, 2 shuffles
Street 1091: 26 total wait time, 2 streets in the intersection, 2 shuffles
Street 18241: 26 total wait time, 3 streets in the intersection, 6 shuffles
Street 7757: 26 total wait time, 4 streets in the intersection, 24 shuffles
Street 18161: 26 total wait time, 2 streets in the intersection, 2 shuffles
Street 26974: 25 total wait time, 2 streets in the intersection, 2 shuffles
Street 25364: 25 total wait time, 2 streets in the intersection, 2 shuffles
Street 22444: 25 total wait time, 2 streets in the intersection, 2 shuffles
Street 33479: 25 total wait time, 3 streets in the intersection, 6 shuffles
Street 25345: 25 total wait time, 2 streets in the intersection, 2 shuffles
Round 17, current score: 1309841
Street 28917: 50 total wait time, 4 streets in the intersection, 24 shuffles
Street 22929: 47 total wait time, 3 streets in the intersection, 6 shuffles
Street 13864: 46 total wait time, 2 streets in the intersection, 2 shuffles
Street 22968: 46 total wait time, 2 streets in the intersection, 2 shuffles
  => New best score by adding 1 to street 22968: 1309842 ***
Street 12668: 45 total wait time, 3 streets in the intersection, 6 shuffles
Street 5584: 43 total wait time, 2 streets in the intersection, 2 shuffles
Street 20695: 42 total wait time, 3 streets in the intersection, 6 shuffles
Street 32620: 40 total wait time, 3 streets in the intersection, 6 shuffles
Street 23622: 39 total wait time, 3 streets in the intersection, 6 shuffles
Street 24427: 38 total wait time, 4 streets in the intersection, 24 shuffles
Street 28877: 38 total wait time, 3 streets in the intersection, 6 shuffles
Street 24650: 38 total wait time, 2 streets in the intersection, 2 shuffles
Street 1355: 36 total wait time, 3 streets in the intersection, 6 shuffles
Street 32470: 36 total wait time, 3 streets in the intersection, 6 shuffles
Street 6373: 36 total wait time, 2 streets in the intersection, 2 shuffles
Street 19740: 35 total wait time, 2 streets in the intersection, 2 shuffles
Street 1204: 34 total wait time, 3 streets in the intersection, 6 shuffles
Street 839: 33 total wait time, 3 streets in the intersection, 6 shuffles
Street 16882: 33 total wait time, 3 streets in the intersection, 6 shuffles
Street 30416: 33 total wait time, 2 streets in the intersection, 2 shuffles
  => New best score by adding 0 to street 30416: 1309846 ***
Street 13530: 33 total wait time, 2 streets in the intersection, 2 shuffles
Street 24585: 32 total wait time, 2 streets in the intersection, 2 shuffles
Street 7915: 32 total wait time, 4 streets in the intersection, 24 shuffles
Street 26376: 32 total wait time, 2 streets in the intersection, 2 shuffles
Street 20915: 32 total wait time, 3 streets in the intersection, 6 shuffles
Street 233: 32 total wait time, 4 streets in the intersection, 24 shuffles
Street 15640: 31 total wait time, 2 streets in the intersection, 2 shuffles
Street 30137: 30 total wait time, 4 streets in the intersection, 24 shuffles
Street 22747: 30 total wait time, 2 streets in the intersection, 2 shuffles
Street 32594: 30 total wait time, 3 streets in the intersection, 6 shuffles
Street 7619: 30 total wait time, 4 streets in the intersection, 24 shuffles
Street 28160: 29 total wait time, 3 streets in the intersection, 6 shuffles
Street 11428: 28 total wait time, 3 streets in the intersection, 6 shuffles
Street 5430: 28 total wait time, 4 streets in the intersection, 24 shuffles
Street 21350: 28 total wait time, 3 streets in the intersection, 6 shuffles
Street 31979: 27 total wait time, 2 streets in the intersection, 2 shuffles
Street 7916: 27 total wait time, 2 streets in the intersection, 2 shuffles
Street 7105: 27 total wait time, 3 streets in the intersection, 6 shuffles
Street 6324: 27 total wait time, 3 streets in the intersection, 6 shuffles
Street 1091: 26 total wait time, 2 streets in the intersection, 2 shuffles
Street 12854: 26 total wait time, 2 streets in the intersection, 2 shuffles
Street 18161: 26 total wait time, 2 streets in the intersection, 2 shuffles
Street 18241: 26 total wait time, 3 streets in the intersection, 6 shuffles
  => New best score by adding 0 to street 18241: 1309848 ***
  => New best score by adding 0 to street 18241: 1309849 ***
Street 7757: 26 total wait time, 4 streets in the intersection, 24 shuffles
Street 23802: 25 total wait time, 3 streets in the intersection, 6 shuffles
Street 813: 25 total wait time, 2 streets in the intersection, 2 shuffles
Street 7684: 25 total wait time, 2 streets in the intersection, 2 shuffles
Street 725: 25 total wait time, 2 streets in the intersection, 2 shuffles
Street 33479: 25 total wait time, 3 streets in the intersection, 6 shuffles
Street 25364: 25 total wait time, 2 streets in the intersection, 2 shuffles
Round 18, current score: 1309849
Street 28917: 50 total wait time, 4 streets in the intersection, 24 shuffles
Street 22929: 47 total wait time, 3 streets in the intersection, 6 shuffles
Street 22968: 46 total wait time, 2 streets in the intersection, 2 shuffles
  => New best score by adding 1 to street 22968: 1309850 ***
Street 13864: 46 total wait time, 2 streets in the intersection, 2 shuffles
Street 12668: 45 total wait time, 3 streets in the intersection, 6 shuffles
Street 5584: 43 total wait time, 2 streets in the intersection, 2 shuffles
Street 20695: 42 total wait time, 3 streets in the intersection, 6 shuffles
Street 32620: 40 total wait time, 3 streets in the intersection, 6 shuffles
Street 23622: 39 total wait time, 3 streets in the intersection, 6 shuffles
Street 24650: 38 total wait time, 2 streets in the intersection, 2 shuffles
Street 24427: 38 total wait time, 4 streets in the intersection, 24 shuffles
Street 28877: 38 total wait time, 3 streets in the intersection, 6 shuffles
Street 6373: 36 total wait time, 2 streets in the intersection, 2 shuffles
Street 32470: 36 total wait time, 3 streets in the intersection, 6 shuffles
Street 1355: 36 total wait time, 3 streets in the intersection, 6 shuffles
Street 19740: 35 total wait time, 2 streets in the intersection, 2 shuffles
Street 1204: 34 total wait time, 3 streets in the intersection, 6 shuffles
Street 16882: 33 total wait time, 3 streets in the intersection, 6 shuffles
Street 839: 33 total wait time, 3 streets in the intersection, 6 shuffles
Street 30416: 33 total wait time, 2 streets in the intersection, 2 shuffles
  => New best score by adding 0 to street 30416: 1309854 ***
Street 13530: 33 total wait time, 2 streets in the intersection, 2 shuffles
Street 24585: 32 total wait time, 2 streets in the intersection, 2 shuffles
Street 7915: 32 total wait time, 4 streets in the intersection, 24 shuffles
Street 233: 32 total wait time, 4 streets in the intersection, 24 shuffles
Street 20915: 32 total wait time, 3 streets in the intersection, 6 shuffles
Street 26376: 32 total wait time, 2 streets in the intersection, 2 shuffles
Street 15640: 31 total wait time, 2 streets in the intersection, 2 shuffles
Street 22747: 30 total wait time, 2 streets in the intersection, 2 shuffles
Street 7619: 30 total wait time, 4 streets in the intersection, 24 shuffles
Street 32594: 30 total wait time, 3 streets in the intersection, 6 shuffles
Street 30137: 30 total wait time, 4 streets in the intersection, 24 shuffles
Street 28160: 29 total wait time, 3 streets in the intersection, 6 shuffles
Street 5430: 28 total wait time, 4 streets in the intersection, 24 shuffles
Street 11428: 28 total wait time, 3 streets in the intersection, 6 shuffles
Street 21350: 28 total wait time, 3 streets in the intersection, 6 shuffles
Street 7105: 27 total wait time, 3 streets in the intersection, 6 shuffles
Street 31979: 27 total wait time, 2 streets in the intersection, 2 shuffles
Street 6324: 27 total wait time, 3 streets in the intersection, 6 shuffles
Street 7916: 27 total wait time, 2 streets in the intersection, 2 shuffles
Street 7757: 26 total wait time, 4 streets in the intersection, 24 shuffles
Street 1091: 26 total wait time, 2 streets in the intersection, 2 shuffles
Street 18161: 26 total wait time, 2 streets in the intersection, 2 shuffles
Street 12854: 26 total wait time, 2 streets in the intersection, 2 shuffles
Street 22444: 25 total wait time, 2 streets in the intersection, 2 shuffles
Street 23802: 25 total wait time, 3 streets in the intersection, 6 shuffles
Street 7684: 25 total wait time, 2 streets in the intersection, 2 shuffles
Street 725: 25 total wait time, 2 streets in the intersection, 2 shuffles
Street 25345: 25 total wait time, 2 streets in the intersection, 2 shuffles
Street 25364: 25 total wait time, 2 streets in the intersection, 2 shuffles
Street 813: 25 total wait time, 2 streets in the intersection, 2 shuffles
Round 19, current score: 1309854
Street 25006: 79 total wait time, 4 streets in the intersection, 24 shuffles
  => New best score by adding 0 to street 25006: 1309885 ***
  => New best score by adding 0 to street 25006: 1309913 ***
Street 28917: 50 total wait time, 4 streets in the intersection, 24 shuffles
Street 22929: 47 total wait time, 3 streets in the intersection, 6 shuffles
Street 13864: 46 total wait time, 2 streets in the intersection, 2 shuffles
Street 22968: 46 total wait time, 2 streets in the intersection, 2 shuffles
Street 12668: 45 total wait time, 3 streets in the intersection, 6 shuffles
Street 5584: 43 total wait time, 2 streets in the intersection, 2 shuffles
Street 20695: 42 total wait time, 3 streets in the intersection, 6 shuffles
Street 32620: 40 total wait time, 3 streets in the intersection, 6 shuffles
Street 23622: 39 total wait time, 3 streets in the intersection, 6 shuffles
Street 28877: 38 total wait time, 3 streets in the intersection, 6 shuffles
Street 24650: 38 total wait time, 2 streets in the intersection, 2 shuffles
Street 24427: 38 total wait time, 4 streets in the intersection, 24 shuffles
Street 6373: 36 total wait time, 2 streets in the intersection, 2 shuffles
Street 1355: 36 total wait time, 3 streets in the intersection, 6 shuffles
Street 32470: 36 total wait time, 3 streets in the intersection, 6 shuffles
Street 19740: 35 total wait time, 2 streets in the intersection, 2 shuffles
Street 1204: 34 total wait time, 3 streets in the intersection, 6 shuffles
Street 839: 33 total wait time, 3 streets in the intersection, 6 shuffles
Street 13530: 33 total wait time, 2 streets in the intersection, 2 shuffles
Street 16882: 33 total wait time, 3 streets in the intersection, 6 shuffles
Street 26376: 32 total wait time, 2 streets in the intersection, 2 shuffles
Street 20915: 32 total wait time, 3 streets in the intersection, 6 shuffles
Street 233: 32 total wait time, 4 streets in the intersection, 24 shuffles
  => New best score by adding 0 to street 233: 1309914 ***
Street 24585: 32 total wait time, 2 streets in the intersection, 2 shuffles
Street 7915: 32 total wait time, 4 streets in the intersection, 24 shuffles
Street 7619: 30 total wait time, 4 streets in the intersection, 24 shuffles
Street 22747: 30 total wait time, 2 streets in the intersection, 2 shuffles
Street 30137: 30 total wait time, 4 streets in the intersection, 24 shuffles
Street 32594: 30 total wait time, 3 streets in the intersection, 6 shuffles
Street 28160: 29 total wait time, 3 streets in the intersection, 6 shuffles
Street 11428: 28 total wait time, 3 streets in the intersection, 6 shuffles
Street 21350: 28 total wait time, 3 streets in the intersection, 6 shuffles
Street 5430: 28 total wait time, 4 streets in the intersection, 24 shuffles
Street 6324: 27 total wait time, 3 streets in the intersection, 6 shuffles
Street 7916: 27 total wait time, 2 streets in the intersection, 2 shuffles
Street 31979: 27 total wait time, 2 streets in the intersection, 2 shuffles
Street 7105: 27 total wait time, 3 streets in the intersection, 6 shuffles
Street 1091: 26 total wait time, 2 streets in the intersection, 2 shuffles
Street 12854: 26 total wait time, 2 streets in the intersection, 2 shuffles
Street 18161: 26 total wait time, 2 streets in the intersection, 2 shuffles
Street 7757: 26 total wait time, 4 streets in the intersection, 24 shuffles
Street 725: 25 total wait time, 2 streets in the intersection, 2 shuffles
Street 25364: 25 total wait time, 2 streets in the intersection, 2 shuffles
Street 26974: 25 total wait time, 2 streets in the intersection, 2 shuffles
Street 22444: 25 total wait time, 2 streets in the intersection, 2 shuffles
Street 25345: 25 total wait time, 2 streets in the intersection, 2 shuffles
Street 33479: 25 total wait time, 3 streets in the intersection, 6 shuffles
Street 813: 25 total wait time, 2 streets in the intersection, 2 shuffles
Street 7684: 25 total wait time, 2 streets in the intersection, 2 shuffles
Round 20, current score: 1309914
Street 233: 77 total wait time, 4 streets in the intersection, 24 shuffles
Street 28917: 50 total wait time, 4 streets in the intersection, 24 shuffles
Street 22929: 47 total wait time, 3 streets in the intersection, 6 shuffles
Street 22968: 46 total wait time, 2 streets in the intersection, 2 shuffles
  => New best score by adding 1 to street 22968: 1309915 ***
Street 13864: 46 total wait time, 2 streets in the intersection, 2 shuffles
Street 12668: 45 total wait time, 3 streets in the intersection, 6 shuffles
Street 5584: 43 total wait time, 2 streets in the intersection, 2 shuffles
Street 20695: 42 total wait time, 3 streets in the intersection, 6 shuffles
Street 32620: 40 total wait time, 3 streets in the intersection, 6 shuffles
Street 23622: 39 total wait time, 3 streets in the intersection, 6 shuffles
Street 24650: 38 total wait time, 2 streets in the intersection, 2 shuffles
Street 24427: 38 total wait time, 4 streets in the intersection, 24 shuffles
Street 28877: 38 total wait time, 3 streets in the intersection, 6 shuffles
Street 32470: 36 total wait time, 3 streets in the intersection, 6 shuffles
Street 1355: 36 total wait time, 3 streets in the intersection, 6 shuffles
Street 6373: 36 total wait time, 2 streets in the intersection, 2 shuffles
Street 19740: 35 total wait time, 2 streets in the intersection, 2 shuffles
Street 1204: 34 total wait time, 3 streets in the intersection, 6 shuffles
Street 839: 33 total wait time, 3 streets in the intersection, 6 shuffles
Street 13530: 33 total wait time, 2 streets in the intersection, 2 shuffles
Street 16882: 33 total wait time, 3 streets in the intersection, 6 shuffles
Street 7915: 32 total wait time, 4 streets in the intersection, 24 shuffles
Street 26376: 32 total wait time, 2 streets in the intersection, 2 shuffles
Street 20915: 32 total wait time, 3 streets in the intersection, 6 shuffles
Street 32594: 30 total wait time, 3 streets in the intersection, 6 shuffles
  => New best score by adding 1 to street 32594: 1309920 ***
Street 30137: 30 total wait time, 4 streets in the intersection, 24 shuffles
Street 7619: 30 total wait time, 4 streets in the intersection, 24 shuffles
Street 22747: 30 total wait time, 2 streets in the intersection, 2 shuffles
Street 28160: 29 total wait time, 3 streets in the intersection, 6 shuffles
Street 5430: 28 total wait time, 4 streets in the intersection, 24 shuffles
Street 21350: 28 total wait time, 3 streets in the intersection, 6 shuffles
Street 11428: 28 total wait time, 3 streets in the intersection, 6 shuffles
Street 7916: 27 total wait time, 2 streets in the intersection, 2 shuffles
Street 7105: 27 total wait time, 3 streets in the intersection, 6 shuffles
Street 31979: 27 total wait time, 2 streets in the intersection, 2 shuffles
Street 1091: 26 total wait time, 2 streets in the intersection, 2 shuffles
Street 7757: 26 total wait time, 4 streets in the intersection, 24 shuffles
Street 18161: 26 total wait time, 2 streets in the intersection, 2 shuffles
Street 12854: 26 total wait time, 2 streets in the intersection, 2 shuffles
Street 25364: 25 total wait time, 2 streets in the intersection, 2 shuffles
Street 813: 25 total wait time, 2 streets in the intersection, 2 shuffles
Street 725: 25 total wait time, 2 streets in the intersection, 2 shuffles
Street 25345: 25 total wait time, 2 streets in the intersection, 2 shuffles
Street 7684: 25 total wait time, 2 streets in the intersection, 2 shuffles
Street 26974: 25 total wait time, 2 streets in the intersection, 2 shuffles
Street 33479: 25 total wait time, 3 streets in the intersection, 6 shuffles
Street 22444: 25 total wait time, 2 streets in the intersection, 2 shuffles
Street 23802: 25 total wait time, 3 streets in the intersection, 6 shuffles
Street 25497: 24 total wait time, 4 streets in the intersection, 24 shuffles
Street 9446: 24 total wait time, 3 streets in the intersection, 6 shuffles

Schedule
--------
Intersections   : 7660
Street lights   : 11472
Arrived cars    : 998
Earliest arrival: 1
Latest arrival  : 1606
Crossed streets : 11472
Total wait time : 18314
Schedule score  : 1309920
