Hash Code 2021
[2021-03-23T22:56:20Z INFO  hashcode2021] Loading simulation from 'input/c.txt'

Simulation
----------
Duration     : 1640
Intersections: 10000
Streets      : 35030
Cars         : 1000
Max score    : 1328389
Bonus points : 100
[2021-03-23T22:56:20Z INFO  hashcode2021::traffic] Traffic scheduler: log base 7.979106
[2021-03-23T22:56:21Z INFO  hashcode2021] Schedule 1/500: score 1305970
[2021-03-23T22:56:21Z INFO  hashcode2021::traffic] Traffic scheduler: log base 3.5693195
[2021-03-23T22:56:22Z INFO  hashcode2021] Schedule 2/500: score 1305952
[2021-03-23T22:56:22Z INFO  hashcode2021::traffic] Traffic scheduler: log base 6.4337215
[2021-03-23T22:56:23Z INFO  hashcode2021] Schedule 3/500: score 1306312
[2021-03-23T22:56:23Z INFO  hashcode2021::traffic] Traffic scheduler: log base 7.1144447
[2021-03-23T22:56:23Z INFO  hashcode2021] Schedule 4/500: score 1305763
[2021-03-23T22:56:23Z INFO  hashcode2021::traffic] Traffic scheduler: log base 8.319983
[2021-03-23T22:56:24Z INFO  hashcode2021] Schedule 5/500: score 1305989
[2021-03-23T22:56:24Z INFO  hashcode2021::traffic] Traffic scheduler: log base 6.3891373
[2021-03-23T22:56:25Z INFO  hashcode2021] Schedule 6/500: score 1306171
[2021-03-23T22:56:25Z INFO  hashcode2021::traffic] Traffic scheduler: log base 2.7982142
[2021-03-23T22:56:26Z INFO  hashcode2021] Schedule 7/500: score 1305732
[2021-03-23T22:56:26Z INFO  hashcode2021::traffic] Traffic scheduler: log base 8.463179
[2021-03-23T22:56:27Z INFO  hashcode2021] Schedule 8/500: score 1306228
[2021-03-23T22:56:27Z INFO  hashcode2021::traffic] Traffic scheduler: log base 6.965211
[2021-03-23T22:56:28Z INFO  hashcode2021] Schedule 9/500: score 1305983
[2021-03-23T22:56:28Z INFO  hashcode2021::traffic] Traffic scheduler: log base 4.7566366
[2021-03-23T22:56:28Z INFO  hashcode2021] Schedule 10/500: score 1306120
[2021-03-23T22:56:28Z INFO  hashcode2021::traffic] Traffic scheduler: log base 9.020573
[2021-03-23T22:56:29Z INFO  hashcode2021] Schedule 11/500: score 1306353
[2021-03-23T22:56:29Z INFO  hashcode2021::traffic] Traffic scheduler: log base 9.597839
[2021-03-23T22:56:30Z INFO  hashcode2021] Schedule 12/500: score 1306114
[2021-03-23T22:56:30Z INFO  hashcode2021::traffic] Traffic scheduler: log base 5.1780806
[2021-03-23T22:56:31Z INFO  hashcode2021] Schedule 13/500: score 1306434
[2021-03-23T22:56:31Z INFO  hashcode2021::traffic] Traffic scheduler: log base 1.9095349
[2021-03-23T22:56:32Z INFO  hashcode2021] Schedule 14/500: score 1303396
[2021-03-23T22:56:32Z INFO  hashcode2021::traffic] Traffic scheduler: log base 6.932336
[2021-03-23T22:56:33Z INFO  hashcode2021] Schedule 15/500: score 1305843
[2021-03-23T22:56:33Z INFO  hashcode2021::traffic] Traffic scheduler: log base 8.678841
[2021-03-23T22:56:34Z INFO  hashcode2021] Schedule 16/500: score 1306008
[2021-03-23T22:56:34Z INFO  hashcode2021::traffic] Traffic scheduler: log base 4.8939734
[2021-03-23T22:56:34Z INFO  hashcode2021] Schedule 17/500: score 1306117
[2021-03-23T22:56:35Z INFO  hashcode2021::traffic] Traffic scheduler: log base 7.6501985
[2021-03-23T22:56:35Z INFO  hashcode2021] Schedule 18/500: score 1306034
[2021-03-23T22:56:35Z INFO  hashcode2021::traffic] Traffic scheduler: log base 9.720706
[2021-03-23T22:56:36Z INFO  hashcode2021] Schedule 19/500: score 1306167
[2021-03-23T22:56:36Z INFO  hashcode2021::traffic] Traffic scheduler: log base 9.034164
[2021-03-23T22:56:37Z INFO  hashcode2021] Schedule 20/500: score 1306197
[2021-03-23T22:56:37Z INFO  hashcode2021::traffic] Traffic scheduler: log base 7.6733613
[2021-03-23T22:56:38Z INFO  hashcode2021] Schedule 21/500: score 1305963
[2021-03-23T22:56:38Z INFO  hashcode2021::traffic] Traffic scheduler: log base 7.504703
[2021-03-23T22:56:39Z INFO  hashcode2021] Schedule 22/500: score 1306183
[2021-03-23T22:56:39Z INFO  hashcode2021::traffic] Traffic scheduler: log base 3.8716567
[2021-03-23T22:56:39Z INFO  hashcode2021] Schedule 23/500: score 1305714
[2021-03-23T22:56:39Z INFO  hashcode2021::traffic] Traffic scheduler: log base 3.6918533
[2021-03-23T22:56:40Z INFO  hashcode2021] Schedule 24/500: score 1306039
[2021-03-23T22:56:40Z INFO  hashcode2021::traffic] Traffic scheduler: log base 5.9022546
[2021-03-23T22:56:41Z INFO  hashcode2021] Schedule 25/500: score 1305915
[2021-03-23T22:56:41Z INFO  hashcode2021::traffic] Traffic scheduler: log base 7.9004545
[2021-03-23T22:56:42Z INFO  hashcode2021] Schedule 26/500: score 1306081
[2021-03-23T22:56:42Z INFO  hashcode2021::traffic] Traffic scheduler: log base 2.604988
[2021-03-23T22:56:43Z INFO  hashcode2021] Schedule 27/500: score 1305505
[2021-03-23T22:56:43Z INFO  hashcode2021::traffic] Traffic scheduler: log base 9.831508
[2021-03-23T22:56:44Z INFO  hashcode2021] Schedule 28/500: score 1306100
[2021-03-23T22:56:44Z INFO  hashcode2021::traffic] Traffic scheduler: log base 6.235562
[2021-03-23T22:56:44Z INFO  hashcode2021] Schedule 29/500: score 1306147
[2021-03-23T22:56:44Z INFO  hashcode2021::traffic] Traffic scheduler: log base 3.897855
[2021-03-23T22:56:45Z INFO  hashcode2021] Schedule 30/500: score 1305561
[2021-03-23T22:56:45Z INFO  hashcode2021::traffic] Traffic scheduler: log base 7.7317533
[2021-03-23T22:56:46Z INFO  hashcode2021] Schedule 31/500: score 1305794
[2021-03-23T22:56:46Z INFO  hashcode2021::traffic] Traffic scheduler: log base 9.9682455
[2021-03-23T22:56:47Z INFO  hashcode2021] Schedule 32/500: score 1306296
[2021-03-23T22:56:47Z INFO  hashcode2021::traffic] Traffic scheduler: log base 9.470934
[2021-03-23T22:56:48Z INFO  hashcode2021] Schedule 33/500: score 1306201
[2021-03-23T22:56:48Z INFO  hashcode2021::traffic] Traffic scheduler: log base 7.948042
[2021-03-23T22:56:49Z INFO  hashcode2021] Schedule 34/500: score 1306239
[2021-03-23T22:56:49Z INFO  hashcode2021::traffic] Traffic scheduler: log base 9.088956
[2021-03-23T22:56:49Z INFO  hashcode2021] Schedule 35/500: score 1306021
[2021-03-23T22:56:49Z INFO  hashcode2021::traffic] Traffic scheduler: log base 7.5339413
[2021-03-23T22:56:50Z INFO  hashcode2021] Schedule 36/500: score 1306015
[2021-03-23T22:56:50Z INFO  hashcode2021::traffic] Traffic scheduler: log base 4.8677993
[2021-03-23T22:56:51Z INFO  hashcode2021] Schedule 37/500: score 1305860
[2021-03-23T22:56:51Z INFO  hashcode2021::traffic] Traffic scheduler: log base 4.061897
[2021-03-23T22:56:52Z INFO  hashcode2021] Schedule 38/500: score 1306024
[2021-03-23T22:56:52Z INFO  hashcode2021::traffic] Traffic scheduler: log base 5.8579693
[2021-03-23T22:56:53Z INFO  hashcode2021] Schedule 39/500: score 1305853
[2021-03-23T22:56:53Z INFO  hashcode2021::traffic] Traffic scheduler: log base 2.38302
[2021-03-23T22:56:54Z INFO  hashcode2021] Schedule 40/500: score 1305037
[2021-03-23T22:56:54Z INFO  hashcode2021::traffic] Traffic scheduler: log base 7.179738
[2021-03-23T22:56:55Z INFO  hashcode2021] Schedule 41/500: score 1305960
[2021-03-23T22:56:55Z INFO  hashcode2021::traffic] Traffic scheduler: log base 8.318998
[2021-03-23T22:56:56Z INFO  hashcode2021] Schedule 42/500: score 1305908
[2021-03-23T22:56:56Z INFO  hashcode2021::traffic] Traffic scheduler: log base 3.2959228
[2021-03-23T22:56:56Z INFO  hashcode2021] Schedule 43/500: score 1305723
[2021-03-23T22:56:56Z INFO  hashcode2021::traffic] Traffic scheduler: log base 4.7301817
[2021-03-23T22:56:57Z INFO  hashcode2021] Schedule 44/500: score 1305850
[2021-03-23T22:56:57Z INFO  hashcode2021::traffic] Traffic scheduler: log base 7.8249326
[2021-03-23T22:56:58Z INFO  hashcode2021] Schedule 45/500: score 1305659
[2021-03-23T22:56:58Z INFO  hashcode2021::traffic] Traffic scheduler: log base 7.808565
[2021-03-23T22:56:59Z INFO  hashcode2021] Schedule 46/500: score 1306078
[2021-03-23T22:56:59Z INFO  hashcode2021::traffic] Traffic scheduler: log base 9.34971
[2021-03-23T22:57:00Z INFO  hashcode2021] Schedule 47/500: score 1306071
[2021-03-23T22:57:00Z INFO  hashcode2021::traffic] Traffic scheduler: log base 6.4301257
[2021-03-23T22:57:00Z INFO  hashcode2021] Schedule 48/500: score 1306359
[2021-03-23T22:57:01Z INFO  hashcode2021::traffic] Traffic scheduler: log base 4.3592844
[2021-03-23T22:57:01Z INFO  hashcode2021] Schedule 49/500: score 1306031
[2021-03-23T22:57:01Z INFO  hashcode2021::traffic] Traffic scheduler: log base 6.420707
[2021-03-23T22:57:02Z INFO  hashcode2021] Schedule 50/500: score 1306224
[2021-03-23T22:57:02Z INFO  hashcode2021::traffic] Traffic scheduler: log base 1.7945865
[2021-03-23T22:57:03Z INFO  hashcode2021] Schedule 51/500: score 1302228
[2021-03-23T22:57:03Z INFO  hashcode2021::traffic] Traffic scheduler: log base 9.541348
[2021-03-23T22:57:04Z INFO  hashcode2021] Schedule 52/500: score 1306019
[2021-03-23T22:57:04Z INFO  hashcode2021::traffic] Traffic scheduler: log base 8.618343
[2021-03-23T22:57:05Z INFO  hashcode2021] Schedule 53/500: score 1306199
[2021-03-23T22:57:05Z INFO  hashcode2021::traffic] Traffic scheduler: log base 8.548716
[2021-03-23T22:57:06Z INFO  hashcode2021] Schedule 54/500: score 1306127
[2021-03-23T22:57:06Z INFO  hashcode2021::traffic] Traffic scheduler: log base 1.8483015
[2021-03-23T22:57:07Z INFO  hashcode2021] Schedule 55/500: score 1303047
[2021-03-23T22:57:07Z INFO  hashcode2021::traffic] Traffic scheduler: log base 1.8988166
[2021-03-23T22:57:08Z INFO  hashcode2021] Schedule 56/500: score 1303508
[2021-03-23T22:57:08Z INFO  hashcode2021::traffic] Traffic scheduler: log base 3.4615512
[2021-03-23T22:57:08Z INFO  hashcode2021] Schedule 57/500: score 1305660
[2021-03-23T22:57:09Z INFO  hashcode2021::traffic] Traffic scheduler: log base 9.645981
[2021-03-23T22:57:09Z INFO  hashcode2021] Schedule 58/500: score 1306034
[2021-03-23T22:57:09Z INFO  hashcode2021::traffic] Traffic scheduler: log base 6.8489614
[2021-03-23T22:57:10Z INFO  hashcode2021] Schedule 59/500: score 1306288
[2021-03-23T22:57:10Z INFO  hashcode2021::traffic] Traffic scheduler: log base 9.361833
[2021-03-23T22:57:11Z INFO  hashcode2021] Schedule 60/500: score 1306293
[2021-03-23T22:57:11Z INFO  hashcode2021::traffic] Traffic scheduler: log base 5.4218774
[2021-03-23T22:57:12Z INFO  hashcode2021] Schedule 61/500: score 1306074
[2021-03-23T22:57:12Z INFO  hashcode2021::traffic] Traffic scheduler: log base 2.971727
[2021-03-23T22:57:13Z INFO  hashcode2021] Schedule 62/500: score 1305782
[2021-03-23T22:57:13Z INFO  hashcode2021::traffic] Traffic scheduler: log base 9.929263
[2021-03-23T22:57:13Z INFO  hashcode2021] Schedule 63/500: score 1306225
[2021-03-23T22:57:13Z INFO  hashcode2021::traffic] Traffic scheduler: log base 7.245321
[2021-03-23T22:57:14Z INFO  hashcode2021] Schedule 64/500: score 1305725
[2021-03-23T22:57:14Z INFO  hashcode2021::traffic] Traffic scheduler: log base 5.736379
[2021-03-23T22:57:15Z INFO  hashcode2021] Schedule 65/500: score 1306051
[2021-03-23T22:57:15Z INFO  hashcode2021::traffic] Traffic scheduler: log base 8.001942
[2021-03-23T22:57:16Z INFO  hashcode2021] Schedule 66/500: score 1306229
[2021-03-23T22:57:16Z INFO  hashcode2021::traffic] Traffic scheduler: log base 7.8057036
[2021-03-23T22:57:17Z INFO  hashcode2021] Schedule 67/500: score 1306062
[2021-03-23T22:57:17Z INFO  hashcode2021::traffic] Traffic scheduler: log base 4.3752847
[2021-03-23T22:57:17Z INFO  hashcode2021] Schedule 68/500: score 1306040
[2021-03-23T22:57:17Z INFO  hashcode2021::traffic] Traffic scheduler: log base 4.5283813
[2021-03-23T22:57:18Z INFO  hashcode2021] Schedule 69/500: score 1306048
[2021-03-23T22:57:18Z INFO  hashcode2021::traffic] Traffic scheduler: log base 7.511252
[2021-03-23T22:57:19Z INFO  hashcode2021] Schedule 70/500: score 1306020
[2021-03-23T22:57:19Z INFO  hashcode2021::traffic] Traffic scheduler: log base 7.7931256
[2021-03-23T22:57:19Z INFO  hashcode2021] Schedule 71/500: score 1305888
[2021-03-23T22:57:20Z INFO  hashcode2021::traffic] Traffic scheduler: log base 3.8260713
[2021-03-23T22:57:20Z INFO  hashcode2021] Schedule 72/500: score 1306050
[2021-03-23T22:57:20Z INFO  hashcode2021::traffic] Traffic scheduler: log base 2.427275
[2021-03-23T22:57:21Z INFO  hashcode2021] Schedule 73/500: score 1304827
[2021-03-23T22:57:21Z INFO  hashcode2021::traffic] Traffic scheduler: log base 2.1198614
[2021-03-23T22:57:22Z INFO  hashcode2021] Schedule 74/500: score 1304577
[2021-03-23T22:57:22Z INFO  hashcode2021::traffic] Traffic scheduler: log base 6.379942
[2021-03-23T22:57:23Z INFO  hashcode2021] Schedule 75/500: score 1306209
[2021-03-23T22:57:23Z INFO  hashcode2021::traffic] Traffic scheduler: log base 8.481863
[2021-03-23T22:57:23Z INFO  hashcode2021] Schedule 76/500: score 1306135
[2021-03-23T22:57:23Z INFO  hashcode2021::traffic] Traffic scheduler: log base 3.504578
[2021-03-23T22:57:24Z INFO  hashcode2021] Schedule 77/500: score 1306060
[2021-03-23T22:57:24Z INFO  hashcode2021::traffic] Traffic scheduler: log base 7.8545637
[2021-03-23T22:57:25Z INFO  hashcode2021] Schedule 78/500: score 1305943
[2021-03-23T22:57:25Z INFO  hashcode2021::traffic] Traffic scheduler: log base 4.2097015
[2021-03-23T22:57:25Z INFO  hashcode2021] Schedule 79/500: score 1306153
[2021-03-23T22:57:26Z INFO  hashcode2021::traffic] Traffic scheduler: log base 2.1942248
[2021-03-23T22:57:26Z INFO  hashcode2021] Schedule 80/500: score 1304714
[2021-03-23T22:57:26Z INFO  hashcode2021::traffic] Traffic scheduler: log base 2.705801
[2021-03-23T22:57:27Z INFO  hashcode2021] Schedule 81/500: score 1305203
[2021-03-23T22:57:27Z INFO  hashcode2021::traffic] Traffic scheduler: log base 9.884548
[2021-03-23T22:57:28Z INFO  hashcode2021] Schedule 82/500: score 1306301
[2021-03-23T22:57:28Z INFO  hashcode2021::traffic] Traffic scheduler: log base 8.119856
[2021-03-23T22:57:29Z INFO  hashcode2021] Schedule 83/500: score 1306250
[2021-03-23T22:57:29Z INFO  hashcode2021::traffic] Traffic scheduler: log base 8.841644
[2021-03-23T22:57:29Z INFO  hashcode2021] Schedule 84/500: score 1306026
[2021-03-23T22:57:30Z INFO  hashcode2021::traffic] Traffic scheduler: log base 7.9750032
[2021-03-23T22:57:30Z INFO  hashcode2021] Schedule 85/500: score 1305952
[2021-03-23T22:57:30Z INFO  hashcode2021::traffic] Traffic scheduler: log base 4.4806647
[2021-03-23T22:57:31Z INFO  hashcode2021] Schedule 86/500: score 1305976
[2021-03-23T22:57:31Z INFO  hashcode2021::traffic] Traffic scheduler: log base 9.5880165
[2021-03-23T22:57:32Z INFO  hashcode2021] Schedule 87/500: score 1306150
[2021-03-23T22:57:32Z INFO  hashcode2021::traffic] Traffic scheduler: log base 8.033781
[2021-03-23T22:57:33Z INFO  hashcode2021] Schedule 88/500: score 1306155
[2021-03-23T22:57:33Z INFO  hashcode2021::traffic] Traffic scheduler: log base 1.5994666
[2021-03-23T22:57:34Z INFO  hashcode2021] Schedule 89/500: score 1300890
[2021-03-23T22:57:34Z INFO  hashcode2021::traffic] Traffic scheduler: log base 6.529366
[2021-03-23T22:57:34Z INFO  hashcode2021] Schedule 90/500: score 1306111
[2021-03-23T22:57:35Z INFO  hashcode2021::traffic] Traffic scheduler: log base 3.734854
[2021-03-23T22:57:35Z INFO  hashcode2021] Schedule 91/500: score 1306300
[2021-03-23T22:57:35Z INFO  hashcode2021::traffic] Traffic scheduler: log base 7.3198757
[2021-03-23T22:57:36Z INFO  hashcode2021] Schedule 92/500: score 1306003
[2021-03-23T22:57:36Z INFO  hashcode2021::traffic] Traffic scheduler: log base 1.5084883
[2021-03-23T22:57:37Z INFO  hashcode2021] Schedule 93/500: score 1299148
[2021-03-23T22:57:37Z INFO  hashcode2021::traffic] Traffic scheduler: log base 6.1724324
[2021-03-23T22:57:38Z INFO  hashcode2021] Schedule 94/500: score 1305948
[2021-03-23T22:57:38Z INFO  hashcode2021::traffic] Traffic scheduler: log base 7.1790805
[2021-03-23T22:57:39Z INFO  hashcode2021] Schedule 95/500: score 1306230
[2021-03-23T22:57:39Z INFO  hashcode2021::traffic] Traffic scheduler: log base 7.2536116
[2021-03-23T22:57:40Z INFO  hashcode2021] Schedule 96/500: score 1306147
[2021-03-23T22:57:40Z INFO  hashcode2021::traffic] Traffic scheduler: log base 5.9777513
[2021-03-23T22:57:41Z INFO  hashcode2021] Schedule 97/500: score 1305960
[2021-03-23T22:57:41Z INFO  hashcode2021::traffic] Traffic scheduler: log base 3.4848363
[2021-03-23T22:57:41Z INFO  hashcode2021] Schedule 98/500: score 1306006
[2021-03-23T22:57:41Z INFO  hashcode2021::traffic] Traffic scheduler: log base 9.745386
[2021-03-23T22:57:42Z INFO  hashcode2021] Schedule 99/500: score 1306311
[2021-03-23T22:57:42Z INFO  hashcode2021::traffic] Traffic scheduler: log base 2.7914963
[2021-03-23T22:57:43Z INFO  hashcode2021] Schedule 100/500: score 1305773
[2021-03-23T22:57:43Z INFO  hashcode2021::traffic] Traffic scheduler: log base 6.185877
[2021-03-23T22:57:44Z INFO  hashcode2021] Schedule 101/500: score 1306030
[2021-03-23T22:57:44Z INFO  hashcode2021::traffic] Traffic scheduler: log base 3.5448194
[2021-03-23T22:57:45Z INFO  hashcode2021] Schedule 102/500: score 1305749
[2021-03-23T22:57:45Z INFO  hashcode2021::traffic] Traffic scheduler: log base 6.919887
[2021-03-23T22:57:46Z INFO  hashcode2021] Schedule 103/500: score 1305858
[2021-03-23T22:57:46Z INFO  hashcode2021::traffic] Traffic scheduler: log base 3.476019
[2021-03-23T22:57:46Z INFO  hashcode2021] Schedule 104/500: score 1305978
[2021-03-23T22:57:46Z INFO  hashcode2021::traffic] Traffic scheduler: log base 7.8531694
[2021-03-23T22:57:47Z INFO  hashcode2021] Schedule 105/500: score 1305883
[2021-03-23T22:57:47Z INFO  hashcode2021::traffic] Traffic scheduler: log base 8.284061
[2021-03-23T22:57:48Z INFO  hashcode2021] Schedule 106/500: score 1306143
[2021-03-23T22:57:48Z INFO  hashcode2021::traffic] Traffic scheduler: log base 2.6669662
[2021-03-23T22:57:49Z INFO  hashcode2021] Schedule 107/500: score 1305555
[2021-03-23T22:57:49Z INFO  hashcode2021::traffic] Traffic scheduler: log base 3.6808026
[2021-03-23T22:57:50Z INFO  hashcode2021] Schedule 108/500: score 1306051
[2021-03-23T22:57:50Z INFO  hashcode2021::traffic] Traffic scheduler: log base 3.0421257
[2021-03-23T22:57:51Z INFO  hashcode2021] Schedule 109/500: score 1305995
[2021-03-23T22:57:51Z INFO  hashcode2021::traffic] Traffic scheduler: log base 2.1758125
[2021-03-23T22:57:52Z INFO  hashcode2021] Schedule 110/500: score 1304746
[2021-03-23T22:57:52Z INFO  hashcode2021::traffic] Traffic scheduler: log base 2.9362817
[2021-03-23T22:57:52Z INFO  hashcode2021] Schedule 111/500: score 1305658
[2021-03-23T22:57:52Z INFO  hashcode2021::traffic] Traffic scheduler: log base 9.993328
[2021-03-23T22:57:53Z INFO  hashcode2021] Schedule 112/500: score 1306302
[2021-03-23T22:57:53Z INFO  hashcode2021::traffic] Traffic scheduler: log base 1.8367207
[2021-03-23T22:57:54Z INFO  hashcode2021] Schedule 113/500: score 1303200
[2021-03-23T22:57:54Z INFO  hashcode2021::traffic] Traffic scheduler: log base 2.8781114
[2021-03-23T22:57:55Z INFO  hashcode2021] Schedule 114/500: score 1305407
[2021-03-23T22:57:55Z INFO  hashcode2021::traffic] Traffic scheduler: log base 8.2878
[2021-03-23T22:57:56Z INFO  hashcode2021] Schedule 115/500: score 1305969
[2021-03-23T22:57:56Z INFO  hashcode2021::traffic] Traffic scheduler: log base 3.811094
[2021-03-23T22:57:57Z INFO  hashcode2021] Schedule 116/500: score 1305944
[2021-03-23T22:57:57Z INFO  hashcode2021::traffic] Traffic scheduler: log base 5.214656
[2021-03-23T22:57:58Z INFO  hashcode2021] Schedule 117/500: score 1306264
[2021-03-23T22:57:58Z INFO  hashcode2021::traffic] Traffic scheduler: log base 7.5861735
[2021-03-23T22:57:59Z INFO  hashcode2021] Schedule 118/500: score 1305958
[2021-03-23T22:57:59Z INFO  hashcode2021::traffic] Traffic scheduler: log base 2.7076402
[2021-03-23T22:58:00Z INFO  hashcode2021] Schedule 119/500: score 1305322
[2021-03-23T22:58:00Z INFO  hashcode2021::traffic] Traffic scheduler: log base 4.552665
[2021-03-23T22:58:01Z INFO  hashcode2021] Schedule 120/500: score 1305882
[2021-03-23T22:58:01Z INFO  hashcode2021::traffic] Traffic scheduler: log base 3.9293518
[2021-03-23T22:58:02Z INFO  hashcode2021] Schedule 121/500: score 1305900
[2021-03-23T22:58:02Z INFO  hashcode2021::traffic] Traffic scheduler: log base 3.411481
[2021-03-23T22:58:03Z INFO  hashcode2021] Schedule 122/500: score 1305760
[2021-03-23T22:58:03Z INFO  hashcode2021::traffic] Traffic scheduler: log base 5.724648
[2021-03-23T22:58:04Z INFO  hashcode2021] Schedule 123/500: score 1306087
[2021-03-23T22:58:04Z INFO  hashcode2021::traffic] Traffic scheduler: log base 2.7919946
[2021-03-23T22:58:05Z INFO  hashcode2021] Schedule 124/500: score 1305536
[2021-03-23T22:58:05Z INFO  hashcode2021::traffic] Traffic scheduler: log base 8.198938
[2021-03-23T22:58:06Z INFO  hashcode2021] Schedule 125/500: score 1306185
[2021-03-23T22:58:06Z INFO  hashcode2021::traffic] Traffic scheduler: log base 7.1497564
[2021-03-23T22:58:07Z INFO  hashcode2021] Schedule 126/500: score 1306202
[2021-03-23T22:58:07Z INFO  hashcode2021::traffic] Traffic scheduler: log base 2.646036
[2021-03-23T22:58:08Z INFO  hashcode2021] Schedule 127/500: score 1305433
[2021-03-23T22:58:09Z INFO  hashcode2021::traffic] Traffic scheduler: log base 8.541353
[2021-03-23T22:58:09Z INFO  hashcode2021] Schedule 128/500: score 1306108
[2021-03-23T22:58:09Z INFO  hashcode2021::traffic] Traffic scheduler: log base 2.6879654
[2021-03-23T22:58:10Z INFO  hashcode2021] Schedule 129/500: score 1305573
[2021-03-23T22:58:10Z INFO  hashcode2021::traffic] Traffic scheduler: log base 1.753106
[2021-03-23T22:58:11Z INFO  hashcode2021] Schedule 130/500: score 1302248
[2021-03-23T22:58:11Z INFO  hashcode2021::traffic] Traffic scheduler: log base 9.758414
[2021-03-23T22:58:12Z INFO  hashcode2021] Schedule 131/500: score 1306267
[2021-03-23T22:58:12Z INFO  hashcode2021::traffic] Traffic scheduler: log base 4.9036913
[2021-03-23T22:58:13Z INFO  hashcode2021] Schedule 132/500: score 1306376
[2021-03-23T22:58:13Z INFO  hashcode2021::traffic] Traffic scheduler: log base 9.9122
[2021-03-23T22:58:14Z INFO  hashcode2021] Schedule 133/500: score 1306344
[2021-03-23T22:58:14Z INFO  hashcode2021::traffic] Traffic scheduler: log base 7.3294077
[2021-03-23T22:58:14Z INFO  hashcode2021] Schedule 134/500: score 1305950
[2021-03-23T22:58:14Z INFO  hashcode2021::traffic] Traffic scheduler: log base 7.772935
[2021-03-23T22:58:15Z INFO  hashcode2021] Schedule 135/500: score 1305908
[2021-03-23T22:58:15Z INFO  hashcode2021::traffic] Traffic scheduler: log base 2.7577257
[2021-03-23T22:58:16Z INFO  hashcode2021] Schedule 136/500: score 1305649
[2021-03-23T22:58:16Z INFO  hashcode2021::traffic] Traffic scheduler: log base 2.3065257
[2021-03-23T22:58:17Z INFO  hashcode2021] Schedule 137/500: score 1304853
[2021-03-23T22:58:17Z INFO  hashcode2021::traffic] Traffic scheduler: log base 8.918074
[2021-03-23T22:58:18Z INFO  hashcode2021] Schedule 138/500: score 1306271
[2021-03-23T22:58:18Z INFO  hashcode2021::traffic] Traffic scheduler: log base 9.661024
[2021-03-23T22:58:19Z INFO  hashcode2021] Schedule 139/500: score 1306172
[2021-03-23T22:58:19Z INFO  hashcode2021::traffic] Traffic scheduler: log base 8.944866
[2021-03-23T22:58:19Z INFO  hashcode2021] Schedule 140/500: score 1306020
[2021-03-23T22:58:20Z INFO  hashcode2021::traffic] Traffic scheduler: log base 4.168277
[2021-03-23T22:58:20Z INFO  hashcode2021] Schedule 141/500: score 1305875
[2021-03-23T22:58:20Z INFO  hashcode2021::traffic] Traffic scheduler: log base 8.436857
[2021-03-23T22:58:21Z INFO  hashcode2021] Schedule 142/500: score 1306352
[2021-03-23T22:58:21Z INFO  hashcode2021::traffic] Traffic scheduler: log base 2.6901186
[2021-03-23T22:58:22Z INFO  hashcode2021] Schedule 143/500: score 1305483
[2021-03-23T22:58:22Z INFO  hashcode2021::traffic] Traffic scheduler: log base 4.7138033
[2021-03-23T22:58:23Z INFO  hashcode2021] Schedule 144/500: score 1306184
[2021-03-23T22:58:23Z INFO  hashcode2021::traffic] Traffic scheduler: log base 8.526424
[2021-03-23T22:58:24Z INFO  hashcode2021] Schedule 145/500: score 1306171
[2021-03-23T22:58:24Z INFO  hashcode2021::traffic] Traffic scheduler: log base 5.063662
[2021-03-23T22:58:25Z INFO  hashcode2021] Schedule 146/500: score 1306338
[2021-03-23T22:58:25Z INFO  hashcode2021::traffic] Traffic scheduler: log base 6.276881
[2021-03-23T22:58:25Z INFO  hashcode2021] Schedule 147/500: score 1305928
[2021-03-23T22:58:25Z INFO  hashcode2021::traffic] Traffic scheduler: log base 9.817048
[2021-03-23T22:58:26Z INFO  hashcode2021] Schedule 148/500: score 1306213
[2021-03-23T22:58:26Z INFO  hashcode2021::traffic] Traffic scheduler: log base 1.6626749
[2021-03-23T22:58:27Z INFO  hashcode2021] Schedule 149/500: score 1301821
[2021-03-23T22:58:27Z INFO  hashcode2021::traffic] Traffic scheduler: log base 5.0565023
[2021-03-23T22:58:28Z INFO  hashcode2021] Schedule 150/500: score 1306360
[2021-03-23T22:58:28Z INFO  hashcode2021::traffic] Traffic scheduler: log base 4.863587
[2021-03-23T22:58:29Z INFO  hashcode2021] Schedule 151/500: score 1306200
[2021-03-23T22:58:29Z INFO  hashcode2021::traffic] Traffic scheduler: log base 2.086121
[2021-03-23T22:58:30Z INFO  hashcode2021] Schedule 152/500: score 1304415
[2021-03-23T22:58:30Z INFO  hashcode2021::traffic] Traffic scheduler: log base 6.232739
[2021-03-23T22:58:31Z INFO  hashcode2021] Schedule 153/500: score 1306190
[2021-03-23T22:58:31Z INFO  hashcode2021::traffic] Traffic scheduler: log base 4.775773
[2021-03-23T22:58:31Z INFO  hashcode2021] Schedule 154/500: score 1306056
[2021-03-23T22:58:32Z INFO  hashcode2021::traffic] Traffic scheduler: log base 4.591091
[2021-03-23T22:58:32Z INFO  hashcode2021] Schedule 155/500: score 1306232
[2021-03-23T22:58:32Z INFO  hashcode2021::traffic] Traffic scheduler: log base 8.051468
[2021-03-23T22:58:33Z INFO  hashcode2021] Schedule 156/500: score 1306023
[2021-03-23T22:58:33Z INFO  hashcode2021::traffic] Traffic scheduler: log base 2.4863734
[2021-03-23T22:58:34Z INFO  hashcode2021] Schedule 157/500: score 1305024
[2021-03-23T22:58:34Z INFO  hashcode2021::traffic] Traffic scheduler: log base 5.0329924
[2021-03-23T22:58:35Z INFO  hashcode2021] Schedule 158/500: score 1306460
[2021-03-23T22:58:35Z INFO  hashcode2021::traffic] Traffic scheduler: log base 8.58219
[2021-03-23T22:58:35Z INFO  hashcode2021] Schedule 159/500: score 1306000
[2021-03-23T22:58:35Z INFO  hashcode2021::traffic] Traffic scheduler: log base 7.2783666
[2021-03-23T22:58:36Z INFO  hashcode2021] Schedule 160/500: score 1306043
[2021-03-23T22:58:36Z INFO  hashcode2021::traffic] Traffic scheduler: log base 8.079137
[2021-03-23T22:58:37Z INFO  hashcode2021] Schedule 161/500: score 1306120
[2021-03-23T22:58:37Z INFO  hashcode2021::traffic] Traffic scheduler: log base 6.1036024
[2021-03-23T22:58:38Z INFO  hashcode2021] Schedule 162/500: score 1306047
[2021-03-23T22:58:38Z INFO  hashcode2021::traffic] Traffic scheduler: log base 8.693678
[2021-03-23T22:58:39Z INFO  hashcode2021] Schedule 163/500: score 1306120
[2021-03-23T22:58:39Z INFO  hashcode2021::traffic] Traffic scheduler: log base 2.2545707
[2021-03-23T22:58:39Z INFO  hashcode2021] Schedule 164/500: score 1304655
[2021-03-23T22:58:39Z INFO  hashcode2021::traffic] Traffic scheduler: log base 2.7753568
[2021-03-23T22:58:40Z INFO  hashcode2021] Schedule 165/500: score 1305554
[2021-03-23T22:58:40Z INFO  hashcode2021::traffic] Traffic scheduler: log base 2.4690242
[2021-03-23T22:58:41Z INFO  hashcode2021] Schedule 166/500: score 1305083
[2021-03-23T22:58:41Z INFO  hashcode2021::traffic] Traffic scheduler: log base 1.859709
[2021-03-23T22:58:42Z INFO  hashcode2021] Schedule 167/500: score 1303260
[2021-03-23T22:58:42Z INFO  hashcode2021::traffic] Traffic scheduler: log base 2.4301171
[2021-03-23T22:58:43Z INFO  hashcode2021] Schedule 168/500: score 1304748
[2021-03-23T22:58:43Z INFO  hashcode2021::traffic] Traffic scheduler: log base 9.067682
[2021-03-23T22:58:44Z INFO  hashcode2021] Schedule 169/500: score 1306012
[2021-03-23T22:58:44Z INFO  hashcode2021::traffic] Traffic scheduler: log base 3.65223
[2021-03-23T22:58:45Z INFO  hashcode2021] Schedule 170/500: score 1305937
[2021-03-23T22:58:45Z INFO  hashcode2021::traffic] Traffic scheduler: log base 8.421387
[2021-03-23T22:58:46Z INFO  hashcode2021] Schedule 171/500: score 1306292
[2021-03-23T22:58:46Z INFO  hashcode2021::traffic] Traffic scheduler: log base 4.6203656
[2021-03-23T22:58:46Z INFO  hashcode2021] Schedule 172/500: score 1305973
[2021-03-23T22:58:46Z INFO  hashcode2021::traffic] Traffic scheduler: log base 8.487045
[2021-03-23T22:58:47Z INFO  hashcode2021] Schedule 173/500: score 1306098
[2021-03-23T22:58:47Z INFO  hashcode2021::traffic] Traffic scheduler: log base 2.7374277
[2021-03-23T22:58:48Z INFO  hashcode2021] Schedule 174/500: score 1305368
[2021-03-23T22:58:48Z INFO  hashcode2021::traffic] Traffic scheduler: log base 9.734173
[2021-03-23T22:58:49Z INFO  hashcode2021] Schedule 175/500: score 1306056
[2021-03-23T22:58:49Z INFO  hashcode2021::traffic] Traffic scheduler: log base 8.214577
[2021-03-23T22:58:49Z INFO  hashcode2021] Schedule 176/500: score 1306040
[2021-03-23T22:58:49Z INFO  hashcode2021::traffic] Traffic scheduler: log base 1.7757071
[2021-03-23T22:58:50Z INFO  hashcode2021] Schedule 177/500: score 1302242
[2021-03-23T22:58:50Z INFO  hashcode2021::traffic] Traffic scheduler: log base 9.86181
[2021-03-23T22:58:51Z INFO  hashcode2021] Schedule 178/500: score 1306206
[2021-03-23T22:58:51Z INFO  hashcode2021::traffic] Traffic scheduler: log base 3.7544355
[2021-03-23T22:58:52Z INFO  hashcode2021] Schedule 179/500: score 1306047
[2021-03-23T22:58:52Z INFO  hashcode2021::traffic] Traffic scheduler: log base 5.618585
[2021-03-23T22:58:53Z INFO  hashcode2021] Schedule 180/500: score 1306142
[2021-03-23T22:58:53Z INFO  hashcode2021::traffic] Traffic scheduler: log base 8.404802
[2021-03-23T22:58:53Z INFO  hashcode2021] Schedule 181/500: score 1306426
[2021-03-23T22:58:54Z INFO  hashcode2021::traffic] Traffic scheduler: log base 8.272253
[2021-03-23T22:58:54Z INFO  hashcode2021] Schedule 182/500: score 1305859
[2021-03-23T22:58:54Z INFO  hashcode2021::traffic] Traffic scheduler: log base 3.0538626
[2021-03-23T22:58:55Z INFO  hashcode2021] Schedule 183/500: score 1305766
[2021-03-23T22:58:55Z INFO  hashcode2021::traffic] Traffic scheduler: log base 2.4889765
[2021-03-23T22:58:56Z INFO  hashcode2021] Schedule 184/500: score 1305401
[2021-03-23T22:58:56Z INFO  hashcode2021::traffic] Traffic scheduler: log base 6.319971
[2021-03-23T22:58:57Z INFO  hashcode2021] Schedule 185/500: score 1306048
[2021-03-23T22:58:57Z INFO  hashcode2021::traffic] Traffic scheduler: log base 8.66683
[2021-03-23T22:58:58Z INFO  hashcode2021] Schedule 186/500: score 1306184
[2021-03-23T22:58:58Z INFO  hashcode2021::traffic] Traffic scheduler: log base 6.168587
[2021-03-23T22:58:59Z INFO  hashcode2021] Schedule 187/500: score 1306042
[2021-03-23T22:58:59Z INFO  hashcode2021::traffic] Traffic scheduler: log base 3.8297384
[2021-03-23T22:58:59Z INFO  hashcode2021] Schedule 188/500: score 1306005
[2021-03-23T22:58:59Z INFO  hashcode2021::traffic] Traffic scheduler: log base 5.7381635
[2021-03-23T22:59:00Z INFO  hashcode2021] Schedule 189/500: score 1305876
[2021-03-23T22:59:00Z INFO  hashcode2021::traffic] Traffic scheduler: log base 2.861991
[2021-03-23T22:59:01Z INFO  hashcode2021] Schedule 190/500: score 1305770
[2021-03-23T22:59:01Z INFO  hashcode2021::traffic] Traffic scheduler: log base 6.503949
[2021-03-23T22:59:02Z INFO  hashcode2021] Schedule 191/500: score 1306203
[2021-03-23T22:59:02Z INFO  hashcode2021::traffic] Traffic scheduler: log base 5.4927626
[2021-03-23T22:59:03Z INFO  hashcode2021] Schedule 192/500: score 1306297
[2021-03-23T22:59:03Z INFO  hashcode2021::traffic] Traffic scheduler: log base 5.3519325
[2021-03-23T22:59:04Z INFO  hashcode2021] Schedule 193/500: score 1306023
[2021-03-23T22:59:04Z INFO  hashcode2021::traffic] Traffic scheduler: log base 9.125441
[2021-03-23T22:59:04Z INFO  hashcode2021] Schedule 194/500: score 1306134
[2021-03-23T22:59:04Z INFO  hashcode2021::traffic] Traffic scheduler: log base 5.216346
[2021-03-23T22:59:05Z INFO  hashcode2021] Schedule 195/500: score 1306368
[2021-03-23T22:59:05Z INFO  hashcode2021::traffic] Traffic scheduler: log base 5.495481
[2021-03-23T22:59:06Z INFO  hashcode2021] Schedule 196/500: score 1306174
[2021-03-23T22:59:06Z INFO  hashcode2021::traffic] Traffic scheduler: log base 5.581372
[2021-03-23T22:59:07Z INFO  hashcode2021] Schedule 197/500: score 1306097
[2021-03-23T22:59:07Z INFO  hashcode2021::traffic] Traffic scheduler: log base 5.568118
[2021-03-23T22:59:08Z INFO  hashcode2021] Schedule 198/500: score 1305994
[2021-03-23T22:59:08Z INFO  hashcode2021::traffic] Traffic scheduler: log base 4.3515854
[2021-03-23T22:59:08Z INFO  hashcode2021] Schedule 199/500: score 1306144
[2021-03-23T22:59:09Z INFO  hashcode2021::traffic] Traffic scheduler: log base 1.5780114
[2021-03-23T22:59:10Z INFO  hashcode2021] Schedule 200/500: score 1300477
[2021-03-23T22:59:10Z INFO  hashcode2021::traffic] Traffic scheduler: log base 6.9038124
[2021-03-23T22:59:10Z INFO  hashcode2021] Schedule 201/500: score 1305723
[2021-03-23T22:59:10Z INFO  hashcode2021::traffic] Traffic scheduler: log base 4.8050776
[2021-03-23T22:59:11Z INFO  hashcode2021] Schedule 202/500: score 1305999
[2021-03-23T22:59:11Z INFO  hashcode2021::traffic] Traffic scheduler: log base 7.0253205
[2021-03-23T22:59:12Z INFO  hashcode2021] Schedule 203/500: score 1305854
[2021-03-23T22:59:12Z INFO  hashcode2021::traffic] Traffic scheduler: log base 4.848551
[2021-03-23T22:59:13Z INFO  hashcode2021] Schedule 204/500: score 1306160
[2021-03-23T22:59:13Z INFO  hashcode2021::traffic] Traffic scheduler: log base 4.7194085
[2021-03-23T22:59:14Z INFO  hashcode2021] Schedule 205/500: score 1306162
[2021-03-23T22:59:14Z INFO  hashcode2021::traffic] Traffic scheduler: log base 5.336154
[2021-03-23T22:59:15Z INFO  hashcode2021] Schedule 206/500: score 1305944
[2021-03-23T22:59:15Z INFO  hashcode2021::traffic] Traffic scheduler: log base 6.2997174
[2021-03-23T22:59:15Z INFO  hashcode2021] Schedule 207/500: score 1305886
[2021-03-23T22:59:16Z INFO  hashcode2021::traffic] Traffic scheduler: log base 5.7183833
[2021-03-23T22:59:16Z INFO  hashcode2021] Schedule 208/500: score 1306141
[2021-03-23T22:59:16Z INFO  hashcode2021::traffic] Traffic scheduler: log base 3.2417345
[2021-03-23T22:59:17Z INFO  hashcode2021] Schedule 209/500: score 1305654
[2021-03-23T22:59:17Z INFO  hashcode2021::traffic] Traffic scheduler: log base 1.9650637
[2021-03-23T22:59:18Z INFO  hashcode2021] Schedule 210/500: score 1304022
[2021-03-23T22:59:18Z INFO  hashcode2021::traffic] Traffic scheduler: log base 8.117106
[2021-03-23T22:59:19Z INFO  hashcode2021] Schedule 211/500: score 1306093
[2021-03-23T22:59:19Z INFO  hashcode2021::traffic] Traffic scheduler: log base 6.2751536
[2021-03-23T22:59:20Z INFO  hashcode2021] Schedule 212/500: score 1305880
[2021-03-23T22:59:20Z INFO  hashcode2021::traffic] Traffic scheduler: log base 5.963796
[2021-03-23T22:59:21Z INFO  hashcode2021] Schedule 213/500: score 1305956
[2021-03-23T22:59:21Z INFO  hashcode2021::traffic] Traffic scheduler: log base 5.838254
[2021-03-23T22:59:21Z INFO  hashcode2021] Schedule 214/500: score 1305787
[2021-03-23T22:59:21Z INFO  hashcode2021::traffic] Traffic scheduler: log base 3.0210474
[2021-03-23T22:59:22Z INFO  hashcode2021] Schedule 215/500: score 1305827
[2021-03-23T22:59:22Z INFO  hashcode2021::traffic] Traffic scheduler: log base 2.6885946
[2021-03-23T22:59:23Z INFO  hashcode2021] Schedule 216/500: score 1305521
[2021-03-23T22:59:23Z INFO  hashcode2021::traffic] Traffic scheduler: log base 2.5751824
[2021-03-23T22:59:24Z INFO  hashcode2021] Schedule 217/500: score 1305597
[2021-03-23T22:59:24Z INFO  hashcode2021::traffic] Traffic scheduler: log base 7.1088076
[2021-03-23T22:59:25Z INFO  hashcode2021] Schedule 218/500: score 1306054
[2021-03-23T22:59:25Z INFO  hashcode2021::traffic] Traffic scheduler: log base 1.6754776
[2021-03-23T22:59:26Z INFO  hashcode2021] Schedule 219/500: score 1301896
[2021-03-23T22:59:26Z INFO  hashcode2021::traffic] Traffic scheduler: log base 4.8851357
[2021-03-23T22:59:27Z INFO  hashcode2021] Schedule 220/500: score 1306317
[2021-03-23T22:59:27Z INFO  hashcode2021::traffic] Traffic scheduler: log base 6.9273567
[2021-03-23T22:59:27Z INFO  hashcode2021] Schedule 221/500: score 1306118
[2021-03-23T22:59:27Z INFO  hashcode2021::traffic] Traffic scheduler: log base 6.930638
[2021-03-23T22:59:28Z INFO  hashcode2021] Schedule 222/500: score 1305997
[2021-03-23T22:59:28Z INFO  hashcode2021::traffic] Traffic scheduler: log base 6.3147974
[2021-03-23T22:59:29Z INFO  hashcode2021] Schedule 223/500: score 1305897
[2021-03-23T22:59:29Z INFO  hashcode2021::traffic] Traffic scheduler: log base 8.07699
[2021-03-23T22:59:30Z INFO  hashcode2021] Schedule 224/500: score 1306280
[2021-03-23T22:59:30Z INFO  hashcode2021::traffic] Traffic scheduler: log base 8.510145
[2021-03-23T22:59:30Z INFO  hashcode2021] Schedule 225/500: score 1306129
[2021-03-23T22:59:30Z INFO  hashcode2021::traffic] Traffic scheduler: log base 5.86822
[2021-03-23T22:59:31Z INFO  hashcode2021] Schedule 226/500: score 1305934
[2021-03-23T22:59:31Z INFO  hashcode2021::traffic] Traffic scheduler: log base 2.7502608
[2021-03-23T22:59:32Z INFO  hashcode2021] Schedule 227/500: score 1305237
[2021-03-23T22:59:32Z INFO  hashcode2021::traffic] Traffic scheduler: log base 8.740829
[2021-03-23T22:59:33Z INFO  hashcode2021] Schedule 228/500: score 1306051
[2021-03-23T22:59:33Z INFO  hashcode2021::traffic] Traffic scheduler: log base 8.19259
[2021-03-23T22:59:33Z INFO  hashcode2021] Schedule 229/500: score 1306202
[2021-03-23T22:59:34Z INFO  hashcode2021::traffic] Traffic scheduler: log base 1.6469792
[2021-03-23T22:59:34Z INFO  hashcode2021] Schedule 230/500: score 1301776
[2021-03-23T22:59:34Z INFO  hashcode2021::traffic] Traffic scheduler: log base 4.4370947
[2021-03-23T22:59:35Z INFO  hashcode2021] Schedule 231/500: score 1306241
[2021-03-23T22:59:35Z INFO  hashcode2021::traffic] Traffic scheduler: log base 8.984619
[2021-03-23T22:59:36Z INFO  hashcode2021] Schedule 232/500: score 1306284
[2021-03-23T22:59:36Z INFO  hashcode2021::traffic] Traffic scheduler: log base 8.748286
[2021-03-23T22:59:37Z INFO  hashcode2021] Schedule 233/500: score 1305955
[2021-03-23T22:59:37Z INFO  hashcode2021::traffic] Traffic scheduler: log base 7.053964
[2021-03-23T22:59:38Z INFO  hashcode2021] Schedule 234/500: score 1306207
[2021-03-23T22:59:38Z INFO  hashcode2021::traffic] Traffic scheduler: log base 2.6958375
[2021-03-23T22:59:39Z INFO  hashcode2021] Schedule 235/500: score 1305515
[2021-03-23T22:59:39Z INFO  hashcode2021::traffic] Traffic scheduler: log base 6.278834
[2021-03-23T22:59:39Z INFO  hashcode2021] Schedule 236/500: score 1306079
[2021-03-23T22:59:39Z INFO  hashcode2021::traffic] Traffic scheduler: log base 7.5955596
[2021-03-23T22:59:40Z INFO  hashcode2021] Schedule 237/500: score 1305914
[2021-03-23T22:59:40Z INFO  hashcode2021::traffic] Traffic scheduler: log base 9.509123
[2021-03-23T22:59:41Z INFO  hashcode2021] Schedule 238/500: score 1305931
[2021-03-23T22:59:41Z INFO  hashcode2021::traffic] Traffic scheduler: log base 5.331808
[2021-03-23T22:59:42Z INFO  hashcode2021] Schedule 239/500: score 1306095
[2021-03-23T22:59:42Z INFO  hashcode2021::traffic] Traffic scheduler: log base 6.3661785
[2021-03-23T22:59:43Z INFO  hashcode2021] Schedule 240/500: score 1306139
[2021-03-23T22:59:43Z INFO  hashcode2021::traffic] Traffic scheduler: log base 9.833295
[2021-03-23T22:59:44Z INFO  hashcode2021] Schedule 241/500: score 1306151
[2021-03-23T22:59:44Z INFO  hashcode2021::traffic] Traffic scheduler: log base 1.9385036
[2021-03-23T22:59:44Z INFO  hashcode2021] Schedule 242/500: score 1303655
[2021-03-23T22:59:44Z INFO  hashcode2021::traffic] Traffic scheduler: log base 8.825657
[2021-03-23T22:59:45Z INFO  hashcode2021] Schedule 243/500: score 1306190
[2021-03-23T22:59:45Z INFO  hashcode2021::traffic] Traffic scheduler: log base 1.6296389
[2021-03-23T22:59:46Z INFO  hashcode2021] Schedule 244/500: score 1301175
[2021-03-23T22:59:46Z INFO  hashcode2021::traffic] Traffic scheduler: log base 6.6448507
[2021-03-23T22:59:47Z INFO  hashcode2021] Schedule 245/500: score 1305950
[2021-03-23T22:59:47Z INFO  hashcode2021::traffic] Traffic scheduler: log base 8.686551
[2021-03-23T22:59:48Z INFO  hashcode2021] Schedule 246/500: score 1306017
[2021-03-23T22:59:48Z INFO  hashcode2021::traffic] Traffic scheduler: log base 1.9236298
[2021-03-23T22:59:49Z INFO  hashcode2021] Schedule 247/500: score 1303629
[2021-03-23T22:59:49Z INFO  hashcode2021::traffic] Traffic scheduler: log base 7.0392814
[2021-03-23T22:59:50Z INFO  hashcode2021] Schedule 248/500: score 1305988
[2021-03-23T22:59:50Z INFO  hashcode2021::traffic] Traffic scheduler: log base 4.069413
[2021-03-23T22:59:50Z INFO  hashcode2021] Schedule 249/500: score 1305923
[2021-03-23T22:59:50Z INFO  hashcode2021::traffic] Traffic scheduler: log base 9.715571
[2021-03-23T22:59:51Z INFO  hashcode2021] Schedule 250/500: score 1306171
[2021-03-23T22:59:51Z INFO  hashcode2021::traffic] Traffic scheduler: log base 9.846746
[2021-03-23T22:59:52Z INFO  hashcode2021] Schedule 251/500: score 1306380
[2021-03-23T22:59:52Z INFO  hashcode2021::traffic] Traffic scheduler: log base 7.696926
[2021-03-23T22:59:53Z INFO  hashcode2021] Schedule 252/500: score 1305757
[2021-03-23T22:59:53Z INFO  hashcode2021::traffic] Traffic scheduler: log base 2.7157354
[2021-03-23T22:59:54Z INFO  hashcode2021] Schedule 253/500: score 1305403
[2021-03-23T22:59:54Z INFO  hashcode2021::traffic] Traffic scheduler: log base 7.3359747
[2021-03-23T22:59:55Z INFO  hashcode2021] Schedule 254/500: score 1306189
[2021-03-23T22:59:55Z INFO  hashcode2021::traffic] Traffic scheduler: log base 2.99186
[2021-03-23T22:59:56Z INFO  hashcode2021] Schedule 255/500: score 1305644
[2021-03-23T22:59:56Z INFO  hashcode2021::traffic] Traffic scheduler: log base 4.8919706
[2021-03-23T22:59:56Z INFO  hashcode2021] Schedule 256/500: score 1306184
[2021-03-23T22:59:57Z INFO  hashcode2021::traffic] Traffic scheduler: log base 7.564328
[2021-03-23T22:59:57Z INFO  hashcode2021] Schedule 257/500: score 1306084
[2021-03-23T22:59:57Z INFO  hashcode2021::traffic] Traffic scheduler: log base 7.068405
[2021-03-23T22:59:58Z INFO  hashcode2021] Schedule 258/500: score 1305966
[2021-03-23T22:59:58Z INFO  hashcode2021::traffic] Traffic scheduler: log base 7.7961383
[2021-03-23T22:59:59Z INFO  hashcode2021] Schedule 259/500: score 1305944
[2021-03-23T22:59:59Z INFO  hashcode2021::traffic] Traffic scheduler: log base 2.1586132
[2021-03-23T23:00:00Z INFO  hashcode2021] Schedule 260/500: score 1304776
[2021-03-23T23:00:00Z INFO  hashcode2021::traffic] Traffic scheduler: log base 8.34791
[2021-03-23T23:00:01Z INFO  hashcode2021] Schedule 261/500: score 1306036
[2021-03-23T23:00:01Z INFO  hashcode2021::traffic] Traffic scheduler: log base 6.305395
[2021-03-23T23:00:02Z INFO  hashcode2021] Schedule 262/500: score 1306117
[2021-03-23T23:00:02Z INFO  hashcode2021::traffic] Traffic scheduler: log base 4.121443
[2021-03-23T23:00:03Z INFO  hashcode2021] Schedule 263/500: score 1305942
[2021-03-23T23:00:03Z INFO  hashcode2021::traffic] Traffic scheduler: log base 7.464496
[2021-03-23T23:00:03Z INFO  hashcode2021] Schedule 264/500: score 1306125
[2021-03-23T23:00:03Z INFO  hashcode2021::traffic] Traffic scheduler: log base 3.0526252
[2021-03-23T23:00:04Z INFO  hashcode2021] Schedule 265/500: score 1305958
[2021-03-23T23:00:04Z INFO  hashcode2021::traffic] Traffic scheduler: log base 4.5178337
[2021-03-23T23:00:05Z INFO  hashcode2021] Schedule 266/500: score 1305903
[2021-03-23T23:00:05Z INFO  hashcode2021::traffic] Traffic scheduler: log base 2.8650591
[2021-03-23T23:00:06Z INFO  hashcode2021] Schedule 267/500: score 1305519
[2021-03-23T23:00:06Z INFO  hashcode2021::traffic] Traffic scheduler: log base 6.108605
[2021-03-23T23:00:07Z INFO  hashcode2021] Schedule 268/500: score 1306014
[2021-03-23T23:00:07Z INFO  hashcode2021::traffic] Traffic scheduler: log base 2.628128
[2021-03-23T23:00:08Z INFO  hashcode2021] Schedule 269/500: score 1305473
[2021-03-23T23:00:08Z INFO  hashcode2021::traffic] Traffic scheduler: log base 9.20707
[2021-03-23T23:00:08Z INFO  hashcode2021] Schedule 270/500: score 1305942
[2021-03-23T23:00:08Z INFO  hashcode2021::traffic] Traffic scheduler: log base 3.1299324
[2021-03-23T23:00:09Z INFO  hashcode2021] Schedule 271/500: score 1305877
[2021-03-23T23:00:09Z INFO  hashcode2021::traffic] Traffic scheduler: log base 2.5148811
[2021-03-23T23:00:10Z INFO  hashcode2021] Schedule 272/500: score 1305353
[2021-03-23T23:00:10Z INFO  hashcode2021::traffic] Traffic scheduler: log base 2.1608272
[2021-03-23T23:00:11Z INFO  hashcode2021] Schedule 273/500: score 1304842
[2021-03-23T23:00:11Z INFO  hashcode2021::traffic] Traffic scheduler: log base 2.0430143
[2021-03-23T23:00:12Z INFO  hashcode2021] Schedule 274/500: score 1304075
[2021-03-23T23:00:12Z INFO  hashcode2021::traffic] Traffic scheduler: log base 3.505567
[2021-03-23T23:00:13Z INFO  hashcode2021] Schedule 275/500: score 1305869
[2021-03-23T23:00:13Z INFO  hashcode2021::traffic] Traffic scheduler: log base 5.964639
[2021-03-23T23:00:14Z INFO  hashcode2021] Schedule 276/500: score 1306060
[2021-03-23T23:00:14Z INFO  hashcode2021::traffic] Traffic scheduler: log base 8.471796
[2021-03-23T23:00:14Z INFO  hashcode2021] Schedule 277/500: score 1306328
[2021-03-23T23:00:14Z INFO  hashcode2021::traffic] Traffic scheduler: log base 4.9412203
[2021-03-23T23:00:15Z INFO  hashcode2021] Schedule 278/500: score 1305996
[2021-03-23T23:00:15Z INFO  hashcode2021::traffic] Traffic scheduler: log base 4.512717
[2021-03-23T23:00:16Z INFO  hashcode2021] Schedule 279/500: score 1305990
[2021-03-23T23:00:16Z INFO  hashcode2021::traffic] Traffic scheduler: log base 1.7978858
[2021-03-23T23:00:17Z INFO  hashcode2021] Schedule 280/500: score 1302654
[2021-03-23T23:00:17Z INFO  hashcode2021::traffic] Traffic scheduler: log base 5.918648
[2021-03-23T23:00:17Z INFO  hashcode2021] Schedule 281/500: score 1306177
[2021-03-23T23:00:17Z INFO  hashcode2021::traffic] Traffic scheduler: log base 6.8002076
[2021-03-23T23:00:18Z INFO  hashcode2021] Schedule 282/500: score 1306278
[2021-03-23T23:00:18Z INFO  hashcode2021::traffic] Traffic scheduler: log base 3.9818447
[2021-03-23T23:00:19Z INFO  hashcode2021] Schedule 283/500: score 1305827
[2021-03-23T23:00:19Z INFO  hashcode2021::traffic] Traffic scheduler: log base 2.1565146
[2021-03-23T23:00:20Z INFO  hashcode2021] Schedule 284/500: score 1304836
[2021-03-23T23:00:20Z INFO  hashcode2021::traffic] Traffic scheduler: log base 6.1896086
[2021-03-23T23:00:21Z INFO  hashcode2021] Schedule 285/500: score 1306111
[2021-03-23T23:00:21Z INFO  hashcode2021::traffic] Traffic scheduler: log base 8.924049
[2021-03-23T23:00:21Z INFO  hashcode2021] Schedule 286/500: score 1306032
[2021-03-23T23:00:21Z INFO  hashcode2021::traffic] Traffic scheduler: log base 7.235941
[2021-03-23T23:00:22Z INFO  hashcode2021] Schedule 287/500: score 1305848
[2021-03-23T23:00:22Z INFO  hashcode2021::traffic] Traffic scheduler: log base 6.804188
[2021-03-23T23:00:23Z INFO  hashcode2021] Schedule 288/500: score 1306087
[2021-03-23T23:00:23Z INFO  hashcode2021::traffic] Traffic scheduler: log base 4.11592
[2021-03-23T23:00:24Z INFO  hashcode2021] Schedule 289/500: score 1305630
[2021-03-23T23:00:24Z INFO  hashcode2021::traffic] Traffic scheduler: log base 5.018175
[2021-03-23T23:00:25Z INFO  hashcode2021] Schedule 290/500: score 1306278
[2021-03-23T23:00:25Z INFO  hashcode2021::traffic] Traffic scheduler: log base 8.823872
[2021-03-23T23:00:26Z INFO  hashcode2021] Schedule 291/500: score 1305889
[2021-03-23T23:00:26Z INFO  hashcode2021::traffic] Traffic scheduler: log base 9.237722
[2021-03-23T23:00:26Z INFO  hashcode2021] Schedule 292/500: score 1306159
[2021-03-23T23:00:26Z INFO  hashcode2021::traffic] Traffic scheduler: log base 2.489683
[2021-03-23T23:00:27Z INFO  hashcode2021] Schedule 293/500: score 1305194
[2021-03-23T23:00:27Z INFO  hashcode2021::traffic] Traffic scheduler: log base 5.605379
[2021-03-23T23:00:28Z INFO  hashcode2021] Schedule 294/500: score 1306014
[2021-03-23T23:00:28Z INFO  hashcode2021::traffic] Traffic scheduler: log base 1.553871
[2021-03-23T23:00:29Z INFO  hashcode2021] Schedule 295/500: score 1300352
[2021-03-23T23:00:29Z INFO  hashcode2021::traffic] Traffic scheduler: log base 7.9345756
[2021-03-23T23:00:30Z INFO  hashcode2021] Schedule 296/500: score 1306148
[2021-03-23T23:00:30Z INFO  hashcode2021::traffic] Traffic scheduler: log base 8.549873
[2021-03-23T23:00:31Z INFO  hashcode2021] Schedule 297/500: score 1306066
[2021-03-23T23:00:31Z INFO  hashcode2021::traffic] Traffic scheduler: log base 2.35394
[2021-03-23T23:00:32Z INFO  hashcode2021] Schedule 298/500: score 1305239
[2021-03-23T23:00:32Z INFO  hashcode2021::traffic] Traffic scheduler: log base 1.5983357
[2021-03-23T23:00:33Z INFO  hashcode2021] Schedule 299/500: score 1300746
[2021-03-23T23:00:33Z INFO  hashcode2021::traffic] Traffic scheduler: log base 5.023322
[2021-03-23T23:00:33Z INFO  hashcode2021] Schedule 300/500: score 1306692
[2021-03-23T23:00:33Z INFO  hashcode2021::traffic] Traffic scheduler: log base 9.723006
[2021-03-23T23:00:34Z INFO  hashcode2021] Schedule 301/500: score 1306232
[2021-03-23T23:00:34Z INFO  hashcode2021::traffic] Traffic scheduler: log base 3.071538
[2021-03-23T23:00:35Z INFO  hashcode2021] Schedule 302/500: score 1306096
[2021-03-23T23:00:35Z INFO  hashcode2021::traffic] Traffic scheduler: log base 3.2801795
[2021-03-23T23:00:36Z INFO  hashcode2021] Schedule 303/500: score 1305993
[2021-03-23T23:00:36Z INFO  hashcode2021::traffic] Traffic scheduler: log base 9.992156
[2021-03-23T23:00:37Z INFO  hashcode2021] Schedule 304/500: score 1306181
[2021-03-23T23:00:37Z INFO  hashcode2021::traffic] Traffic scheduler: log base 8.870938
[2021-03-23T23:00:38Z INFO  hashcode2021] Schedule 305/500: score 1306013
[2021-03-23T23:00:38Z INFO  hashcode2021::traffic] Traffic scheduler: log base 5.485548
[2021-03-23T23:00:38Z INFO  hashcode2021] Schedule 306/500: score 1306139
[2021-03-23T23:00:38Z INFO  hashcode2021::traffic] Traffic scheduler: log base 1.6260672
[2021-03-23T23:00:39Z INFO  hashcode2021] Schedule 307/500: score 1301078
[2021-03-23T23:00:39Z INFO  hashcode2021::traffic] Traffic scheduler: log base 9.882886
[2021-03-23T23:00:40Z INFO  hashcode2021] Schedule 308/500: score 1306129
[2021-03-23T23:00:40Z INFO  hashcode2021::traffic] Traffic scheduler: log base 6.2414174
[2021-03-23T23:00:41Z INFO  hashcode2021] Schedule 309/500: score 1305900
[2021-03-23T23:00:41Z INFO  hashcode2021::traffic] Traffic scheduler: log base 2.0630286
[2021-03-23T23:00:42Z INFO  hashcode2021] Schedule 310/500: score 1304485
[2021-03-23T23:00:42Z INFO  hashcode2021::traffic] Traffic scheduler: log base 5.931423
[2021-03-23T23:00:43Z INFO  hashcode2021] Schedule 311/500: score 1306129
[2021-03-23T23:00:43Z INFO  hashcode2021::traffic] Traffic scheduler: log base 7.540014
[2021-03-23T23:00:44Z INFO  hashcode2021] Schedule 312/500: score 1306065
[2021-03-23T23:00:44Z INFO  hashcode2021::traffic] Traffic scheduler: log base 3.4966755
[2021-03-23T23:00:44Z INFO  hashcode2021] Schedule 313/500: score 1305901
[2021-03-23T23:00:44Z INFO  hashcode2021::traffic] Traffic scheduler: log base 3.172098
[2021-03-23T23:00:45Z INFO  hashcode2021] Schedule 314/500: score 1305589
[2021-03-23T23:00:45Z INFO  hashcode2021::traffic] Traffic scheduler: log base 4.1556025
[2021-03-23T23:00:46Z INFO  hashcode2021] Schedule 315/500: score 1305706
[2021-03-23T23:00:46Z INFO  hashcode2021::traffic] Traffic scheduler: log base 1.5780377
[2021-03-23T23:00:47Z INFO  hashcode2021] Schedule 316/500: score 1300522
[2021-03-23T23:00:47Z INFO  hashcode2021::traffic] Traffic scheduler: log base 8.924036
[2021-03-23T23:00:48Z INFO  hashcode2021] Schedule 317/500: score 1305974
[2021-03-23T23:00:48Z INFO  hashcode2021::traffic] Traffic scheduler: log base 6.692886
[2021-03-23T23:00:49Z INFO  hashcode2021] Schedule 318/500: score 1306068
[2021-03-23T23:00:49Z INFO  hashcode2021::traffic] Traffic scheduler: log base 9.608708
[2021-03-23T23:00:50Z INFO  hashcode2021] Schedule 319/500: score 1306286
[2021-03-23T23:00:50Z INFO  hashcode2021::traffic] Traffic scheduler: log base 8.152245
[2021-03-23T23:00:50Z INFO  hashcode2021] Schedule 320/500: score 1306143
[2021-03-23T23:00:50Z INFO  hashcode2021::traffic] Traffic scheduler: log base 9.596066
[2021-03-23T23:00:51Z INFO  hashcode2021] Schedule 321/500: score 1306152
[2021-03-23T23:00:51Z INFO  hashcode2021::traffic] Traffic scheduler: log base 3.0836346
[2021-03-23T23:00:52Z INFO  hashcode2021] Schedule 322/500: score 1305787
[2021-03-23T23:00:52Z INFO  hashcode2021::traffic] Traffic scheduler: log base 3.2212734
[2021-03-23T23:00:53Z INFO  hashcode2021] Schedule 323/500: score 1306067
[2021-03-23T23:00:53Z INFO  hashcode2021::traffic] Traffic scheduler: log base 8.734243
[2021-03-23T23:00:54Z INFO  hashcode2021] Schedule 324/500: score 1306075
[2021-03-23T23:00:54Z INFO  hashcode2021::traffic] Traffic scheduler: log base 7.5489874
[2021-03-23T23:00:55Z INFO  hashcode2021] Schedule 325/500: score 1305923
[2021-03-23T23:00:55Z INFO  hashcode2021::traffic] Traffic scheduler: log base 9.513257
[2021-03-23T23:00:56Z INFO  hashcode2021] Schedule 326/500: score 1306196
[2021-03-23T23:00:56Z INFO  hashcode2021::traffic] Traffic scheduler: log base 2.4541898
[2021-03-23T23:00:56Z INFO  hashcode2021] Schedule 327/500: score 1304842
[2021-03-23T23:00:56Z INFO  hashcode2021::traffic] Traffic scheduler: log base 6.5693836
[2021-03-23T23:00:57Z INFO  hashcode2021] Schedule 328/500: score 1306217
[2021-03-23T23:00:57Z INFO  hashcode2021::traffic] Traffic scheduler: log base 3.5358205
[2021-03-23T23:00:58Z INFO  hashcode2021] Schedule 329/500: score 1306040
[2021-03-23T23:00:58Z INFO  hashcode2021::traffic] Traffic scheduler: log base 6.4196434
[2021-03-23T23:00:59Z INFO  hashcode2021] Schedule 330/500: score 1306388
[2021-03-23T23:00:59Z INFO  hashcode2021::traffic] Traffic scheduler: log base 9.817752
[2021-03-23T23:00:59Z INFO  hashcode2021] Schedule 331/500: score 1306322
[2021-03-23T23:00:59Z INFO  hashcode2021::traffic] Traffic scheduler: log base 9.013676
[2021-03-23T23:01:00Z INFO  hashcode2021] Schedule 332/500: score 1306091
[2021-03-23T23:01:00Z INFO  hashcode2021::traffic] Traffic scheduler: log base 3.783699
[2021-03-23T23:01:01Z INFO  hashcode2021] Schedule 333/500: score 1305841
[2021-03-23T23:01:01Z INFO  hashcode2021::traffic] Traffic scheduler: log base 6.526291
[2021-03-23T23:01:02Z INFO  hashcode2021] Schedule 334/500: score 1306202
[2021-03-23T23:01:02Z INFO  hashcode2021::traffic] Traffic scheduler: log base 5.5928955
[2021-03-23T23:01:02Z INFO  hashcode2021] Schedule 335/500: score 1306017
[2021-03-23T23:01:02Z INFO  hashcode2021::traffic] Traffic scheduler: log base 9.413364
[2021-03-23T23:01:03Z INFO  hashcode2021] Schedule 336/500: score 1306187
[2021-03-23T23:01:03Z INFO  hashcode2021::traffic] Traffic scheduler: log base 7.1789002
[2021-03-23T23:01:04Z INFO  hashcode2021] Schedule 337/500: score 1305708
[2021-03-23T23:01:04Z INFO  hashcode2021::traffic] Traffic scheduler: log base 8.4452305
[2021-03-23T23:01:05Z INFO  hashcode2021] Schedule 338/500: score 1306105
[2021-03-23T23:01:05Z INFO  hashcode2021::traffic] Traffic scheduler: log base 5.6927595
[2021-03-23T23:01:05Z INFO  hashcode2021] Schedule 339/500: score 1305999
[2021-03-23T23:01:05Z INFO  hashcode2021::traffic] Traffic scheduler: log base 4.819661
[2021-03-23T23:01:06Z INFO  hashcode2021] Schedule 340/500: score 1306238
[2021-03-23T23:01:06Z INFO  hashcode2021::traffic] Traffic scheduler: log base 9.377008
[2021-03-23T23:01:07Z INFO  hashcode2021] Schedule 341/500: score 1306164
[2021-03-23T23:01:07Z INFO  hashcode2021::traffic] Traffic scheduler: log base 8.807007
[2021-03-23T23:01:08Z INFO  hashcode2021] Schedule 342/500: score 1305919
[2021-03-23T23:01:08Z INFO  hashcode2021::traffic] Traffic scheduler: log base 3.4258442
[2021-03-23T23:01:09Z INFO  hashcode2021] Schedule 343/500: score 1306150
[2021-03-23T23:01:09Z INFO  hashcode2021::traffic] Traffic scheduler: log base 9.186207
[2021-03-23T23:01:09Z INFO  hashcode2021] Schedule 344/500: score 1306174
[2021-03-23T23:01:09Z INFO  hashcode2021::traffic] Traffic scheduler: log base 3.060776
[2021-03-23T23:01:10Z INFO  hashcode2021] Schedule 345/500: score 1306011
[2021-03-23T23:01:10Z INFO  hashcode2021::traffic] Traffic scheduler: log base 2.8068078
[2021-03-23T23:01:11Z INFO  hashcode2021] Schedule 346/500: score 1305177
[2021-03-23T23:01:11Z INFO  hashcode2021::traffic] Traffic scheduler: log base 7.8143387
[2021-03-23T23:01:12Z INFO  hashcode2021] Schedule 347/500: score 1305888
[2021-03-23T23:01:12Z INFO  hashcode2021::traffic] Traffic scheduler: log base 9.448601
[2021-03-23T23:01:13Z INFO  hashcode2021] Schedule 348/500: score 1306145
[2021-03-23T23:01:13Z INFO  hashcode2021::traffic] Traffic scheduler: log base 4.7125616
[2021-03-23T23:01:14Z INFO  hashcode2021] Schedule 349/500: score 1305866
[2021-03-23T23:01:14Z INFO  hashcode2021::traffic] Traffic scheduler: log base 3.2578983
[2021-03-23T23:01:14Z INFO  hashcode2021] Schedule 350/500: score 1305661
[2021-03-23T23:01:14Z INFO  hashcode2021::traffic] Traffic scheduler: log base 3.3700075
[2021-03-23T23:01:15Z INFO  hashcode2021] Schedule 351/500: score 1306187
[2021-03-23T23:01:15Z INFO  hashcode2021::traffic] Traffic scheduler: log base 8.342989
[2021-03-23T23:01:16Z INFO  hashcode2021] Schedule 352/500: score 1306336
[2021-03-23T23:01:16Z INFO  hashcode2021::traffic] Traffic scheduler: log base 9.419844
[2021-03-23T23:01:17Z INFO  hashcode2021] Schedule 353/500: score 1306117
[2021-03-23T23:01:17Z INFO  hashcode2021::traffic] Traffic scheduler: log base 2.377986
[2021-03-23T23:01:18Z INFO  hashcode2021] Schedule 354/500: score 1304897
[2021-03-23T23:01:18Z INFO  hashcode2021::traffic] Traffic scheduler: log base 9.145524
[2021-03-23T23:01:19Z INFO  hashcode2021] Schedule 355/500: score 1306251
[2021-03-23T23:01:19Z INFO  hashcode2021::traffic] Traffic scheduler: log base 5.1691036
[2021-03-23T23:01:19Z INFO  hashcode2021] Schedule 356/500: score 1306342
[2021-03-23T23:01:20Z INFO  hashcode2021::traffic] Traffic scheduler: log base 6.4248495
[2021-03-23T23:01:20Z INFO  hashcode2021] Schedule 357/500: score 1306069
[2021-03-23T23:01:20Z INFO  hashcode2021::traffic] Traffic scheduler: log base 2.595911
[2021-03-23T23:01:21Z INFO  hashcode2021] Schedule 358/500: score 1305792
[2021-03-23T23:01:21Z INFO  hashcode2021::traffic] Traffic scheduler: log base 5.3318624
[2021-03-23T23:01:22Z INFO  hashcode2021] Schedule 359/500: score 1306024
[2021-03-23T23:01:22Z INFO  hashcode2021::traffic] Traffic scheduler: log base 9.556269
[2021-03-23T23:01:23Z INFO  hashcode2021] Schedule 360/500: score 1306085
[2021-03-23T23:01:23Z INFO  hashcode2021::traffic] Traffic scheduler: log base 3.8339798
[2021-03-23T23:01:24Z INFO  hashcode2021] Schedule 361/500: score 1305831
[2021-03-23T23:01:24Z INFO  hashcode2021::traffic] Traffic scheduler: log base 6.7358623
[2021-03-23T23:01:25Z INFO  hashcode2021] Schedule 362/500: score 1306196
[2021-03-23T23:01:25Z INFO  hashcode2021::traffic] Traffic scheduler: log base 5.9208555
[2021-03-23T23:01:25Z INFO  hashcode2021] Schedule 363/500: score 1306109
[2021-03-23T23:01:25Z INFO  hashcode2021::traffic] Traffic scheduler: log base 3.432176
[2021-03-23T23:01:26Z INFO  hashcode2021] Schedule 364/500: score 1306105
[2021-03-23T23:01:26Z INFO  hashcode2021::traffic] Traffic scheduler: log base 7.5038834
[2021-03-23T23:01:27Z INFO  hashcode2021] Schedule 365/500: score 1305993
[2021-03-23T23:01:27Z INFO  hashcode2021::traffic] Traffic scheduler: log base 6.536455
[2021-03-23T23:01:28Z INFO  hashcode2021] Schedule 366/500: score 1306251
[2021-03-23T23:01:28Z INFO  hashcode2021::traffic] Traffic scheduler: log base 9.818861
[2021-03-23T23:01:29Z INFO  hashcode2021] Schedule 367/500: score 1306159
[2021-03-23T23:01:29Z INFO  hashcode2021::traffic] Traffic scheduler: log base 9.325266
[2021-03-23T23:01:30Z INFO  hashcode2021] Schedule 368/500: score 1306018
[2021-03-23T23:01:30Z INFO  hashcode2021::traffic] Traffic scheduler: log base 8.805248
[2021-03-23T23:01:30Z INFO  hashcode2021] Schedule 369/500: score 1306201
[2021-03-23T23:01:30Z INFO  hashcode2021::traffic] Traffic scheduler: log base 8.965387
[2021-03-23T23:01:31Z INFO  hashcode2021] Schedule 370/500: score 1306128
[2021-03-23T23:01:31Z INFO  hashcode2021::traffic] Traffic scheduler: log base 8.930063
[2021-03-23T23:01:32Z INFO  hashcode2021] Schedule 371/500: score 1306069
[2021-03-23T23:01:32Z INFO  hashcode2021::traffic] Traffic scheduler: log base 9.467343
[2021-03-23T23:01:33Z INFO  hashcode2021] Schedule 372/500: score 1306080
[2021-03-23T23:01:33Z INFO  hashcode2021::traffic] Traffic scheduler: log base 6.9391856
[2021-03-23T23:01:34Z INFO  hashcode2021] Schedule 373/500: score 1305816
[2021-03-23T23:01:34Z INFO  hashcode2021::traffic] Traffic scheduler: log base 4.7336836
[2021-03-23T23:01:35Z INFO  hashcode2021] Schedule 374/500: score 1306157
[2021-03-23T23:01:35Z INFO  hashcode2021::traffic] Traffic scheduler: log base 9.336189
[2021-03-23T23:01:35Z INFO  hashcode2021] Schedule 375/500: score 1306093
[2021-03-23T23:01:36Z INFO  hashcode2021::traffic] Traffic scheduler: log base 6.7348986
[2021-03-23T23:01:36Z INFO  hashcode2021] Schedule 376/500: score 1306299
[2021-03-23T23:01:36Z INFO  hashcode2021::traffic] Traffic scheduler: log base 9.005178
[2021-03-23T23:01:37Z INFO  hashcode2021] Schedule 377/500: score 1306073
[2021-03-23T23:01:37Z INFO  hashcode2021::traffic] Traffic scheduler: log base 8.343552
[2021-03-23T23:01:38Z INFO  hashcode2021] Schedule 378/500: score 1306101
[2021-03-23T23:01:38Z INFO  hashcode2021::traffic] Traffic scheduler: log base 5.4136705
[2021-03-23T23:01:39Z INFO  hashcode2021] Schedule 379/500: score 1306044
[2021-03-23T23:01:39Z INFO  hashcode2021::traffic] Traffic scheduler: log base 8.3149605
[2021-03-23T23:01:40Z INFO  hashcode2021] Schedule 380/500: score 1305948
[2021-03-23T23:01:40Z INFO  hashcode2021::traffic] Traffic scheduler: log base 2.811705
[2021-03-23T23:01:41Z INFO  hashcode2021] Schedule 381/500: score 1305443
[2021-03-23T23:01:41Z INFO  hashcode2021::traffic] Traffic scheduler: log base 3.2666805
[2021-03-23T23:01:41Z INFO  hashcode2021] Schedule 382/500: score 1305794
[2021-03-23T23:01:41Z INFO  hashcode2021::traffic] Traffic scheduler: log base 4.4811554
[2021-03-23T23:01:42Z INFO  hashcode2021] Schedule 383/500: score 1306245
[2021-03-23T23:01:42Z INFO  hashcode2021::traffic] Traffic scheduler: log base 5.0472755
[2021-03-23T23:01:43Z INFO  hashcode2021] Schedule 384/500: score 1306473
[2021-03-23T23:01:43Z INFO  hashcode2021::traffic] Traffic scheduler: log base 2.1506255
[2021-03-23T23:01:44Z INFO  hashcode2021] Schedule 385/500: score 1304220
[2021-03-23T23:01:44Z INFO  hashcode2021::traffic] Traffic scheduler: log base 6.088822
[2021-03-23T23:01:45Z INFO  hashcode2021] Schedule 386/500: score 1305967
[2021-03-23T23:01:45Z INFO  hashcode2021::traffic] Traffic scheduler: log base 9.413605
[2021-03-23T23:01:45Z INFO  hashcode2021] Schedule 387/500: score 1306253
[2021-03-23T23:01:45Z INFO  hashcode2021::traffic] Traffic scheduler: log base 2.5366573
[2021-03-23T23:01:46Z INFO  hashcode2021] Schedule 388/500: score 1305619
[2021-03-23T23:01:46Z INFO  hashcode2021::traffic] Traffic scheduler: log base 6.2611966
[2021-03-23T23:01:47Z INFO  hashcode2021] Schedule 389/500: score 1305996
[2021-03-23T23:01:47Z INFO  hashcode2021::traffic] Traffic scheduler: log base 5.9020877
[2021-03-23T23:01:48Z INFO  hashcode2021] Schedule 390/500: score 1305811
[2021-03-23T23:01:48Z INFO  hashcode2021::traffic] Traffic scheduler: log base 5.402836
[2021-03-23T23:01:48Z INFO  hashcode2021] Schedule 391/500: score 1306179
[2021-03-23T23:01:48Z INFO  hashcode2021::traffic] Traffic scheduler: log base 5.8058524
[2021-03-23T23:01:49Z INFO  hashcode2021] Schedule 392/500: score 1305897
[2021-03-23T23:01:49Z INFO  hashcode2021::traffic] Traffic scheduler: log base 7.1735916
[2021-03-23T23:01:50Z INFO  hashcode2021] Schedule 393/500: score 1306092
[2021-03-23T23:01:50Z INFO  hashcode2021::traffic] Traffic scheduler: log base 5.066175
[2021-03-23T23:01:51Z INFO  hashcode2021] Schedule 394/500: score 1306333
[2021-03-23T23:01:51Z INFO  hashcode2021::traffic] Traffic scheduler: log base 5.0427914
[2021-03-23T23:01:52Z INFO  hashcode2021] Schedule 395/500: score 1305918
[2021-03-23T23:01:52Z INFO  hashcode2021::traffic] Traffic scheduler: log base 5.4538727
[2021-03-23T23:01:53Z INFO  hashcode2021] Schedule 396/500: score 1306078
[2021-03-23T23:01:53Z INFO  hashcode2021::traffic] Traffic scheduler: log base 4.2716494
[2021-03-23T23:01:54Z INFO  hashcode2021] Schedule 397/500: score 1305939
[2021-03-23T23:01:54Z INFO  hashcode2021::traffic] Traffic scheduler: log base 8.351046
[2021-03-23T23:01:54Z INFO  hashcode2021] Schedule 398/500: score 1306025
[2021-03-23T23:01:54Z INFO  hashcode2021::traffic] Traffic scheduler: log base 3.642225
[2021-03-23T23:01:55Z INFO  hashcode2021] Schedule 399/500: score 1305750
[2021-03-23T23:01:55Z INFO  hashcode2021::traffic] Traffic scheduler: log base 6.6292195
[2021-03-23T23:01:56Z INFO  hashcode2021] Schedule 400/500: score 1306276
[2021-03-23T23:01:56Z INFO  hashcode2021::traffic] Traffic scheduler: log base 6.1776285
[2021-03-23T23:01:57Z INFO  hashcode2021] Schedule 401/500: score 1306104
[2021-03-23T23:01:57Z INFO  hashcode2021::traffic] Traffic scheduler: log base 2.6049342
[2021-03-23T23:01:57Z INFO  hashcode2021] Schedule 402/500: score 1305395
[2021-03-23T23:01:57Z INFO  hashcode2021::traffic] Traffic scheduler: log base 4.1256766
[2021-03-23T23:01:58Z INFO  hashcode2021] Schedule 403/500: score 1305721
[2021-03-23T23:01:58Z INFO  hashcode2021::traffic] Traffic scheduler: log base 9.034647
[2021-03-23T23:01:59Z INFO  hashcode2021] Schedule 404/500: score 1306135
[2021-03-23T23:01:59Z INFO  hashcode2021::traffic] Traffic scheduler: log base 7.927592
[2021-03-23T23:02:00Z INFO  hashcode2021] Schedule 405/500: score 1306091
[2021-03-23T23:02:00Z INFO  hashcode2021::traffic] Traffic scheduler: log base 5.769727
[2021-03-23T23:02:01Z INFO  hashcode2021] Schedule 406/500: score 1306109
[2021-03-23T23:02:01Z INFO  hashcode2021::traffic] Traffic scheduler: log base 4.848852
[2021-03-23T23:02:01Z INFO  hashcode2021] Schedule 407/500: score 1306146
[2021-03-23T23:02:02Z INFO  hashcode2021::traffic] Traffic scheduler: log base 2.772027
[2021-03-23T23:02:02Z INFO  hashcode2021] Schedule 408/500: score 1305496
[2021-03-23T23:02:02Z INFO  hashcode2021::traffic] Traffic scheduler: log base 7.5321617
[2021-03-23T23:02:03Z INFO  hashcode2021] Schedule 409/500: score 1306250
[2021-03-23T23:02:03Z INFO  hashcode2021::traffic] Traffic scheduler: log base 5.4262853
[2021-03-23T23:02:04Z INFO  hashcode2021] Schedule 410/500: score 1306130
[2021-03-23T23:02:04Z INFO  hashcode2021::traffic] Traffic scheduler: log base 3.9425893
[2021-03-23T23:02:05Z INFO  hashcode2021] Schedule 411/500: score 1305611
[2021-03-23T23:02:05Z INFO  hashcode2021::traffic] Traffic scheduler: log base 2.7916725
[2021-03-23T23:02:06Z INFO  hashcode2021] Schedule 412/500: score 1305856
[2021-03-23T23:02:06Z INFO  hashcode2021::traffic] Traffic scheduler: log base 2.6363368
[2021-03-23T23:02:06Z INFO  hashcode2021] Schedule 413/500: score 1305483
[2021-03-23T23:02:06Z INFO  hashcode2021::traffic] Traffic scheduler: log base 2.053988
[2021-03-23T23:02:07Z INFO  hashcode2021] Schedule 414/500: score 1304178
[2021-03-23T23:02:07Z INFO  hashcode2021::traffic] Traffic scheduler: log base 5.573543
[2021-03-23T23:02:08Z INFO  hashcode2021] Schedule 415/500: score 1306165
[2021-03-23T23:02:08Z INFO  hashcode2021::traffic] Traffic scheduler: log base 6.250004
[2021-03-23T23:02:09Z INFO  hashcode2021] Schedule 416/500: score 1305931
[2021-03-23T23:02:09Z INFO  hashcode2021::traffic] Traffic scheduler: log base 3.202167
[2021-03-23T23:02:09Z INFO  hashcode2021] Schedule 417/500: score 1305718
[2021-03-23T23:02:09Z INFO  hashcode2021::traffic] Traffic scheduler: log base 8.609168
[2021-03-23T23:02:10Z INFO  hashcode2021] Schedule 418/500: score 1306103
[2021-03-23T23:02:10Z INFO  hashcode2021::traffic] Traffic scheduler: log base 1.848035
[2021-03-23T23:02:11Z INFO  hashcode2021] Schedule 419/500: score 1303042
[2021-03-23T23:02:11Z INFO  hashcode2021::traffic] Traffic scheduler: log base 5.046487
[2021-03-23T23:02:12Z INFO  hashcode2021] Schedule 420/500: score 1306403
[2021-03-23T23:02:12Z INFO  hashcode2021::traffic] Traffic scheduler: log base 8.80533
[2021-03-23T23:02:12Z INFO  hashcode2021] Schedule 421/500: score 1306315
[2021-03-23T23:02:13Z INFO  hashcode2021::traffic] Traffic scheduler: log base 3.655652
[2021-03-23T23:02:13Z INFO  hashcode2021] Schedule 422/500: score 1305927
[2021-03-23T23:02:13Z INFO  hashcode2021::traffic] Traffic scheduler: log base 7.163068
[2021-03-23T23:02:14Z INFO  hashcode2021] Schedule 423/500: score 1306109
[2021-03-23T23:02:14Z INFO  hashcode2021::traffic] Traffic scheduler: log base 6.4043417
[2021-03-23T23:02:15Z INFO  hashcode2021] Schedule 424/500: score 1306313
[2021-03-23T23:02:15Z INFO  hashcode2021::traffic] Traffic scheduler: log base 3.3264527
[2021-03-23T23:02:16Z INFO  hashcode2021] Schedule 425/500: score 1306031
[2021-03-23T23:02:16Z INFO  hashcode2021::traffic] Traffic scheduler: log base 9.762037
[2021-03-23T23:02:17Z INFO  hashcode2021] Schedule 426/500: score 1306379
[2021-03-23T23:02:17Z INFO  hashcode2021::traffic] Traffic scheduler: log base 8.468193
[2021-03-23T23:02:17Z INFO  hashcode2021] Schedule 427/500: score 1306204
[2021-03-23T23:02:18Z INFO  hashcode2021::traffic] Traffic scheduler: log base 8.744436
[2021-03-23T23:02:18Z INFO  hashcode2021] Schedule 428/500: score 1306165
[2021-03-23T23:02:18Z INFO  hashcode2021::traffic] Traffic scheduler: log base 8.572895
[2021-03-23T23:02:19Z INFO  hashcode2021] Schedule 429/500: score 1306189
[2021-03-23T23:02:19Z INFO  hashcode2021::traffic] Traffic scheduler: log base 5.6484222
[2021-03-23T23:02:20Z INFO  hashcode2021] Schedule 430/500: score 1306017
[2021-03-23T23:02:20Z INFO  hashcode2021::traffic] Traffic scheduler: log base 6.7910304
[2021-03-23T23:02:21Z INFO  hashcode2021] Schedule 431/500: score 1306000
[2021-03-23T23:02:21Z INFO  hashcode2021::traffic] Traffic scheduler: log base 6.1100025
[2021-03-23T23:02:22Z INFO  hashcode2021] Schedule 432/500: score 1306008
[2021-03-23T23:02:22Z INFO  hashcode2021::traffic] Traffic scheduler: log base 3.4907417
[2021-03-23T23:02:23Z INFO  hashcode2021] Schedule 433/500: score 1305966
[2021-03-23T23:02:23Z INFO  hashcode2021::traffic] Traffic scheduler: log base 4.9412374
[2021-03-23T23:02:23Z INFO  hashcode2021] Schedule 434/500: score 1306151
[2021-03-23T23:02:23Z INFO  hashcode2021::traffic] Traffic scheduler: log base 2.6425502
[2021-03-23T23:02:24Z INFO  hashcode2021] Schedule 435/500: score 1305553
[2021-03-23T23:02:24Z INFO  hashcode2021::traffic] Traffic scheduler: log base 9.069559
[2021-03-23T23:02:25Z INFO  hashcode2021] Schedule 436/500: score 1305993
[2021-03-23T23:02:25Z INFO  hashcode2021::traffic] Traffic scheduler: log base 4.2190228
[2021-03-23T23:02:26Z INFO  hashcode2021] Schedule 437/500: score 1306096
[2021-03-23T23:02:26Z INFO  hashcode2021::traffic] Traffic scheduler: log base 5.3080883
[2021-03-23T23:02:27Z INFO  hashcode2021] Schedule 438/500: score 1306002
[2021-03-23T23:02:27Z INFO  hashcode2021::traffic] Traffic scheduler: log base 2.1881492
[2021-03-23T23:02:28Z INFO  hashcode2021] Schedule 439/500: score 1304427
[2021-03-23T23:02:28Z INFO  hashcode2021::traffic] Traffic scheduler: log base 3.424531
[2021-03-23T23:02:29Z INFO  hashcode2021] Schedule 440/500: score 1306137
[2021-03-23T23:02:29Z INFO  hashcode2021::traffic] Traffic scheduler: log base 9.689926
[2021-03-23T23:02:29Z INFO  hashcode2021] Schedule 441/500: score 1306007
[2021-03-23T23:02:29Z INFO  hashcode2021::traffic] Traffic scheduler: log base 1.9621992
[2021-03-23T23:02:30Z INFO  hashcode2021] Schedule 442/500: score 1303872
[2021-03-23T23:02:30Z INFO  hashcode2021::traffic] Traffic scheduler: log base 4.077112
[2021-03-23T23:02:31Z INFO  hashcode2021] Schedule 443/500: score 1305714
[2021-03-23T23:02:31Z INFO  hashcode2021::traffic] Traffic scheduler: log base 3.0503726
[2021-03-23T23:02:32Z INFO  hashcode2021] Schedule 444/500: score 1305803
[2021-03-23T23:02:32Z INFO  hashcode2021::traffic] Traffic scheduler: log base 6.9791203
[2021-03-23T23:02:33Z INFO  hashcode2021] Schedule 445/500: score 1306004
[2021-03-23T23:02:33Z INFO  hashcode2021::traffic] Traffic scheduler: log base 3.1059906
[2021-03-23T23:02:34Z INFO  hashcode2021] Schedule 446/500: score 1305608
[2021-03-23T23:02:34Z INFO  hashcode2021::traffic] Traffic scheduler: log base 6.937221
[2021-03-23T23:02:34Z INFO  hashcode2021] Schedule 447/500: score 1305963
[2021-03-23T23:02:35Z INFO  hashcode2021::traffic] Traffic scheduler: log base 7.081304
[2021-03-23T23:02:35Z INFO  hashcode2021] Schedule 448/500: score 1306090
[2021-03-23T23:02:35Z INFO  hashcode2021::traffic] Traffic scheduler: log base 5.2672653
[2021-03-23T23:02:36Z INFO  hashcode2021] Schedule 449/500: score 1305738
[2021-03-23T23:02:36Z INFO  hashcode2021::traffic] Traffic scheduler: log base 3.550367
[2021-03-23T23:02:37Z INFO  hashcode2021] Schedule 450/500: score 1305884
[2021-03-23T23:02:37Z INFO  hashcode2021::traffic] Traffic scheduler: log base 4.7388544
[2021-03-23T23:02:37Z INFO  hashcode2021] Schedule 451/500: score 1306108
[2021-03-23T23:02:37Z INFO  hashcode2021::traffic] Traffic scheduler: log base 5.305835
[2021-03-23T23:02:38Z INFO  hashcode2021] Schedule 452/500: score 1306109
[2021-03-23T23:02:38Z INFO  hashcode2021::traffic] Traffic scheduler: log base 4.4219294
[2021-03-23T23:02:39Z INFO  hashcode2021] Schedule 453/500: score 1306028
[2021-03-23T23:02:39Z INFO  hashcode2021::traffic] Traffic scheduler: log base 2.7865574
[2021-03-23T23:02:40Z INFO  hashcode2021] Schedule 454/500: score 1305365
[2021-03-23T23:02:40Z INFO  hashcode2021::traffic] Traffic scheduler: log base 5.422472
[2021-03-23T23:02:40Z INFO  hashcode2021] Schedule 455/500: score 1305913
[2021-03-23T23:02:41Z INFO  hashcode2021::traffic] Traffic scheduler: log base 5.6046367
[2021-03-23T23:02:41Z INFO  hashcode2021] Schedule 456/500: score 1306283
[2021-03-23T23:02:41Z INFO  hashcode2021::traffic] Traffic scheduler: log base 5.791623
[2021-03-23T23:02:42Z INFO  hashcode2021] Schedule 457/500: score 1306290
[2021-03-23T23:02:42Z INFO  hashcode2021::traffic] Traffic scheduler: log base 9.873448
[2021-03-23T23:02:43Z INFO  hashcode2021] Schedule 458/500: score 1306274
[2021-03-23T23:02:43Z INFO  hashcode2021::traffic] Traffic scheduler: log base 8.564695
[2021-03-23T23:02:43Z INFO  hashcode2021] Schedule 459/500: score 1306011
[2021-03-23T23:02:43Z INFO  hashcode2021::traffic] Traffic scheduler: log base 5.803561
[2021-03-23T23:02:44Z INFO  hashcode2021] Schedule 460/500: score 1305933
[2021-03-23T23:02:44Z INFO  hashcode2021::traffic] Traffic scheduler: log base 5.1979246
[2021-03-23T23:02:45Z INFO  hashcode2021] Schedule 461/500: score 1306341
[2021-03-23T23:02:45Z INFO  hashcode2021::traffic] Traffic scheduler: log base 4.1776886
[2021-03-23T23:02:46Z INFO  hashcode2021] Schedule 462/500: score 1306119
[2021-03-23T23:02:46Z INFO  hashcode2021::traffic] Traffic scheduler: log base 2.9332142
[2021-03-23T23:02:47Z INFO  hashcode2021] Schedule 463/500: score 1305704
[2021-03-23T23:02:47Z INFO  hashcode2021::traffic] Traffic scheduler: log base 5.418192
[2021-03-23T23:02:47Z INFO  hashcode2021] Schedule 464/500: score 1306001
[2021-03-23T23:02:48Z INFO  hashcode2021::traffic] Traffic scheduler: log base 5.9876804
[2021-03-23T23:02:48Z INFO  hashcode2021] Schedule 465/500: score 1306167
[2021-03-23T23:02:48Z INFO  hashcode2021::traffic] Traffic scheduler: log base 2.8130922
[2021-03-23T23:02:49Z INFO  hashcode2021] Schedule 466/500: score 1305581
[2021-03-23T23:02:49Z INFO  hashcode2021::traffic] Traffic scheduler: log base 4.085168
[2021-03-23T23:02:50Z INFO  hashcode2021] Schedule 467/500: score 1305872
[2021-03-23T23:02:50Z INFO  hashcode2021::traffic] Traffic scheduler: log base 5.590424
[2021-03-23T23:02:51Z INFO  hashcode2021] Schedule 468/500: score 1305872
[2021-03-23T23:02:51Z INFO  hashcode2021::traffic] Traffic scheduler: log base 4.994613
[2021-03-23T23:02:51Z INFO  hashcode2021] Schedule 469/500: score 1306317
[2021-03-23T23:02:51Z INFO  hashcode2021::traffic] Traffic scheduler: log base 5.2447085
[2021-03-23T23:02:52Z INFO  hashcode2021] Schedule 470/500: score 1306222
[2021-03-23T23:02:52Z INFO  hashcode2021::traffic] Traffic scheduler: log base 1.5186484
[2021-03-23T23:02:53Z INFO  hashcode2021] Schedule 471/500: score 1299543
[2021-03-23T23:02:53Z INFO  hashcode2021::traffic] Traffic scheduler: log base 2.0372
[2021-03-23T23:02:54Z INFO  hashcode2021] Schedule 472/500: score 1304022
[2021-03-23T23:02:54Z INFO  hashcode2021::traffic] Traffic scheduler: log base 7.555761
[2021-03-23T23:02:55Z INFO  hashcode2021] Schedule 473/500: score 1306055
[2021-03-23T23:02:55Z INFO  hashcode2021::traffic] Traffic scheduler: log base 3.9747021
[2021-03-23T23:02:56Z INFO  hashcode2021] Schedule 474/500: score 1305777
[2021-03-23T23:02:56Z INFO  hashcode2021::traffic] Traffic scheduler: log base 8.6306505
[2021-03-23T23:02:56Z INFO  hashcode2021] Schedule 475/500: score 1305938
[2021-03-23T23:02:56Z INFO  hashcode2021::traffic] Traffic scheduler: log base 9.614589
[2021-03-23T23:02:57Z INFO  hashcode2021] Schedule 476/500: score 1306183
[2021-03-23T23:02:57Z INFO  hashcode2021::traffic] Traffic scheduler: log base 8.727348
[2021-03-23T23:02:58Z INFO  hashcode2021] Schedule 477/500: score 1306062
[2021-03-23T23:02:58Z INFO  hashcode2021::traffic] Traffic scheduler: log base 9.76286
[2021-03-23T23:02:59Z INFO  hashcode2021] Schedule 478/500: score 1306126
[2021-03-23T23:02:59Z INFO  hashcode2021::traffic] Traffic scheduler: log base 4.500153
[2021-03-23T23:03:00Z INFO  hashcode2021] Schedule 479/500: score 1306067
[2021-03-23T23:03:00Z INFO  hashcode2021::traffic] Traffic scheduler: log base 5.732628
[2021-03-23T23:03:00Z INFO  hashcode2021] Schedule 480/500: score 1306072
[2021-03-23T23:03:00Z INFO  hashcode2021::traffic] Traffic scheduler: log base 3.649789
[2021-03-23T23:03:01Z INFO  hashcode2021] Schedule 481/500: score 1305604
[2021-03-23T23:03:01Z INFO  hashcode2021::traffic] Traffic scheduler: log base 8.85954
[2021-03-23T23:03:02Z INFO  hashcode2021] Schedule 482/500: score 1306080
[2021-03-23T23:03:02Z INFO  hashcode2021::traffic] Traffic scheduler: log base 2.5100374
[2021-03-23T23:03:03Z INFO  hashcode2021] Schedule 483/500: score 1305075
[2021-03-23T23:03:03Z INFO  hashcode2021::traffic] Traffic scheduler: log base 8.970799
[2021-03-23T23:03:04Z INFO  hashcode2021] Schedule 484/500: score 1306019
[2021-03-23T23:03:04Z INFO  hashcode2021::traffic] Traffic scheduler: log base 2.5766
[2021-03-23T23:03:05Z INFO  hashcode2021] Schedule 485/500: score 1305623
[2021-03-23T23:03:05Z INFO  hashcode2021::traffic] Traffic scheduler: log base 5.219009
[2021-03-23T23:03:06Z INFO  hashcode2021] Schedule 486/500: score 1306399
[2021-03-23T23:03:06Z INFO  hashcode2021::traffic] Traffic scheduler: log base 2.5895538
[2021-03-23T23:03:07Z INFO  hashcode2021] Schedule 487/500: score 1305435
[2021-03-23T23:03:07Z INFO  hashcode2021::traffic] Traffic scheduler: log base 4.687766
[2021-03-23T23:03:07Z INFO  hashcode2021] Schedule 488/500: score 1305799
[2021-03-23T23:03:07Z INFO  hashcode2021::traffic] Traffic scheduler: log base 9.767163
[2021-03-23T23:03:08Z INFO  hashcode2021] Schedule 489/500: score 1306215
[2021-03-23T23:03:08Z INFO  hashcode2021::traffic] Traffic scheduler: log base 5.151805
[2021-03-23T23:03:09Z INFO  hashcode2021] Schedule 490/500: score 1306275
[2021-03-23T23:03:09Z INFO  hashcode2021::traffic] Traffic scheduler: log base 3.9059217
[2021-03-23T23:03:10Z INFO  hashcode2021] Schedule 491/500: score 1306000
[2021-03-23T23:03:10Z INFO  hashcode2021::traffic] Traffic scheduler: log base 2.296784
[2021-03-23T23:03:11Z INFO  hashcode2021] Schedule 492/500: score 1305200
[2021-03-23T23:03:11Z INFO  hashcode2021::traffic] Traffic scheduler: log base 7.985588
[2021-03-23T23:03:12Z INFO  hashcode2021] Schedule 493/500: score 1306163
[2021-03-23T23:03:12Z INFO  hashcode2021::traffic] Traffic scheduler: log base 4.191395
[2021-03-23T23:03:12Z INFO  hashcode2021] Schedule 494/500: score 1306173
[2021-03-23T23:03:12Z INFO  hashcode2021::traffic] Traffic scheduler: log base 5.335243
[2021-03-23T23:03:13Z INFO  hashcode2021] Schedule 495/500: score 1306219
[2021-03-23T23:03:13Z INFO  hashcode2021::traffic] Traffic scheduler: log base 2.9400327
[2021-03-23T23:03:14Z INFO  hashcode2021] Schedule 496/500: score 1305531
[2021-03-23T23:03:14Z INFO  hashcode2021::traffic] Traffic scheduler: log base 8.445013
[2021-03-23T23:03:15Z INFO  hashcode2021] Schedule 497/500: score 1306164
[2021-03-23T23:03:15Z INFO  hashcode2021::traffic] Traffic scheduler: log base 3.5490224
[2021-03-23T23:03:15Z INFO  hashcode2021] Schedule 498/500: score 1305831
[2021-03-23T23:03:15Z INFO  hashcode2021::traffic] Traffic scheduler: log base 9.445978
[2021-03-23T23:03:16Z INFO  hashcode2021] Schedule 499/500: score 1306070
[2021-03-23T23:03:16Z INFO  hashcode2021::traffic] Traffic scheduler: log base 2.4573865
[2021-03-23T23:03:17Z INFO  hashcode2021] Schedule 500/500: score 1304716

Schedule
--------
Intersections   : 7660
Street lights   : 11472
Arrived cars    : 998
Earliest arrival: 1
Latest arrival  : 1630
Crossed streets : 11472
Total wait time : 21538
Schedule score  : 1306692
[2021-03-23T23:03:17Z INFO  hashcode2021] Writing schedule to 'output/c.txt'
