Hash Code 2021
[2021-03-30T09:30:32Z INFO  hashcode2021] Loading simulation from 'input/d.txt'

Simulation
----------
Duration     : 8071
Intersections: 8000
Streets      : 95928
Cars         : 1000
Max score    : 3986591
Bonus points : 1000
[2021-03-30T09:30:32Z INFO  hashcode2021] Loading schedule from 'output/d_2516220.txt'

Schedule
--------
Intersections   : 8000
Street lights   : 83874
Arrived cars    : 1000
Earliest arrival: 5562
Latest arrival  : 7872
Crossed streets : 83874
Total wait time : 1461589
Schedule score  : 2516220
[2021-03-30T09:30:53Z INFO  hashcode2021::improve] Incremental improver: continuous rounds
[2021-03-30T09:30:57Z INFO  hashcode2021::phased] Phased improver, phase 1: removing all streets that were never crossed, examining 7998 intersections with wait times
[2021-03-30T09:30:57Z INFO  hashcode2021::phased] Phased improver, phase 2: adding streets with non-zero wait times that are not in the schedule, examining 72494 streets with wait times
[2021-03-30T09:30:57Z INFO  hashcode2021::phased] Phased improver, phase 3: reordering intersections with non-zero wait times, 7998 intersections selected
[2021-03-30T09:39:43Z INFO  hashcode2021::phased] Phased improver, phase 4: adding 1 sec to streets with non-zero wait times, 72494 streets selected, 30 max streets per intersection
[2021-03-30T09:39:47Z INFO  hashcode2021::phased] New best score 2516227 after adding 1 sec to street 89901 (previous wait time 3), intersection 4546, 8 streets in the intersection
[2021-03-30T09:39:48Z INFO  hashcode2021::improve] Round 1, new score 2516227
[2021-03-30T09:39:54Z INFO  hashcode2021::phased] Phased improver, phase 1: removing all streets that were never crossed, examining 7998 intersections with wait times
[2021-03-30T09:39:54Z INFO  hashcode2021::phased] Phased improver, phase 2: adding streets with non-zero wait times that are not in the schedule, examining 72493 streets with wait times
[2021-03-30T09:39:54Z INFO  hashcode2021::phased] Phased improver, phase 3: reordering intersections with non-zero wait times, 7998 intersections selected
[2021-03-30T09:48:39Z INFO  hashcode2021::phased] Phased improver, phase 4: adding 1 sec to streets with non-zero wait times, 72493 streets selected, 30 max streets per intersection
[2021-03-30T09:48:44Z INFO  hashcode2021::phased] New best score 2516229 after adding 1 sec to street 91112 (previous wait time 8), intersection 7893, 6 streets in the intersection
[2021-03-30T09:48:45Z INFO  hashcode2021::improve] Round 2, new score 2516229
[2021-03-30T09:48:51Z INFO  hashcode2021::phased] Phased improver, phase 1: removing all streets that were never crossed, examining 7998 intersections with wait times
[2021-03-30T09:48:51Z INFO  hashcode2021::phased] Phased improver, phase 2: adding streets with non-zero wait times that are not in the schedule, examining 72495 streets with wait times
[2021-03-30T09:48:51Z INFO  hashcode2021::phased] Phased improver, phase 3: reordering intersections with non-zero wait times, 7998 intersections selected
[2021-03-30T09:57:36Z INFO  hashcode2021::phased] Phased improver, phase 4: adding 1 sec to streets with non-zero wait times, 72495 streets selected, 30 max streets per intersection
[2021-03-30T09:57:40Z INFO  hashcode2021::phased] New best score 2516277 after adding 1 sec to street 23404 (previous wait time 12), intersection 6965, 6 streets in the intersection
[2021-03-30T09:57:41Z INFO  hashcode2021::improve] Round 3, new score 2516277
[2021-03-30T09:57:47Z INFO  hashcode2021::phased] Phased improver, phase 1: removing all streets that were never crossed, examining 7998 intersections with wait times
[2021-03-30T09:57:47Z INFO  hashcode2021::phased] Phased improver, phase 2: adding streets with non-zero wait times that are not in the schedule, examining 72495 streets with wait times
[2021-03-30T09:57:47Z INFO  hashcode2021::phased] Phased improver, phase 3: reordering intersections with non-zero wait times, 7998 intersections selected
[2021-03-30T10:06:30Z INFO  hashcode2021::phased] Phased improver, phase 4: adding 1 sec to streets with non-zero wait times, 72495 streets selected, 30 max streets per intersection
[2021-03-30T10:06:39Z INFO  hashcode2021::phased] New best score 2516308 after adding 1 sec to street 55826 (previous wait time 12), intersection 3234, 9 streets in the intersection
[2021-03-30T10:06:39Z INFO  hashcode2021::improve] Round 4, new score 2516308
[2021-03-30T10:06:46Z INFO  hashcode2021::phased] Phased improver, phase 1: removing all streets that were never crossed, examining 7998 intersections with wait times
[2021-03-30T10:06:46Z INFO  hashcode2021::phased] Phased improver, phase 2: adding streets with non-zero wait times that are not in the schedule, examining 72495 streets with wait times
[2021-03-30T10:06:46Z INFO  hashcode2021::phased] Phased improver, phase 3: reordering intersections with non-zero wait times, 7998 intersections selected
[2021-03-30T10:12:52Z INFO  hashcode2021::phased] New best score 2516353 after reordering intersection 1464 (previous total wait time 147, 13 streets)
[2021-03-30T10:12:53Z INFO  hashcode2021::improve] Round 5, new score 2516353
[2021-03-30T10:12:58Z INFO  hashcode2021::phased] Phased improver, phase 1: removing all streets that were never crossed, examining 7998 intersections with wait times
[2021-03-30T10:12:58Z INFO  hashcode2021::phased] Phased improver, phase 2: adding streets with non-zero wait times that are not in the schedule, examining 72496 streets with wait times
[2021-03-30T10:12:58Z INFO  hashcode2021::phased] Phased improver, phase 3: reordering intersections with non-zero wait times, 7998 intersections selected
[2021-03-30T10:21:41Z INFO  hashcode2021::phased] Phased improver, phase 4: adding 1 sec to streets with non-zero wait times, 72496 streets selected, 30 max streets per intersection
[2021-03-30T10:21:49Z INFO  hashcode2021::phased] New best score 2516362 after adding 1 sec to street 27992 (previous wait time 4), intersection 2329, 6 streets in the intersection
[2021-03-30T10:21:50Z INFO  hashcode2021::improve] Round 6, new score 2516362
[2021-03-30T10:21:56Z INFO  hashcode2021::phased] Phased improver, phase 1: removing all streets that were never crossed, examining 7998 intersections with wait times
[2021-03-30T10:21:56Z INFO  hashcode2021::phased] Phased improver, phase 2: adding streets with non-zero wait times that are not in the schedule, examining 72495 streets with wait times
[2021-03-30T10:21:56Z INFO  hashcode2021::phased] Phased improver, phase 3: reordering intersections with non-zero wait times, 7998 intersections selected
[2021-03-30T10:30:43Z INFO  hashcode2021::phased] Phased improver, phase 4: adding 1 sec to streets with non-zero wait times, 72495 streets selected, 30 max streets per intersection
[2021-03-30T10:30:45Z INFO  hashcode2021::phased] New best score 2516426 after adding 1 sec to street 48352 (previous wait time 4), intersection 1831, 11 streets in the intersection
[2021-03-30T10:30:45Z INFO  hashcode2021::improve] Round 7, new score 2516426
[2021-03-30T10:30:51Z INFO  hashcode2021::phased] Phased improver, phase 1: removing all streets that were never crossed, examining 7998 intersections with wait times
[2021-03-30T10:30:51Z INFO  hashcode2021::phased] Phased improver, phase 2: adding streets with non-zero wait times that are not in the schedule, examining 72496 streets with wait times
[2021-03-30T10:30:51Z INFO  hashcode2021::phased] Phased improver, phase 3: reordering intersections with non-zero wait times, 7998 intersections selected
[2021-03-30T10:39:36Z INFO  hashcode2021::phased] Phased improver, phase 4: adding 1 sec to streets with non-zero wait times, 72496 streets selected, 30 max streets per intersection
[2021-03-30T10:39:47Z INFO  hashcode2021::phased] New best score 2516436 after adding 1 sec to street 68605 (previous wait time 8), intersection 1747, 8 streets in the intersection
[2021-03-30T10:39:48Z INFO  hashcode2021::improve] Round 8, new score 2516436
[2021-03-30T10:39:54Z INFO  hashcode2021::phased] Phased improver, phase 1: removing all streets that were never crossed, examining 7998 intersections with wait times
[2021-03-30T10:39:54Z INFO  hashcode2021::phased] Phased improver, phase 2: adding streets with non-zero wait times that are not in the schedule, examining 72495 streets with wait times
[2021-03-30T10:39:54Z INFO  hashcode2021::phased] Phased improver, phase 3: reordering intersections with non-zero wait times, 7998 intersections selected
[2021-03-30T10:48:38Z INFO  hashcode2021::phased] Phased improver, phase 4: adding 1 sec to streets with non-zero wait times, 72495 streets selected, 30 max streets per intersection
[2021-03-30T10:49:11Z INFO  hashcode2021::phased] New best score 2516443 after adding 1 sec to street 31204 (previous wait time 8), intersection 5381, 5 streets in the intersection
[2021-03-30T10:49:12Z INFO  hashcode2021::improve] Round 9, new score 2516443
[2021-03-30T10:49:18Z INFO  hashcode2021::phased] Phased improver, phase 1: removing all streets that were never crossed, examining 7998 intersections with wait times
[2021-03-30T10:49:18Z INFO  hashcode2021::phased] Phased improver, phase 2: adding streets with non-zero wait times that are not in the schedule, examining 72494 streets with wait times
[2021-03-30T10:49:18Z INFO  hashcode2021::phased] Phased improver, phase 3: reordering intersections with non-zero wait times, 7998 intersections selected
[2021-03-30T10:49:21Z INFO  hashcode2021::phased] New best score 2516597 after reordering intersection 7 (previous total wait time 20616, 188 streets)
[2021-03-30T10:49:22Z INFO  hashcode2021::improve] Round 10, new score 2516597
[2021-03-30T10:49:25Z INFO  hashcode2021::phased] Phased improver, phase 1: removing all streets that were never crossed, examining 7998 intersections with wait times
[2021-03-30T10:49:25Z INFO  hashcode2021::phased] Phased improver, phase 2: adding streets with non-zero wait times that are not in the schedule, examining 72495 streets with wait times
[2021-03-30T10:49:25Z INFO  hashcode2021::phased] Phased improver, phase 3: reordering intersections with non-zero wait times, 7998 intersections selected
[2021-03-30T10:49:52Z INFO  hashcode2021::phased] New best score 2516699 after reordering intersection 114 (previous total wait time 4197, 77 streets)
[2021-03-30T10:49:52Z INFO  hashcode2021::improve] Round 11, new score 2516699
[2021-03-30T10:49:56Z INFO  hashcode2021::phased] Phased improver, phase 1: removing all streets that were never crossed, examining 7998 intersections with wait times
[2021-03-30T10:49:56Z INFO  hashcode2021::phased] Phased improver, phase 2: adding streets with non-zero wait times that are not in the schedule, examining 72495 streets with wait times
[2021-03-30T10:49:56Z INFO  hashcode2021::phased] Phased improver, phase 3: reordering intersections with non-zero wait times, 7998 intersections selected
[2021-03-30T10:56:03Z INFO  hashcode2021::phased] New best score 2516735 after reordering intersection 2172 (previous total wait time 63, 8 streets)
[2021-03-30T10:56:04Z INFO  hashcode2021::improve] Round 12, new score 2516735
[2021-03-30T10:56:09Z INFO  hashcode2021::phased] Phased improver, phase 1: removing all streets that were never crossed, examining 7998 intersections with wait times
[2021-03-30T10:56:09Z INFO  hashcode2021::phased] Phased improver, phase 2: adding streets with non-zero wait times that are not in the schedule, examining 72496 streets with wait times
[2021-03-30T10:56:09Z INFO  hashcode2021::phased] Phased improver, phase 3: reordering intersections with non-zero wait times, 7998 intersections selected
[2021-03-30T11:04:51Z INFO  hashcode2021::phased] Phased improver, phase 4: adding 1 sec to streets with non-zero wait times, 72496 streets selected, 30 max streets per intersection
[2021-03-30T11:04:53Z INFO  hashcode2021::phased] New best score 2516738 after adding 1 sec to street 74712 (previous wait time 8), intersection 7500, 5 streets in the intersection
[2021-03-30T11:04:53Z INFO  hashcode2021::improve] Round 13, new score 2516738
[2021-03-30T11:04:59Z INFO  hashcode2021::phased] Phased improver, phase 1: removing all streets that were never crossed, examining 7998 intersections with wait times
[2021-03-30T11:04:59Z INFO  hashcode2021::phased] Phased improver, phase 2: adding streets with non-zero wait times that are not in the schedule, examining 72495 streets with wait times
[2021-03-30T11:04:59Z INFO  hashcode2021::phased] Phased improver, phase 3: reordering intersections with non-zero wait times, 7998 intersections selected
[2021-03-30T11:13:46Z INFO  hashcode2021::phased] Phased improver, phase 4: adding 1 sec to streets with non-zero wait times, 72495 streets selected, 30 max streets per intersection
[2021-03-30T11:13:52Z INFO  hashcode2021::phased] New best score 2516846 after adding 1 sec to street 5428 (previous wait time 4), intersection 3907, 8 streets in the intersection
[2021-03-30T11:13:53Z INFO  hashcode2021::improve] Round 14, new score 2516846
[2021-03-30T11:13:59Z INFO  hashcode2021::phased] Phased improver, phase 1: removing all streets that were never crossed, examining 7998 intersections with wait times
[2021-03-30T11:13:59Z INFO  hashcode2021::phased] Phased improver, phase 2: adding streets with non-zero wait times that are not in the schedule, examining 72498 streets with wait times
[2021-03-30T11:13:59Z INFO  hashcode2021::phased] Phased improver, phase 3: reordering intersections with non-zero wait times, 7998 intersections selected
[2021-03-30T11:22:44Z INFO  hashcode2021::phased] Phased improver, phase 4: adding 1 sec to streets with non-zero wait times, 72498 streets selected, 30 max streets per intersection
[2021-03-30T11:22:50Z INFO  hashcode2021::phased] New best score 2517294 after adding 1 sec to street 88580 (previous wait time 4), intersection 7345, 6 streets in the intersection
[2021-03-30T11:22:50Z INFO  hashcode2021::improve] Round 15, new score 2517294
[2021-03-30T11:22:56Z INFO  hashcode2021::phased] Phased improver, phase 1: removing all streets that were never crossed, examining 7998 intersections with wait times
[2021-03-30T11:22:56Z INFO  hashcode2021::phased] Phased improver, phase 2: adding streets with non-zero wait times that are not in the schedule, examining 72505 streets with wait times
[2021-03-30T11:22:56Z INFO  hashcode2021::phased] Phased improver, phase 3: reordering intersections with non-zero wait times, 7998 intersections selected
[2021-03-30T11:31:43Z INFO  hashcode2021::phased] Phased improver, phase 4: adding 1 sec to streets with non-zero wait times, 72505 streets selected, 30 max streets per intersection
[2021-03-30T11:32:05Z INFO  hashcode2021::phased] New best score 2517300 after adding 1 sec to street 68582 (previous wait time 12), intersection 6032, 7 streets in the intersection
[2021-03-30T11:32:06Z INFO  hashcode2021::improve] Round 16, new score 2517300
[2021-03-30T11:32:11Z INFO  hashcode2021::phased] Phased improver, phase 1: removing all streets that were never crossed, examining 7998 intersections with wait times
[2021-03-30T11:32:11Z INFO  hashcode2021::phased] Phased improver, phase 2: adding streets with non-zero wait times that are not in the schedule, examining 72504 streets with wait times
[2021-03-30T11:32:11Z INFO  hashcode2021::phased] Phased improver, phase 3: reordering intersections with non-zero wait times, 7998 intersections selected
[2021-03-30T11:40:50Z INFO  hashcode2021::phased] Phased improver, phase 4: adding 1 sec to streets with non-zero wait times, 72504 streets selected, 30 max streets per intersection
[2021-03-30T11:40:56Z INFO  hashcode2021::phased] New best score 2517302 after adding 1 sec to street 31150 (previous wait time 9), intersection 6173, 6 streets in the intersection
[2021-03-30T11:40:57Z INFO  hashcode2021::improve] Round 17, new score 2517302
[2021-03-30T11:41:03Z INFO  hashcode2021::phased] Phased improver, phase 1: removing all streets that were never crossed, examining 7998 intersections with wait times
[2021-03-30T11:41:03Z INFO  hashcode2021::phased] Phased improver, phase 2: adding streets with non-zero wait times that are not in the schedule, examining 72504 streets with wait times
[2021-03-30T11:41:03Z INFO  hashcode2021::phased] Phased improver, phase 3: reordering intersections with non-zero wait times, 7998 intersections selected
[2021-03-30T11:49:41Z INFO  hashcode2021::phased] Phased improver, phase 4: adding 1 sec to streets with non-zero wait times, 72504 streets selected, 30 max streets per intersection
[2021-03-30T11:50:07Z INFO  hashcode2021::phased] New best score 2517323 after adding 1 sec to street 88800 (previous wait time 8), intersection 5927, 6 streets in the intersection
[2021-03-30T11:50:08Z INFO  hashcode2021::improve] Round 18, new score 2517323
[2021-03-30T11:50:14Z INFO  hashcode2021::phased] Phased improver, phase 1: removing all streets that were never crossed, examining 7998 intersections with wait times
[2021-03-30T11:50:14Z INFO  hashcode2021::phased] Phased improver, phase 2: adding streets with non-zero wait times that are not in the schedule, examining 72503 streets with wait times
[2021-03-30T11:50:14Z INFO  hashcode2021::phased] Phased improver, phase 3: reordering intersections with non-zero wait times, 7998 intersections selected
[2021-03-30T11:58:54Z INFO  hashcode2021::phased] Phased improver, phase 4: adding 1 sec to streets with non-zero wait times, 72503 streets selected, 30 max streets per intersection
[2021-03-30T11:59:03Z INFO  hashcode2021::phased] New best score 2517329 after adding 1 sec to street 79493 (previous wait time 15), intersection 2796, 12 streets in the intersection
[2021-03-30T11:59:04Z INFO  hashcode2021::improve] Round 19, new score 2517329
[2021-03-30T11:59:10Z INFO  hashcode2021::phased] Phased improver, phase 1: removing all streets that were never crossed, examining 7998 intersections with wait times
[2021-03-30T11:59:10Z INFO  hashcode2021::phased] Phased improver, phase 2: adding streets with non-zero wait times that are not in the schedule, examining 72506 streets with wait times
[2021-03-30T11:59:10Z INFO  hashcode2021::phased] Phased improver, phase 3: reordering intersections with non-zero wait times, 7998 intersections selected
[2021-03-30T12:07:50Z INFO  hashcode2021::phased] Phased improver, phase 4: adding 1 sec to streets with non-zero wait times, 72506 streets selected, 30 max streets per intersection
[2021-03-30T12:07:55Z INFO  hashcode2021::phased] New best score 2517342 after adding 1 sec to street 48570 (previous wait time 8), intersection 4828, 7 streets in the intersection
[2021-03-30T12:07:56Z INFO  hashcode2021::improve] Round 20, new score 2517342
[2021-03-30T12:08:02Z INFO  hashcode2021::phased] Phased improver, phase 1: removing all streets that were never crossed, examining 7998 intersections with wait times
[2021-03-30T12:08:02Z INFO  hashcode2021::phased] Phased improver, phase 2: adding streets with non-zero wait times that are not in the schedule, examining 72506 streets with wait times
[2021-03-30T12:08:02Z INFO  hashcode2021::phased] Phased improver, phase 3: reordering intersections with non-zero wait times, 7998 intersections selected
[2021-03-30T12:16:42Z INFO  hashcode2021::phased] Phased improver, phase 4: adding 1 sec to streets with non-zero wait times, 72506 streets selected, 30 max streets per intersection
[2021-03-30T12:16:42Z INFO  hashcode2021::phased] New best score 2517344 after adding 1 sec to street 60770 (previous wait time 6), intersection 5265, 4 streets in the intersection
[2021-03-30T12:16:43Z INFO  hashcode2021::improve] Round 21, new score 2517344
[2021-03-30T12:16:49Z INFO  hashcode2021::phased] Phased improver, phase 1: removing all streets that were never crossed, examining 7998 intersections with wait times
[2021-03-30T12:16:49Z INFO  hashcode2021::phased] Phased improver, phase 2: adding streets with non-zero wait times that are not in the schedule, examining 72504 streets with wait times
[2021-03-30T12:16:49Z INFO  hashcode2021::phased] Phased improver, phase 3: reordering intersections with non-zero wait times, 7998 intersections selected
[2021-03-30T12:25:28Z INFO  hashcode2021::phased] Phased improver, phase 4: adding 1 sec to streets with non-zero wait times, 72504 streets selected, 30 max streets per intersection
[2021-03-30T12:25:50Z INFO  hashcode2021::phased] New best score 2517388 after adding 1 sec to street 9008 (previous wait time 8), intersection 6259, 7 streets in the intersection
[2021-03-30T12:25:50Z INFO  hashcode2021::improve] Round 22, new score 2517388
[2021-03-30T12:25:57Z INFO  hashcode2021::phased] Phased improver, phase 1: removing all streets that were never crossed, examining 7998 intersections with wait times
[2021-03-30T12:25:57Z INFO  hashcode2021::phased] Phased improver, phase 2: adding streets with non-zero wait times that are not in the schedule, examining 72504 streets with wait times
[2021-03-30T12:25:57Z INFO  hashcode2021::phased] Phased improver, phase 3: reordering intersections with non-zero wait times, 7998 intersections selected
[2021-03-30T12:34:35Z INFO  hashcode2021::phased] Phased improver, phase 4: adding 1 sec to streets with non-zero wait times, 72504 streets selected, 30 max streets per intersection
[2021-03-30T12:34:38Z INFO  hashcode2021::phased] New best score 2517496 after adding 1 sec to street 53872 (previous wait time 8), intersection 6498, 6 streets in the intersection
[2021-03-30T12:34:39Z INFO  hashcode2021::improve] Round 23, new score 2517496
[2021-03-30T12:34:45Z INFO  hashcode2021::phased] Phased improver, phase 1: removing all streets that were never crossed, examining 7998 intersections with wait times
[2021-03-30T12:34:45Z INFO  hashcode2021::phased] Phased improver, phase 2: adding streets with non-zero wait times that are not in the schedule, examining 72503 streets with wait times
[2021-03-30T12:34:45Z INFO  hashcode2021::phased] Phased improver, phase 3: reordering intersections with non-zero wait times, 7998 intersections selected
[2021-03-30T12:36:34Z INFO  hashcode2021::phased] New best score 2517533 after reordering intersection 149 (previous total wait time 928, 35 streets)
[2021-03-30T12:36:34Z INFO  hashcode2021::improve] Round 24, new score 2517533
[2021-03-30T12:36:38Z INFO  hashcode2021::phased] Phased improver, phase 1: removing all streets that were never crossed, examining 7998 intersections with wait times
[2021-03-30T12:36:38Z INFO  hashcode2021::phased] Phased improver, phase 2: adding streets with non-zero wait times that are not in the schedule, examining 72504 streets with wait times
[2021-03-30T12:36:38Z INFO  hashcode2021::phased] Phased improver, phase 3: reordering intersections with non-zero wait times, 7998 intersections selected
[2021-03-30T12:45:17Z INFO  hashcode2021::phased] Phased improver, phase 4: adding 1 sec to streets with non-zero wait times, 72504 streets selected, 30 max streets per intersection
[2021-03-30T12:45:25Z INFO  hashcode2021::phased] New best score 2517593 after adding 1 sec to street 76462 (previous wait time 8), intersection 5738, 5 streets in the intersection
[2021-03-30T12:45:26Z INFO  hashcode2021::improve] Round 25, new score 2517593
[2021-03-30T12:45:32Z INFO  hashcode2021::phased] Phased improver, phase 1: removing all streets that were never crossed, examining 7998 intersections with wait times
[2021-03-30T12:45:32Z INFO  hashcode2021::phased] Phased improver, phase 2: adding streets with non-zero wait times that are not in the schedule, examining 72504 streets with wait times
[2021-03-30T12:45:33Z INFO  hashcode2021::phased] Phased improver, phase 3: reordering intersections with non-zero wait times, 7998 intersections selected
[2021-03-30T12:49:33Z INFO  hashcode2021::phased] New best score 2517782 after reordering intersection 3087 (previous total wait time 90, 10 streets)
[2021-03-30T12:49:34Z INFO  hashcode2021::improve] Round 26, new score 2517782
[2021-03-30T12:49:39Z INFO  hashcode2021::phased] Phased improver, phase 1: removing all streets that were never crossed, examining 7998 intersections with wait times
[2021-03-30T12:49:39Z INFO  hashcode2021::phased] Phased improver, phase 2: adding streets with non-zero wait times that are not in the schedule, examining 72504 streets with wait times
[2021-03-30T12:49:39Z INFO  hashcode2021::phased] Phased improver, phase 3: reordering intersections with non-zero wait times, 7998 intersections selected
[2021-03-30T12:58:18Z INFO  hashcode2021::phased] Phased improver, phase 4: adding 1 sec to streets with non-zero wait times, 72504 streets selected, 30 max streets per intersection
[2021-03-30T12:58:18Z INFO  hashcode2021::phased] New best score 2517814 after adding 1 sec to street 39636 (previous wait time 4), intersection 6180, 6 streets in the intersection
[2021-03-30T12:58:19Z INFO  hashcode2021::phased] New best score 2517796 after adding 1 sec to street 29146 (previous wait time 12), intersection 6723, 6 streets in the intersection
[2021-03-30T12:58:19Z INFO  hashcode2021::improve] Round 27, new score 2517796
[2021-03-30T12:58:25Z INFO  hashcode2021::phased] Phased improver, phase 1: removing all streets that were never crossed, examining 7998 intersections with wait times
[2021-03-30T12:58:25Z INFO  hashcode2021::phased] Phased improver, phase 2: adding streets with non-zero wait times that are not in the schedule, examining 72506 streets with wait times
[2021-03-30T12:58:25Z INFO  hashcode2021::phased] Phased improver, phase 3: reordering intersections with non-zero wait times, 7998 intersections selected
[2021-03-30T13:07:03Z INFO  hashcode2021::phased] Phased improver, phase 4: adding 1 sec to streets with non-zero wait times, 72506 streets selected, 30 max streets per intersection
[2021-03-30T13:07:04Z INFO  hashcode2021::phased] New best score 2517797 after adding 1 sec to street 85462 (previous wait time 4), intersection 7904, 6 streets in the intersection
[2021-03-30T13:07:05Z INFO  hashcode2021::improve] Round 28, new score 2517797
[2021-03-30T13:07:11Z INFO  hashcode2021::phased] Phased improver, phase 1: removing all streets that were never crossed, examining 7998 intersections with wait times
[2021-03-30T13:07:11Z INFO  hashcode2021::phased] Phased improver, phase 2: adding streets with non-zero wait times that are not in the schedule, examining 72507 streets with wait times
[2021-03-30T13:07:11Z INFO  hashcode2021::phased] Phased improver, phase 3: reordering intersections with non-zero wait times, 7998 intersections selected
[2021-03-30T13:15:50Z INFO  hashcode2021::phased] Phased improver, phase 4: adding 1 sec to streets with non-zero wait times, 72507 streets selected, 30 max streets per intersection
[2021-03-30T13:15:56Z INFO  hashcode2021::phased] New best score 2517839 after adding 1 sec to street 69944 (previous wait time 4), intersection 7398, 5 streets in the intersection
[2021-03-30T13:15:57Z INFO  hashcode2021::improve] Round 29, new score 2517839
[2021-03-30T13:16:03Z INFO  hashcode2021::phased] Phased improver, phase 1: removing all streets that were never crossed, examining 7998 intersections with wait times
[2021-03-30T13:16:03Z INFO  hashcode2021::phased] Phased improver, phase 2: adding streets with non-zero wait times that are not in the schedule, examining 72507 streets with wait times
[2021-03-30T13:16:03Z INFO  hashcode2021::phased] Phased improver, phase 3: reordering intersections with non-zero wait times, 7998 intersections selected
[2021-03-30T13:24:42Z INFO  hashcode2021::phased] Phased improver, phase 4: adding 1 sec to streets with non-zero wait times, 72507 streets selected, 30 max streets per intersection
[2021-03-30T13:24:58Z INFO  hashcode2021::phased] New best score 2517896 after adding 1 sec to street 85634 (previous wait time 8), intersection 5470, 6 streets in the intersection
[2021-03-30T13:24:59Z INFO  hashcode2021::improve] Round 30, new score 2517896
[2021-03-30T13:25:06Z INFO  hashcode2021::phased] Phased improver, phase 1: removing all streets that were never crossed, examining 7998 intersections with wait times
[2021-03-30T13:25:06Z INFO  hashcode2021::phased] Phased improver, phase 2: adding streets with non-zero wait times that are not in the schedule, examining 72512 streets with wait times
[2021-03-30T13:25:06Z INFO  hashcode2021::phased] Phased improver, phase 3: reordering intersections with non-zero wait times, 7998 intersections selected
[2021-03-30T13:33:43Z INFO  hashcode2021::phased] Phased improver, phase 4: adding 1 sec to streets with non-zero wait times, 72512 streets selected, 30 max streets per intersection
[2021-03-30T13:33:53Z INFO  hashcode2021::phased] New best score 2517902 after adding 1 sec to street 28348 (previous wait time 8), intersection 5462, 8 streets in the intersection
[2021-03-30T13:33:54Z INFO  hashcode2021::improve] Round 31, new score 2517902
[2021-03-30T13:34:00Z INFO  hashcode2021::phased] Phased improver, phase 1: removing all streets that were never crossed, examining 7998 intersections with wait times
[2021-03-30T13:34:00Z INFO  hashcode2021::phased] Phased improver, phase 2: adding streets with non-zero wait times that are not in the schedule, examining 72510 streets with wait times
[2021-03-30T13:34:00Z INFO  hashcode2021::phased] Phased improver, phase 3: reordering intersections with non-zero wait times, 7998 intersections selected
Received termination request
[2021-03-30T13:40:42Z INFO  hashcode2021::improve] Round 32, no improvement

Improved schedule
-----------------
Intersections   : 8000
Street lights   : 83874
Arrived cars    : 1000
Earliest arrival: 5562
Latest arrival  : 7872
Crossed streets : 83874
Total wait time : 1459999
Schedule score  : 2517902
[2021-03-30T13:40:47Z INFO  hashcode2021] Writing schedule to 'output/d.txt'
