Hash Code 2021

Simulation
----------
Duration     : 8071
Intersections: 8000
Streets      : 95928
Cars         : 1000
Max score    : 3986591
Bonus points : 1000

Schedule
--------
Intersections   : 8000
Street lights   : 83874
Arrived cars    : 1000
Earliest arrival: 5659
Latest arrival  : 7807
Crossed streets : 83874
Total wait time : 1474619
Schedule score  : 2501917
Incremental Improver: 2 rounds
Greedy improver: 2 minimum wait time, 1 max additional time, 20000 max streets per round, 20000 streets selected, 2983 intersections
  => New best score after updating intersection 894: 2501987 (swaps: {RangeSwap: 2})
  => New best score after updating intersection 2770: 2502007 (swaps: {})
  => New best score after updating intersection 1232: 2502113 (swaps: {})
Improvement done, swaps: {RangeSwap: 5, SimpleSwap: 1, ViableSwapNotFound: 6}
Round 1, new score: 2502113
Greedy improver: 2 minimum wait time, 1 max additional time, 20000 max streets per round, 20000 streets selected, 2985 intersections
  => New best score after updating intersection 2138: 2502272 (swaps: {})
Improvement done, swaps: {SimpleSwap: 1, RangeSwap: 5, ViableSwapNotFound: 6}
Round 2, new score: 2502272

Improved schedule
-----------------
Intersections   : 8000
Street lights   : 83874
Arrived cars    : 1000
Earliest arrival: 5659
Latest arrival  : 7807
Crossed streets : 83874
Total wait time : 1474264
Schedule score  : 2502272
