Hash Code 2021
[2021-04-09T11:32:05Z INFO  hashcode2021] Loading simulation from 'input/d.txt'

Simulation
----------
Duration     : 8071
Intersections: 8000
Streets      : 95928
Cars         : 1000
Max score    : 3986591
Bonus points : 1000
[2021-04-09T11:32:05Z INFO  hashcode2021] Loading schedule from 'output/d_2547731.txt'

Schedule
--------
Intersections   : 8000
Street lights   : 83874
Arrived cars    : 1000
Earliest arrival: 5562
Latest arrival  : 7872
Crossed streets : 83874
Total wait time : 1431845
Schedule score  : 2547731
[2021-04-09T11:32:26Z INFO  hashcode2021::improve] Incremental improver: continuous rounds
[2021-04-09T11:32:33Z INFO  hashcode2021::phased] Phased improver, phase 1: removing all streets that were never crossed, examining 7997 intersections with wait times
[2021-04-09T11:32:33Z INFO  hashcode2021::phased] Phased improver, phase 2: adding streets with non-zero wait times that are not in the schedule, examining 72752 streets with wait times
[2021-04-09T11:32:33Z INFO  hashcode2021::phased] Phased improver, phase 3: reordering intersections with non-zero wait times, 7997 intersections selected
[2021-04-09T11:35:53Z INFO  hashcode2021::phased] Phased improver, phase 4: adding 1 sec to streets with non-zero wait times, 72752 streets selected, 30 max streets per intersection
[2021-04-09T11:59:24Z INFO  hashcode2021::phased] Phased improver, phase 5: subtracting 1 sec from, or adding 2 sec to streets of intersections with non-zero wait times, 7997 intersections selected
[2021-04-09T12:29:59Z INFO  hashcode2021::phased] Phased improver, phase 5: subtracting 2 sec from, or adding 3 sec to streets of intersections with non-zero wait times, 7997 intersections selected
[2021-04-09T12:37:54Z INFO  hashcode2021::phased] New best score 2547732 after adding 3 sec to street 53532 (1 time, 3 wait time), intersection 7954
[2021-04-09T12:38:00Z INFO  hashcode2021::improve] Round 1, new score 2547732
[2021-04-09T12:38:06Z INFO  hashcode2021::phased] Phased improver, phase 1: removing all streets that were never crossed, examining 7997 intersections with wait times
[2021-04-09T12:38:06Z INFO  hashcode2021::phased] Phased improver, phase 2: adding streets with non-zero wait times that are not in the schedule, examining 72751 streets with wait times
[2021-04-09T12:38:06Z INFO  hashcode2021::phased] Phased improver, phase 3: reordering intersections with non-zero wait times, 7997 intersections selected
[2021-04-09T12:41:20Z INFO  hashcode2021::phased] Phased improver, phase 4: adding 1 sec to streets with non-zero wait times, 72751 streets selected, 30 max streets per intersection
[2021-04-09T13:05:02Z INFO  hashcode2021::phased] Phased improver, phase 5: subtracting 1 sec from, or adding 2 sec to streets of intersections with non-zero wait times, 7997 intersections selected
[2021-04-09T13:32:31Z INFO  hashcode2021::phased] Phased improver, phase 5: subtracting 2 sec from, or adding 3 sec to streets of intersections with non-zero wait times, 7997 intersections selected
[2021-04-09T13:40:22Z INFO  hashcode2021::phased] New best score 2547733 after adding 3 sec to street 85089 (1 time, 3 wait time), intersection 3563
[2021-04-09T13:40:29Z INFO  hashcode2021::improve] Round 2, new score 2547733
[2021-04-09T13:40:35Z INFO  hashcode2021::phased] Phased improver, phase 1: removing all streets that were never crossed, examining 7997 intersections with wait times
[2021-04-09T13:40:35Z INFO  hashcode2021::phased] Phased improver, phase 2: adding streets with non-zero wait times that are not in the schedule, examining 72752 streets with wait times
[2021-04-09T13:40:35Z INFO  hashcode2021::phased] Phased improver, phase 3: reordering intersections with non-zero wait times, 7997 intersections selected
[2021-04-09T13:43:47Z INFO  hashcode2021::phased] Phased improver, phase 4: adding 1 sec to streets with non-zero wait times, 72752 streets selected, 30 max streets per intersection
[2021-04-09T14:07:46Z INFO  hashcode2021::phased] Phased improver, phase 5: subtracting 1 sec from, or adding 2 sec to streets of intersections with non-zero wait times, 7997 intersections selected
[2021-04-09T14:26:06Z INFO  hashcode2021::phased] New best score 2547734 after adding 2 sec to street 48900 (1 time, 9 wait time), intersection 3563
[2021-04-09T14:26:19Z INFO  hashcode2021::improve] Round 3, new score 2547734
[2021-04-09T14:26:24Z INFO  hashcode2021::phased] Phased improver, phase 1: removing all streets that were never crossed, examining 7997 intersections with wait times
[2021-04-09T14:26:24Z INFO  hashcode2021::phased] Phased improver, phase 2: adding streets with non-zero wait times that are not in the schedule, examining 72751 streets with wait times
[2021-04-09T14:26:24Z INFO  hashcode2021::phased] Phased improver, phase 3: reordering intersections with non-zero wait times, 7997 intersections selected
[2021-04-09T14:29:45Z INFO  hashcode2021::phased] Phased improver, phase 4: adding 1 sec to streets with non-zero wait times, 72751 streets selected, 30 max streets per intersection
[2021-04-09T14:53:17Z INFO  hashcode2021::phased] Phased improver, phase 5: subtracting 1 sec from, or adding 2 sec to streets of intersections with non-zero wait times, 7997 intersections selected
[2021-04-09T15:21:13Z INFO  hashcode2021::phased] Phased improver, phase 5: subtracting 2 sec from, or adding 3 sec to streets of intersections with non-zero wait times, 7997 intersections selected
[2021-04-09T15:34:21Z INFO  hashcode2021::phased] New best score 2547740 after adding 3 sec to street 82460 (1 time, 7 wait time), intersection 3567
[2021-04-09T15:34:29Z INFO  hashcode2021::improve] Round 4, new score 2547740
[2021-04-09T15:34:35Z INFO  hashcode2021::phased] Phased improver, phase 1: removing all streets that were never crossed, examining 7997 intersections with wait times
[2021-04-09T15:34:35Z INFO  hashcode2021::phased] Phased improver, phase 2: adding streets with non-zero wait times that are not in the schedule, examining 72749 streets with wait times
[2021-04-09T15:34:35Z INFO  hashcode2021::phased] Phased improver, phase 3: reordering intersections with non-zero wait times, 7997 intersections selected
[2021-04-09T15:37:51Z INFO  hashcode2021::phased] Phased improver, phase 4: adding 1 sec to streets with non-zero wait times, 72749 streets selected, 30 max streets per intersection
[2021-04-09T15:42:51Z INFO  hashcode2021::phased] New best score 2547746 after adding 1 sec to street 74171 (previous wait time 39), intersection 2218, 11 streets in the intersection
[2021-04-09T15:42:51Z INFO  hashcode2021::improve] Round 5, new score 2547746
[2021-04-09T15:42:55Z INFO  hashcode2021::phased] Phased improver, phase 1: removing all streets that were never crossed, examining 7997 intersections with wait times
[2021-04-09T15:42:55Z INFO  hashcode2021::phased] Phased improver, phase 2: adding streets with non-zero wait times that are not in the schedule, examining 72748 streets with wait times
[2021-04-09T15:42:55Z INFO  hashcode2021::phased] Phased improver, phase 3: reordering intersections with non-zero wait times, 7997 intersections selected
[2021-04-09T15:46:07Z INFO  hashcode2021::phased] Phased improver, phase 4: adding 1 sec to streets with non-zero wait times, 72748 streets selected, 30 max streets per intersection
[2021-04-09T16:09:16Z INFO  hashcode2021::phased] Phased improver, phase 5: subtracting 1 sec from, or adding 2 sec to streets of intersections with non-zero wait times, 7997 intersections selected
[2021-04-09T16:28:07Z INFO  hashcode2021::phased] New best score 2547752 after adding 2 sec to street 74171 (2 time, 15 wait time), intersection 2218
[2021-04-09T16:28:18Z INFO  hashcode2021::improve] Round 6, new score 2547752
[2021-04-09T16:28:23Z INFO  hashcode2021::phased] Phased improver, phase 1: removing all streets that were never crossed, examining 7997 intersections with wait times
[2021-04-09T16:28:23Z INFO  hashcode2021::phased] Phased improver, phase 2: adding streets with non-zero wait times that are not in the schedule, examining 72749 streets with wait times
[2021-04-09T16:28:23Z INFO  hashcode2021::phased] Phased improver, phase 3: reordering intersections with non-zero wait times, 7997 intersections selected
[2021-04-09T16:31:31Z INFO  hashcode2021::phased] Phased improver, phase 4: adding 1 sec to streets with non-zero wait times, 72749 streets selected, 30 max streets per intersection
[2021-04-09T16:54:21Z INFO  hashcode2021::phased] Phased improver, phase 5: subtracting 1 sec from, or adding 2 sec to streets of intersections with non-zero wait times, 7997 intersections selected
[2021-04-09T17:23:15Z INFO  hashcode2021::phased] Phased improver, phase 5: subtracting 2 sec from, or adding 3 sec to streets of intersections with non-zero wait times, 7997 intersections selected
[2021-04-09T17:41:18Z INFO  hashcode2021::phased] New best score 2547753 after adding 3 sec to street 16900 (1 time, 13 wait time), intersection 1610
[2021-04-09T17:41:26Z INFO  hashcode2021::improve] Round 7, new score 2547753
[2021-04-09T17:41:30Z INFO  hashcode2021::phased] Phased improver, phase 1: removing all streets that were never crossed, examining 7997 intersections with wait times
[2021-04-09T17:41:30Z INFO  hashcode2021::phased] Phased improver, phase 2: adding streets with non-zero wait times that are not in the schedule, examining 72752 streets with wait times
[2021-04-09T17:41:30Z INFO  hashcode2021::phased] Phased improver, phase 3: reordering intersections with non-zero wait times, 7997 intersections selected
[2021-04-09T17:44:37Z INFO  hashcode2021::phased] Phased improver, phase 4: adding 1 sec to streets with non-zero wait times, 72752 streets selected, 30 max streets per intersection
[2021-04-09T18:07:27Z INFO  hashcode2021::phased] Phased improver, phase 5: subtracting 1 sec from, or adding 2 sec to streets of intersections with non-zero wait times, 7997 intersections selected
[2021-04-09T18:34:30Z INFO  hashcode2021::phased] Phased improver, phase 5: subtracting 2 sec from, or adding 3 sec to streets of intersections with non-zero wait times, 7997 intersections selected
[2021-04-09T18:50:52Z INFO  hashcode2021::phased] New best score 2547754 after adding 3 sec to street 94891 (1 time, 1 wait time), intersection 6433
[2021-04-09T18:51:01Z INFO  hashcode2021::improve] Round 8, new score 2547754
[2021-04-09T18:51:06Z INFO  hashcode2021::phased] Phased improver, phase 1: removing all streets that were never crossed, examining 7997 intersections with wait times
[2021-04-09T18:51:06Z INFO  hashcode2021::phased] Phased improver, phase 2: adding streets with non-zero wait times that are not in the schedule, examining 72748 streets with wait times
[2021-04-09T18:51:06Z INFO  hashcode2021::phased] Phased improver, phase 3: reordering intersections with non-zero wait times, 7997 intersections selected
[2021-04-09T18:54:11Z INFO  hashcode2021::phased] Phased improver, phase 4: adding 1 sec to streets with non-zero wait times, 72748 streets selected, 30 max streets per intersection
[2021-04-09T19:17:10Z INFO  hashcode2021::phased] Phased improver, phase 5: subtracting 1 sec from, or adding 2 sec to streets of intersections with non-zero wait times, 7997 intersections selected
[2021-04-09T19:44:33Z INFO  hashcode2021::phased] Phased improver, phase 5: subtracting 2 sec from, or adding 3 sec to streets of intersections with non-zero wait times, 7997 intersections selected
[2021-04-09T19:59:53Z INFO  hashcode2021::phased] New best score 2547761 after adding 3 sec to street 91607 (1 time, 4 wait time), intersection 5034
[2021-04-09T20:00:03Z INFO  hashcode2021::improve] Round 9, new score 2547761
[2021-04-09T20:00:08Z INFO  hashcode2021::phased] Phased improver, phase 1: removing all streets that were never crossed, examining 7997 intersections with wait times
[2021-04-09T20:00:08Z INFO  hashcode2021::phased] Phased improver, phase 2: adding streets with non-zero wait times that are not in the schedule, examining 72746 streets with wait times
[2021-04-09T20:00:08Z INFO  hashcode2021::phased] Phased improver, phase 3: reordering intersections with non-zero wait times, 7997 intersections selected
[2021-04-09T20:03:16Z INFO  hashcode2021::phased] Phased improver, phase 4: adding 1 sec to streets with non-zero wait times, 72746 streets selected, 30 max streets per intersection
[2021-04-09T20:26:18Z INFO  hashcode2021::phased] Phased improver, phase 5: subtracting 1 sec from, or adding 2 sec to streets of intersections with non-zero wait times, 7997 intersections selected
[2021-04-09T20:53:54Z INFO  hashcode2021::phased] Phased improver, phase 5: subtracting 2 sec from, or adding 3 sec to streets of intersections with non-zero wait times, 7997 intersections selected
[2021-04-09T21:06:39Z INFO  hashcode2021::phased] New best score 2547764 after adding 3 sec to street 21858 (1 time, 6 wait time), intersection 6911
[2021-04-09T21:06:52Z INFO  hashcode2021::improve] Round 10, new score 2547764
[2021-04-09T21:06:58Z INFO  hashcode2021::phased] Phased improver, phase 1: removing all streets that were never crossed, examining 7997 intersections with wait times
[2021-04-09T21:06:58Z INFO  hashcode2021::phased] Phased improver, phase 2: adding streets with non-zero wait times that are not in the schedule, examining 72750 streets with wait times
[2021-04-09T21:06:58Z INFO  hashcode2021::phased] Phased improver, phase 3: reordering intersections with non-zero wait times, 7997 intersections selected
[2021-04-09T21:10:09Z INFO  hashcode2021::phased] Phased improver, phase 4: adding 1 sec to streets with non-zero wait times, 72750 streets selected, 30 max streets per intersection
[2021-04-09T21:33:26Z INFO  hashcode2021::phased] Phased improver, phase 5: subtracting 1 sec from, or adding 2 sec to streets of intersections with non-zero wait times, 7997 intersections selected
[2021-04-09T22:00:30Z INFO  hashcode2021::phased] Phased improver, phase 5: subtracting 2 sec from, or adding 3 sec to streets of intersections with non-zero wait times, 7997 intersections selected
[2021-04-09T22:23:12Z INFO  hashcode2021::phased] Phased improver, phase 6: shuffling intersections with non-zero wait times, 7997 intersections selected
[2021-04-10T03:15:32Z INFO  hashcode2021::phased] New best score 2547770 after shuffling intersection 5470 (previous total wait time 42, 6 streets)
[2021-04-10T03:18:14Z INFO  hashcode2021::improve] Round 11, new score 2547770
[2021-04-10T03:18:19Z INFO  hashcode2021::phased] Phased improver, phase 1: removing all streets that were never crossed, examining 7997 intersections with wait times
[2021-04-10T03:18:19Z INFO  hashcode2021::phased] Phased improver, phase 2: adding streets with non-zero wait times that are not in the schedule, examining 72750 streets with wait times
[2021-04-10T03:18:19Z INFO  hashcode2021::phased] Phased improver, phase 3: reordering intersections with non-zero wait times, 7997 intersections selected
[2021-04-10T03:21:23Z INFO  hashcode2021::phased] Phased improver, phase 4: adding 1 sec to streets with non-zero wait times, 72750 streets selected, 30 max streets per intersection
[2021-04-10T03:44:02Z INFO  hashcode2021::phased] Phased improver, phase 5: subtracting 1 sec from, or adding 2 sec to streets of intersections with non-zero wait times, 7997 intersections selected
[2021-04-10T04:10:58Z INFO  hashcode2021::phased] Phased improver, phase 5: subtracting 2 sec from, or adding 3 sec to streets of intersections with non-zero wait times, 7997 intersections selected
[2021-04-10T04:33:44Z INFO  hashcode2021::phased] Phased improver, phase 6: shuffling intersections with non-zero wait times, 7997 intersections selected
[2021-04-10T09:07:40Z INFO  hashcode2021::phased] New best score 2547771 after shuffling intersection 6997 (previous total wait time 42, 6 streets)
[2021-04-10T09:10:25Z INFO  hashcode2021::improve] Round 12, new score 2547771
[2021-04-10T09:10:29Z INFO  hashcode2021::phased] Phased improver, phase 1: removing all streets that were never crossed, examining 7997 intersections with wait times
[2021-04-10T09:10:29Z INFO  hashcode2021::phased] Phased improver, phase 2: adding streets with non-zero wait times that are not in the schedule, examining 72751 streets with wait times
[2021-04-10T09:10:29Z INFO  hashcode2021::phased] Phased improver, phase 3: reordering intersections with non-zero wait times, 7997 intersections selected
[2021-04-10T09:13:32Z INFO  hashcode2021::phased] Phased improver, phase 4: adding 1 sec to streets with non-zero wait times, 72751 streets selected, 30 max streets per intersection
[2021-04-10T09:23:14Z INFO  hashcode2021::phased] New best score 2547773 after adding 1 sec to street 93018 (previous wait time 15), intersection 6997, 6 streets in the intersection
[2021-04-10T09:23:15Z INFO  hashcode2021::improve] Round 13, new score 2547773
[2021-04-10T09:23:17Z INFO  hashcode2021::phased] Phased improver, phase 1: removing all streets that were never crossed, examining 7997 intersections with wait times
[2021-04-10T09:23:17Z INFO  hashcode2021::phased] Phased improver, phase 2: adding streets with non-zero wait times that are not in the schedule, examining 72750 streets with wait times
[2021-04-10T09:23:17Z INFO  hashcode2021::phased] Phased improver, phase 3: reordering intersections with non-zero wait times, 7997 intersections selected
[2021-04-10T09:26:21Z INFO  hashcode2021::phased] Phased improver, phase 4: adding 1 sec to streets with non-zero wait times, 72750 streets selected, 30 max streets per intersection
[2021-04-10T09:48:56Z INFO  hashcode2021::phased] Phased improver, phase 5: subtracting 1 sec from, or adding 2 sec to streets of intersections with non-zero wait times, 7997 intersections selected
[2021-04-10T10:15:44Z INFO  hashcode2021::phased] Phased improver, phase 5: subtracting 2 sec from, or adding 3 sec to streets of intersections with non-zero wait times, 7997 intersections selected
[2021-04-10T10:38:21Z INFO  hashcode2021::phased] Phased improver, phase 6: shuffling intersections with non-zero wait times, 7997 intersections selected
[2021-04-10T11:55:53Z INFO  hashcode2021::phased] New best score 2547776 after shuffling intersection 2459 (previous total wait time 162, 13 streets)
[2021-04-10T11:59:09Z INFO  hashcode2021::improve] Round 14, new score 2547776
[2021-04-10T11:59:15Z INFO  hashcode2021::phased] Phased improver, phase 1: removing all streets that were never crossed, examining 7997 intersections with wait times
[2021-04-10T11:59:15Z INFO  hashcode2021::phased] Phased improver, phase 2: adding streets with non-zero wait times that are not in the schedule, examining 72753 streets with wait times
[2021-04-10T11:59:15Z INFO  hashcode2021::phased] Phased improver, phase 3: reordering intersections with non-zero wait times, 7997 intersections selected
[2021-04-10T12:02:26Z INFO  hashcode2021::phased] Phased improver, phase 4: adding 1 sec to streets with non-zero wait times, 72753 streets selected, 30 max streets per intersection
[2021-04-10T12:25:56Z INFO  hashcode2021::phased] Phased improver, phase 5: subtracting 1 sec from, or adding 2 sec to streets of intersections with non-zero wait times, 7997 intersections selected
[2021-04-10T12:53:26Z INFO  hashcode2021::phased] Phased improver, phase 5: subtracting 2 sec from, or adding 3 sec to streets of intersections with non-zero wait times, 7997 intersections selected
[2021-04-10T13:16:16Z INFO  hashcode2021::phased] Phased improver, phase 6: shuffling intersections with non-zero wait times, 7997 intersections selected
[2021-04-10T13:31:10Z INFO  hashcode2021::phased] New best score 2547777 after shuffling intersection 4307 (previous total wait time 40, 8 streets)
[2021-04-10T13:33:14Z INFO  hashcode2021::improve] Round 15, new score 2547777
[2021-04-10T13:33:19Z INFO  hashcode2021::phased] Phased improver, phase 1: removing all streets that were never crossed, examining 7997 intersections with wait times
[2021-04-10T13:33:19Z INFO  hashcode2021::phased] Phased improver, phase 2: adding streets with non-zero wait times that are not in the schedule, examining 72757 streets with wait times
[2021-04-10T13:33:19Z INFO  hashcode2021::phased] Phased improver, phase 3: reordering intersections with non-zero wait times, 7997 intersections selected
[2021-04-10T13:36:26Z INFO  hashcode2021::phased] Phased improver, phase 4: adding 1 sec to streets with non-zero wait times, 72757 streets selected, 30 max streets per intersection
[2021-04-10T13:59:40Z INFO  hashcode2021::phased] Phased improver, phase 5: subtracting 1 sec from, or adding 2 sec to streets of intersections with non-zero wait times, 7997 intersections selected
[2021-04-10T14:27:15Z INFO  hashcode2021::phased] Phased improver, phase 5: subtracting 2 sec from, or adding 3 sec to streets of intersections with non-zero wait times, 7997 intersections selected
[2021-04-10T14:50:12Z INFO  hashcode2021::phased] Phased improver, phase 6: shuffling intersections with non-zero wait times, 7997 intersections selected
[2021-04-10T15:55:08Z INFO  hashcode2021::phased] New best score 2547779 after shuffling intersection 6393 (previous total wait time 37, 7 streets)
[2021-04-10T15:57:56Z INFO  hashcode2021::improve] Round 16, new score 2547779
[2021-04-10T15:58:01Z INFO  hashcode2021::phased] Phased improver, phase 1: removing all streets that were never crossed, examining 7997 intersections with wait times
[2021-04-10T15:58:01Z INFO  hashcode2021::phased] Phased improver, phase 2: adding streets with non-zero wait times that are not in the schedule, examining 72761 streets with wait times
[2021-04-10T15:58:01Z INFO  hashcode2021::phased] Phased improver, phase 3: reordering intersections with non-zero wait times, 7997 intersections selected
[2021-04-10T16:01:10Z INFO  hashcode2021::phased] Phased improver, phase 4: adding 1 sec to streets with non-zero wait times, 72761 streets selected, 30 max streets per intersection
[2021-04-10T16:23:56Z INFO  hashcode2021::phased] Phased improver, phase 5: subtracting 1 sec from, or adding 2 sec to streets of intersections with non-zero wait times, 7997 intersections selected
[2021-04-10T16:51:13Z INFO  hashcode2021::phased] Phased improver, phase 5: subtracting 2 sec from, or adding 3 sec to streets of intersections with non-zero wait times, 7997 intersections selected
[2021-04-10T17:14:30Z INFO  hashcode2021::phased] Phased improver, phase 6: shuffling intersections with non-zero wait times, 7997 intersections selected
[2021-04-10T18:57:06Z INFO  hashcode2021::phased] New best score 2547787 after shuffling intersection 5022 (previous total wait time 26, 6 streets)
[2021-04-10T18:59:43Z INFO  hashcode2021::improve] Round 17, new score 2547787
[2021-04-10T18:59:49Z INFO  hashcode2021::phased] Phased improver, phase 1: removing all streets that were never crossed, examining 7997 intersections with wait times
[2021-04-10T18:59:49Z INFO  hashcode2021::phased] Phased improver, phase 2: adding streets with non-zero wait times that are not in the schedule, examining 72761 streets with wait times
[2021-04-10T18:59:49Z INFO  hashcode2021::phased] Phased improver, phase 3: reordering intersections with non-zero wait times, 7997 intersections selected
[2021-04-10T19:02:54Z INFO  hashcode2021::phased] Phased improver, phase 4: adding 1 sec to streets with non-zero wait times, 72761 streets selected, 30 max streets per intersection
[2021-04-10T19:25:28Z INFO  hashcode2021::phased] Phased improver, phase 5: subtracting 1 sec from, or adding 2 sec to streets of intersections with non-zero wait times, 7997 intersections selected
[2021-04-10T19:52:14Z INFO  hashcode2021::phased] Phased improver, phase 5: subtracting 2 sec from, or adding 3 sec to streets of intersections with non-zero wait times, 7997 intersections selected
[2021-04-10T20:15:04Z INFO  hashcode2021::phased] Phased improver, phase 6: shuffling intersections with non-zero wait times, 7997 intersections selected
[2021-04-11T00:16:31Z INFO  hashcode2021::phased] New best score 2547791 after shuffling intersection 4117 (previous total wait time 57, 8 streets)
[2021-04-11T00:18:32Z INFO  hashcode2021::improve] Round 18, new score 2547791
[2021-04-11T00:18:37Z INFO  hashcode2021::phased] Phased improver, phase 1: removing all streets that were never crossed, examining 7997 intersections with wait times
[2021-04-11T00:18:37Z INFO  hashcode2021::phased] Phased improver, phase 2: adding streets with non-zero wait times that are not in the schedule, examining 72763 streets with wait times
[2021-04-11T00:18:37Z INFO  hashcode2021::phased] Phased improver, phase 3: reordering intersections with non-zero wait times, 7997 intersections selected
[2021-04-11T00:21:37Z INFO  hashcode2021::phased] Phased improver, phase 4: adding 1 sec to streets with non-zero wait times, 72763 streets selected, 30 max streets per intersection
[2021-04-11T00:43:46Z INFO  hashcode2021::phased] Phased improver, phase 5: subtracting 1 sec from, or adding 2 sec to streets of intersections with non-zero wait times, 7997 intersections selected
[2021-04-11T01:10:19Z INFO  hashcode2021::phased] Phased improver, phase 5: subtracting 2 sec from, or adding 3 sec to streets of intersections with non-zero wait times, 7997 intersections selected
[2021-04-11T01:32:43Z INFO  hashcode2021::phased] Phased improver, phase 6: shuffling intersections with non-zero wait times, 7997 intersections selected
[2021-04-11T07:06:57Z INFO  hashcode2021::phased] New best score 2547796 after shuffling intersection 3402 (previous total wait time 74, 10 streets)
[2021-04-11T07:10:04Z INFO  hashcode2021::improve] Round 19, new score 2547796
[2021-04-11T07:10:10Z INFO  hashcode2021::phased] Phased improver, phase 1: removing all streets that were never crossed, examining 7997 intersections with wait times
[2021-04-11T07:10:10Z INFO  hashcode2021::phased] Phased improver, phase 2: adding streets with non-zero wait times that are not in the schedule, examining 72763 streets with wait times
[2021-04-11T07:10:10Z INFO  hashcode2021::phased] Phased improver, phase 3: reordering intersections with non-zero wait times, 7997 intersections selected
[2021-04-11T07:13:12Z INFO  hashcode2021::phased] Phased improver, phase 4: adding 1 sec to streets with non-zero wait times, 72763 streets selected, 30 max streets per intersection
[2021-04-11T07:21:39Z INFO  hashcode2021::phased] New best score 2547798 after adding 1 sec to street 92414 (previous wait time 2), intersection 7293, 5 streets in the intersection
[2021-04-11T07:21:39Z INFO  hashcode2021::phased] New best score 2547798 after adding 1 sec to street 62122 (previous wait time 7), intersection 7293, 5 streets in the intersection
[2021-04-11T07:21:40Z INFO  hashcode2021::improve] Round 20, new score 2547798
[2021-04-11T07:21:43Z INFO  hashcode2021::phased] Phased improver, phase 1: removing all streets that were never crossed, examining 7997 intersections with wait times
[2021-04-11T07:21:43Z INFO  hashcode2021::phased] Phased improver, phase 2: adding streets with non-zero wait times that are not in the schedule, examining 72761 streets with wait times
[2021-04-11T07:21:43Z INFO  hashcode2021::phased] Phased improver, phase 3: reordering intersections with non-zero wait times, 7997 intersections selected
[2021-04-11T07:24:44Z INFO  hashcode2021::phased] Phased improver, phase 4: adding 1 sec to streets with non-zero wait times, 72761 streets selected, 30 max streets per intersection
[2021-04-11T07:47:22Z INFO  hashcode2021::phased] Phased improver, phase 5: subtracting 1 sec from, or adding 2 sec to streets of intersections with non-zero wait times, 7997 intersections selected
[2021-04-11T08:14:12Z INFO  hashcode2021::phased] Phased improver, phase 5: subtracting 2 sec from, or adding 3 sec to streets of intersections with non-zero wait times, 7997 intersections selected
[2021-04-11T08:36:54Z INFO  hashcode2021::phased] Phased improver, phase 6: shuffling intersections with non-zero wait times, 7997 intersections selected
[2021-04-11T16:27:19Z INFO  hashcode2021::phased] New best score 2547806 after shuffling intersection 1328 (previous total wait time 132, 14 streets)
[2021-04-11T16:30:14Z INFO  hashcode2021::improve] Round 21, new score 2547806
[2021-04-11T16:30:20Z INFO  hashcode2021::phased] Phased improver, phase 1: removing all streets that were never crossed, examining 7997 intersections with wait times
[2021-04-11T16:30:20Z INFO  hashcode2021::phased] Phased improver, phase 2: adding streets with non-zero wait times that are not in the schedule, examining 72763 streets with wait times
[2021-04-11T16:30:20Z INFO  hashcode2021::phased] Phased improver, phase 3: reordering intersections with non-zero wait times, 7997 intersections selected
[2021-04-11T16:33:26Z INFO  hashcode2021::phased] Phased improver, phase 4: adding 1 sec to streets with non-zero wait times, 72763 streets selected, 30 max streets per intersection
[2021-04-11T16:56:57Z INFO  hashcode2021::phased] Phased improver, phase 5: subtracting 1 sec from, or adding 2 sec to streets of intersections with non-zero wait times, 7997 intersections selected
[2021-04-11T17:24:59Z INFO  hashcode2021::phased] Phased improver, phase 5: subtracting 2 sec from, or adding 3 sec to streets of intersections with non-zero wait times, 7997 intersections selected
[2021-04-11T17:48:27Z INFO  hashcode2021::phased] Phased improver, phase 6: shuffling intersections with non-zero wait times, 7997 intersections selected
[2021-04-11T23:42:50Z INFO  hashcode2021::phased] New best score 2547815 after shuffling intersection 3610 (previous total wait time 41, 7 streets)
[2021-04-11T23:43:34Z INFO  hashcode2021::phased] New best score 2547807 after shuffling intersection 4219 (previous total wait time 36, 8 streets)
[2021-04-11T23:45:12Z INFO  hashcode2021::improve] Round 22, new score 2547815
[2021-04-11T23:45:18Z INFO  hashcode2021::phased] Phased improver, phase 1: removing all streets that were never crossed, examining 7997 intersections with wait times
[2021-04-11T23:45:18Z INFO  hashcode2021::phased] Phased improver, phase 2: adding streets with non-zero wait times that are not in the schedule, examining 72767 streets with wait times
[2021-04-11T23:45:18Z INFO  hashcode2021::phased] Phased improver, phase 3: reordering intersections with non-zero wait times, 7997 intersections selected
[2021-04-11T23:48:19Z INFO  hashcode2021::phased] Phased improver, phase 4: adding 1 sec to streets with non-zero wait times, 72767 streets selected, 30 max streets per intersection
[2021-04-12T00:10:33Z INFO  hashcode2021::phased] Phased improver, phase 5: subtracting 1 sec from, or adding 2 sec to streets of intersections with non-zero wait times, 7997 intersections selected
[2021-04-12T00:36:55Z INFO  hashcode2021::phased] Phased improver, phase 5: subtracting 2 sec from, or adding 3 sec to streets of intersections with non-zero wait times, 7997 intersections selected
[2021-04-12T00:59:15Z INFO  hashcode2021::phased] Phased improver, phase 6: shuffling intersections with non-zero wait times, 7997 intersections selected
[2021-04-12T06:33:17Z INFO  hashcode2021::phased] New best score 2547986 after shuffling intersection 3819 (previous total wait time 20, 7 streets)
[2021-04-12T06:36:09Z INFO  hashcode2021::improve] Round 23, new score 2547986
[2021-04-12T06:36:15Z INFO  hashcode2021::phased] Phased improver, phase 1: removing all streets that were never crossed, examining 7997 intersections with wait times
[2021-04-12T06:36:15Z INFO  hashcode2021::phased] Phased improver, phase 2: adding streets with non-zero wait times that are not in the schedule, examining 72772 streets with wait times
[2021-04-12T06:36:15Z INFO  hashcode2021::phased] Phased improver, phase 3: reordering intersections with non-zero wait times, 7997 intersections selected
[2021-04-12T06:39:16Z INFO  hashcode2021::phased] Phased improver, phase 4: adding 1 sec to streets with non-zero wait times, 72772 streets selected, 30 max streets per intersection
[2021-04-12T07:01:28Z INFO  hashcode2021::phased] Phased improver, phase 5: subtracting 1 sec from, or adding 2 sec to streets of intersections with non-zero wait times, 7997 intersections selected
[2021-04-12T07:27:50Z INFO  hashcode2021::phased] Phased improver, phase 5: subtracting 2 sec from, or adding 3 sec to streets of intersections with non-zero wait times, 7997 intersections selected
[2021-04-12T07:50:05Z INFO  hashcode2021::phased] Phased improver, phase 6: shuffling intersections with non-zero wait times, 7997 intersections selected
[2021-04-12T14:17:38Z INFO  hashcode2021::phased] New best score 2547990 after shuffling intersection 5723 (previous total wait time 27, 7 streets)
[2021-04-12T14:20:13Z INFO  hashcode2021::improve] Round 24, new score 2547990
[2021-04-12T14:20:18Z INFO  hashcode2021::phased] Phased improver, phase 1: removing all streets that were never crossed, examining 7997 intersections with wait times
[2021-04-12T14:20:18Z INFO  hashcode2021::phased] Phased improver, phase 2: adding streets with non-zero wait times that are not in the schedule, examining 72774 streets with wait times
[2021-04-12T14:20:18Z INFO  hashcode2021::phased] Phased improver, phase 3: reordering intersections with non-zero wait times, 7997 intersections selected
[2021-04-12T14:23:21Z INFO  hashcode2021::phased] Phased improver, phase 4: adding 1 sec to streets with non-zero wait times, 72774 streets selected, 30 max streets per intersection
[2021-04-12T14:45:55Z INFO  hashcode2021::phased] Phased improver, phase 5: subtracting 1 sec from, or adding 2 sec to streets of intersections with non-zero wait times, 7997 intersections selected
[2021-04-12T15:12:48Z INFO  hashcode2021::phased] Phased improver, phase 5: subtracting 2 sec from, or adding 3 sec to streets of intersections with non-zero wait times, 7997 intersections selected
[2021-04-12T15:35:18Z INFO  hashcode2021::phased] Phased improver, phase 6: shuffling intersections with non-zero wait times, 7997 intersections selected
[2021-04-12T17:49:17Z INFO  hashcode2021::phased] New best score 2548071 after shuffling intersection 2807 (previous total wait time 83, 10 streets)
[2021-04-12T17:52:03Z INFO  hashcode2021::improve] Round 25, new score 2548071
[2021-04-12T17:52:08Z INFO  hashcode2021::phased] Phased improver, phase 1: removing all streets that were never crossed, examining 7997 intersections with wait times
[2021-04-12T17:52:08Z INFO  hashcode2021::phased] Phased improver, phase 2: adding streets with non-zero wait times that are not in the schedule, examining 72778 streets with wait times
[2021-04-12T17:52:08Z INFO  hashcode2021::phased] Phased improver, phase 3: reordering intersections with non-zero wait times, 7997 intersections selected
[2021-04-12T17:55:11Z INFO  hashcode2021::phased] Phased improver, phase 4: adding 1 sec to streets with non-zero wait times, 72778 streets selected, 30 max streets per intersection
[2021-04-12T18:17:45Z INFO  hashcode2021::phased] Phased improver, phase 5: subtracting 1 sec from, or adding 2 sec to streets of intersections with non-zero wait times, 7997 intersections selected
[2021-04-12T18:44:32Z INFO  hashcode2021::phased] Phased improver, phase 5: subtracting 2 sec from, or adding 3 sec to streets of intersections with non-zero wait times, 7997 intersections selected
[2021-04-12T19:07:09Z INFO  hashcode2021::phased] Phased improver, phase 6: shuffling intersections with non-zero wait times, 7997 intersections selected
[2021-04-12T19:59:08Z INFO  hashcode2021::phased] New best score 2548076 after shuffling intersection 6079 (previous total wait time 31, 8 streets)
[2021-04-12T20:01:47Z INFO  hashcode2021::improve] Round 26, new score 2548076
[2021-04-12T20:01:52Z INFO  hashcode2021::phased] Phased improver, phase 1: removing all streets that were never crossed, examining 7997 intersections with wait times
[2021-04-12T20:01:52Z INFO  hashcode2021::phased] Phased improver, phase 2: adding streets with non-zero wait times that are not in the schedule, examining 72782 streets with wait times
[2021-04-12T20:01:52Z INFO  hashcode2021::phased] Phased improver, phase 3: reordering intersections with non-zero wait times, 7997 intersections selected
[2021-04-12T20:04:55Z INFO  hashcode2021::phased] Phased improver, phase 4: adding 1 sec to streets with non-zero wait times, 72782 streets selected, 30 max streets per intersection
[2021-04-12T20:27:25Z INFO  hashcode2021::phased] Phased improver, phase 5: subtracting 1 sec from, or adding 2 sec to streets of intersections with non-zero wait times, 7997 intersections selected
[2021-04-12T20:54:16Z INFO  hashcode2021::phased] Phased improver, phase 5: subtracting 2 sec from, or adding 3 sec to streets of intersections with non-zero wait times, 7997 intersections selected
[2021-04-12T21:16:55Z INFO  hashcode2021::phased] Phased improver, phase 6: shuffling intersections with non-zero wait times, 7997 intersections selected
[2021-04-13T01:52:42Z INFO  hashcode2021::phased] New best score 2548092 after shuffling intersection 3987 (previous total wait time 57, 10 streets)
[2021-04-13T01:55:49Z INFO  hashcode2021::improve] Round 27, new score 2548092
[2021-04-13T01:55:53Z INFO  hashcode2021::phased] Phased improver, phase 1: removing all streets that were never crossed, examining 7997 intersections with wait times
[2021-04-13T01:55:53Z INFO  hashcode2021::phased] Phased improver, phase 2: adding streets with non-zero wait times that are not in the schedule, examining 72784 streets with wait times
[2021-04-13T01:55:53Z INFO  hashcode2021::phased] Phased improver, phase 3: reordering intersections with non-zero wait times, 7997 intersections selected
[2021-04-13T01:58:57Z INFO  hashcode2021::phased] Phased improver, phase 4: adding 1 sec to streets with non-zero wait times, 72784 streets selected, 30 max streets per intersection
[2021-04-13T02:21:29Z INFO  hashcode2021::phased] Phased improver, phase 5: subtracting 1 sec from, or adding 2 sec to streets of intersections with non-zero wait times, 7997 intersections selected
[2021-04-13T02:38:39Z INFO  hashcode2021::phased] New best score 2548094 after adding 2 sec to street 81115 (1 time, 7 wait time), intersection 2978
[2021-04-13T02:38:48Z INFO  hashcode2021::improve] Round 28, new score 2548094
[2021-04-13T02:38:53Z INFO  hashcode2021::phased] Phased improver, phase 1: removing all streets that were never crossed, examining 7997 intersections with wait times
[2021-04-13T02:38:53Z INFO  hashcode2021::phased] Phased improver, phase 2: adding streets with non-zero wait times that are not in the schedule, examining 72783 streets with wait times
[2021-04-13T02:38:53Z INFO  hashcode2021::phased] Phased improver, phase 3: reordering intersections with non-zero wait times, 7997 intersections selected
[2021-04-13T02:41:57Z INFO  hashcode2021::phased] Phased improver, phase 4: adding 1 sec to streets with non-zero wait times, 72783 streets selected, 30 max streets per intersection
[2021-04-13T03:04:25Z INFO  hashcode2021::phased] Phased improver, phase 5: subtracting 1 sec from, or adding 2 sec to streets of intersections with non-zero wait times, 7997 intersections selected
[2021-04-13T03:05:14Z INFO  hashcode2021::phased] New best score 2548096 after adding 2 sec to street 81117 (3 time, 3 wait time), intersection 2978
[2021-04-13T03:05:15Z INFO  hashcode2021::phased] New best score 2548097 after adding 2 sec to street 79236 (1 time, 4 wait time), intersection 2978
[2021-04-13T03:05:29Z INFO  hashcode2021::improve] Round 29, new score 2548097
[2021-04-13T03:05:32Z INFO  hashcode2021::phased] Phased improver, phase 1: removing all streets that were never crossed, examining 7997 intersections with wait times
[2021-04-13T03:05:32Z INFO  hashcode2021::phased] Phased improver, phase 2: adding streets with non-zero wait times that are not in the schedule, examining 72786 streets with wait times
[2021-04-13T03:05:32Z INFO  hashcode2021::phased] Phased improver, phase 3: reordering intersections with non-zero wait times, 7997 intersections selected
[2021-04-13T03:08:34Z INFO  hashcode2021::phased] Phased improver, phase 4: adding 1 sec to streets with non-zero wait times, 72786 streets selected, 30 max streets per intersection
[2021-04-13T03:30:56Z INFO  hashcode2021::phased] Phased improver, phase 5: subtracting 1 sec from, or adding 2 sec to streets of intersections with non-zero wait times, 7997 intersections selected
[2021-04-13T03:45:47Z INFO  hashcode2021::phased] New best score 2548098 after adding 2 sec to street 79236 (3 time, 1 wait time), intersection 2978
[2021-04-13T03:45:58Z INFO  hashcode2021::improve] Round 30, new score 2548098
[2021-04-13T03:46:03Z INFO  hashcode2021::phased] Phased improver, phase 1: removing all streets that were never crossed, examining 7997 intersections with wait times
[2021-04-13T03:46:03Z INFO  hashcode2021::phased] Phased improver, phase 2: adding streets with non-zero wait times that are not in the schedule, examining 72782 streets with wait times
[2021-04-13T03:46:03Z INFO  hashcode2021::phased] Phased improver, phase 3: reordering intersections with non-zero wait times, 7997 intersections selected
[2021-04-13T03:49:04Z INFO  hashcode2021::phased] Phased improver, phase 4: adding 1 sec to streets with non-zero wait times, 72782 streets selected, 30 max streets per intersection
[2021-04-13T04:11:24Z INFO  hashcode2021::phased] Phased improver, phase 5: subtracting 1 sec from, or adding 2 sec to streets of intersections with non-zero wait times, 7997 intersections selected
[2021-04-13T04:38:09Z INFO  hashcode2021::phased] Phased improver, phase 5: subtracting 2 sec from, or adding 3 sec to streets of intersections with non-zero wait times, 7997 intersections selected
[2021-04-13T04:55:00Z INFO  hashcode2021::phased] New best score 2548116 after adding 3 sec to street 41368 (1 time, 20 wait time), intersection 1748
[2021-04-13T04:55:12Z INFO  hashcode2021::improve] Round 31, new score 2548116
[2021-04-13T04:55:17Z INFO  hashcode2021::phased] Phased improver, phase 1: removing all streets that were never crossed, examining 7997 intersections with wait times
[2021-04-13T04:55:17Z INFO  hashcode2021::phased] Phased improver, phase 2: adding streets with non-zero wait times that are not in the schedule, examining 72784 streets with wait times
[2021-04-13T04:55:17Z INFO  hashcode2021::phased] Phased improver, phase 3: reordering intersections with non-zero wait times, 7997 intersections selected
[2021-04-13T04:58:46Z INFO  hashcode2021::phased] Phased improver, phase 4: adding 1 sec to streets with non-zero wait times, 72784 streets selected, 30 max streets per intersection
[2021-04-13T05:21:22Z INFO  hashcode2021::phased] Phased improver, phase 5: subtracting 1 sec from, or adding 2 sec to streets of intersections with non-zero wait times, 7997 intersections selected
[2021-04-13T05:24:47Z INFO  hashcode2021::phased] New best score 2548119 after adding 2 sec to street 79236 (5 time, 3 wait time), intersection 2978
[2021-04-13T05:25:01Z INFO  hashcode2021::improve] Round 32, new score 2548119
[2021-04-13T05:25:06Z INFO  hashcode2021::phased] Phased improver, phase 1: removing all streets that were never crossed, examining 7997 intersections with wait times
[2021-04-13T05:25:06Z INFO  hashcode2021::phased] Phased improver, phase 2: adding streets with non-zero wait times that are not in the schedule, examining 72784 streets with wait times
[2021-04-13T05:25:06Z INFO  hashcode2021::phased] Phased improver, phase 3: reordering intersections with non-zero wait times, 7997 intersections selected
[2021-04-13T05:28:10Z INFO  hashcode2021::phased] Phased improver, phase 4: adding 1 sec to streets with non-zero wait times, 72784 streets selected, 30 max streets per intersection
[2021-04-13T05:50:50Z INFO  hashcode2021::phased] Phased improver, phase 5: subtracting 1 sec from, or adding 2 sec to streets of intersections with non-zero wait times, 7997 intersections selected
[2021-04-13T06:17:58Z INFO  hashcode2021::phased] Phased improver, phase 5: subtracting 2 sec from, or adding 3 sec to streets of intersections with non-zero wait times, 7997 intersections selected
[2021-04-13T06:40:51Z INFO  hashcode2021::phased] Phased improver, phase 6: shuffling intersections with non-zero wait times, 7997 intersections selected
[2021-04-13T11:46:59Z INFO  hashcode2021::phased] New best score 2548187 after shuffling intersection 3622 (previous total wait time 57, 9 streets)
[2021-04-13T11:50:05Z INFO  hashcode2021::improve] Round 33, new score 2548187
[2021-04-13T11:50:10Z INFO  hashcode2021::phased] Phased improver, phase 1: removing all streets that were never crossed, examining 7997 intersections with wait times
[2021-04-13T11:50:10Z INFO  hashcode2021::phased] Phased improver, phase 2: adding streets with non-zero wait times that are not in the schedule, examining 72786 streets with wait times
[2021-04-13T11:50:10Z INFO  hashcode2021::phased] Phased improver, phase 3: reordering intersections with non-zero wait times, 7997 intersections selected
[2021-04-13T11:53:13Z INFO  hashcode2021::phased] Phased improver, phase 4: adding 1 sec to streets with non-zero wait times, 72786 streets selected, 30 max streets per intersection
[2021-04-13T11:59:24Z INFO  hashcode2021::phased] New best score 2548188 after adding 1 sec to street 44826 (previous wait time 2), intersection 6041, 4 streets in the intersection
[2021-04-13T11:59:24Z INFO  hashcode2021::improve] Round 34, new score 2548188
[2021-04-13T11:59:28Z INFO  hashcode2021::phased] Phased improver, phase 1: removing all streets that were never crossed, examining 7997 intersections with wait times
[2021-04-13T11:59:28Z INFO  hashcode2021::phased] Phased improver, phase 2: adding streets with non-zero wait times that are not in the schedule, examining 72787 streets with wait times
[2021-04-13T11:59:28Z INFO  hashcode2021::phased] Phased improver, phase 3: reordering intersections with non-zero wait times, 7997 intersections selected
[2021-04-13T12:02:32Z INFO  hashcode2021::phased] Phased improver, phase 4: adding 1 sec to streets with non-zero wait times, 72787 streets selected, 30 max streets per intersection
[2021-04-13T12:17:00Z INFO  hashcode2021::phased] New best score 2548189 after adding 1 sec to street 44826 (previous wait time 1), intersection 6041, 4 streets in the intersection
[2021-04-13T12:17:01Z INFO  hashcode2021::improve] Round 35, new score 2548189
[2021-04-13T12:17:04Z INFO  hashcode2021::phased] Phased improver, phase 1: removing all streets that were never crossed, examining 7997 intersections with wait times
[2021-04-13T12:17:05Z INFO  hashcode2021::phased] Phased improver, phase 2: adding streets with non-zero wait times that are not in the schedule, examining 72787 streets with wait times
[2021-04-13T12:17:05Z INFO  hashcode2021::phased] Phased improver, phase 3: reordering intersections with non-zero wait times, 7997 intersections selected
[2021-04-13T12:20:07Z INFO  hashcode2021::phased] Phased improver, phase 4: adding 1 sec to streets with non-zero wait times, 72787 streets selected, 30 max streets per intersection
[2021-04-13T12:42:31Z INFO  hashcode2021::phased] Phased improver, phase 5: subtracting 1 sec from, or adding 2 sec to streets of intersections with non-zero wait times, 7997 intersections selected
[2021-04-13T13:09:23Z INFO  hashcode2021::phased] Phased improver, phase 5: subtracting 2 sec from, or adding 3 sec to streets of intersections with non-zero wait times, 7997 intersections selected
[2021-04-13T13:32:08Z INFO  hashcode2021::phased] Phased improver, phase 6: shuffling intersections with non-zero wait times, 7997 intersections selected
[2021-04-13T16:37:35Z INFO  hashcode2021::phased] New best score 2548217 after shuffling intersection 3723 (previous total wait time 79, 10 streets)
[2021-04-13T16:40:10Z INFO  hashcode2021::improve] Round 36, new score 2548217
[2021-04-13T16:40:14Z INFO  hashcode2021::phased] Phased improver, phase 1: removing all streets that were never crossed, examining 7997 intersections with wait times
[2021-04-13T16:40:14Z INFO  hashcode2021::phased] Phased improver, phase 2: adding streets with non-zero wait times that are not in the schedule, examining 72790 streets with wait times
[2021-04-13T16:40:14Z INFO  hashcode2021::phased] Phased improver, phase 3: reordering intersections with non-zero wait times, 7997 intersections selected
[2021-04-13T16:40:44Z INFO  hashcode2021::phased] New best score 2548225 after reordering intersection 92 (previous total wait time 778, 32 streets)
[2021-04-13T16:40:45Z INFO  hashcode2021::improve] Round 37, new score 2548225
[2021-04-13T16:40:47Z INFO  hashcode2021::phased] Phased improver, phase 1: removing all streets that were never crossed, examining 7997 intersections with wait times
[2021-04-13T16:40:47Z INFO  hashcode2021::phased] Phased improver, phase 2: adding streets with non-zero wait times that are not in the schedule, examining 72792 streets with wait times
[2021-04-13T16:40:47Z INFO  hashcode2021::phased] Phased improver, phase 3: reordering intersections with non-zero wait times, 7997 intersections selected
[2021-04-13T16:41:21Z INFO  hashcode2021::phased] New best score 2548230 after reordering intersection 289 (previous total wait time 581, 27 streets)
[2021-04-13T16:41:21Z INFO  hashcode2021::improve] Round 38, new score 2548230
[2021-04-13T16:41:24Z INFO  hashcode2021::phased] Phased improver, phase 1: removing all streets that were never crossed, examining 7997 intersections with wait times
[2021-04-13T16:41:24Z INFO  hashcode2021::phased] Phased improver, phase 2: adding streets with non-zero wait times that are not in the schedule, examining 72792 streets with wait times
[2021-04-13T16:41:24Z INFO  hashcode2021::phased] Phased improver, phase 3: reordering intersections with non-zero wait times, 7997 intersections selected
[2021-04-13T16:43:49Z INFO  hashcode2021::phased] New best score 2548231 after reordering intersection 948 (previous total wait time 91, 10 streets)
[2021-04-13T16:43:49Z INFO  hashcode2021::improve] Round 39, new score 2548231
[2021-04-13T16:43:52Z INFO  hashcode2021::phased] Phased improver, phase 1: removing all streets that were never crossed, examining 7997 intersections with wait times
[2021-04-13T16:43:52Z INFO  hashcode2021::phased] Phased improver, phase 2: adding streets with non-zero wait times that are not in the schedule, examining 72791 streets with wait times
[2021-04-13T16:43:52Z INFO  hashcode2021::phased] Phased improver, phase 3: reordering intersections with non-zero wait times, 7997 intersections selected
[2021-04-13T16:46:57Z INFO  hashcode2021::phased] Phased improver, phase 4: adding 1 sec to streets with non-zero wait times, 72791 streets selected, 30 max streets per intersection
[2021-04-13T17:09:22Z INFO  hashcode2021::phased] Phased improver, phase 5: subtracting 1 sec from, or adding 2 sec to streets of intersections with non-zero wait times, 7997 intersections selected
[2021-04-13T17:36:03Z INFO  hashcode2021::phased] Phased improver, phase 5: subtracting 2 sec from, or adding 3 sec to streets of intersections with non-zero wait times, 7997 intersections selected
[2021-04-13T17:58:48Z INFO  hashcode2021::phased] Phased improver, phase 6: shuffling intersections with non-zero wait times, 7997 intersections selected
[2021-04-13T18:20:06Z INFO  hashcode2021::phased] New best score 2548233 after shuffling intersection 1783 (previous total wait time 121, 11 streets)
[2021-04-13T18:21:14Z INFO  hashcode2021::improve] Round 40, new score 2548233
[2021-04-13T18:21:20Z INFO  hashcode2021::phased] Phased improver, phase 1: removing all streets that were never crossed, examining 7997 intersections with wait times
[2021-04-13T18:21:20Z INFO  hashcode2021::phased] Phased improver, phase 2: adding streets with non-zero wait times that are not in the schedule, examining 72796 streets with wait times
[2021-04-13T18:21:20Z INFO  hashcode2021::phased] Phased improver, phase 3: reordering intersections with non-zero wait times, 7997 intersections selected
[2021-04-13T18:24:22Z INFO  hashcode2021::phased] Phased improver, phase 4: adding 1 sec to streets with non-zero wait times, 72796 streets selected, 30 max streets per intersection
[2021-04-13T18:46:58Z INFO  hashcode2021::phased] Phased improver, phase 5: subtracting 1 sec from, or adding 2 sec to streets of intersections with non-zero wait times, 7997 intersections selected
[2021-04-13T19:13:42Z INFO  hashcode2021::phased] Phased improver, phase 5: subtracting 2 sec from, or adding 3 sec to streets of intersections with non-zero wait times, 7997 intersections selected
[2021-04-13T19:36:16Z INFO  hashcode2021::phased] Phased improver, phase 6: shuffling intersections with non-zero wait times, 7997 intersections selected
[2021-04-13T22:22:30Z INFO  hashcode2021::phased] New best score 2548236 after shuffling intersection 4914 (previous total wait time 41, 6 streets)
[2021-04-13T22:25:28Z INFO  hashcode2021::improve] Round 41, new score 2548236
[2021-04-13T22:25:32Z INFO  hashcode2021::phased] Phased improver, phase 1: removing all streets that were never crossed, examining 7997 intersections with wait times
[2021-04-13T22:25:32Z INFO  hashcode2021::phased] Phased improver, phase 2: adding streets with non-zero wait times that are not in the schedule, examining 72795 streets with wait times
[2021-04-13T22:25:32Z INFO  hashcode2021::phased] Phased improver, phase 3: reordering intersections with non-zero wait times, 7997 intersections selected
[2021-04-13T22:28:34Z INFO  hashcode2021::phased] Phased improver, phase 4: adding 1 sec to streets with non-zero wait times, 72795 streets selected, 30 max streets per intersection
[2021-04-13T22:51:00Z INFO  hashcode2021::phased] Phased improver, phase 5: subtracting 1 sec from, or adding 2 sec to streets of intersections with non-zero wait times, 7997 intersections selected
[2021-04-13T23:17:48Z INFO  hashcode2021::phased] Phased improver, phase 5: subtracting 2 sec from, or adding 3 sec to streets of intersections with non-zero wait times, 7997 intersections selected
[2021-04-13T23:40:27Z INFO  hashcode2021::phased] Phased improver, phase 6: shuffling intersections with non-zero wait times, 7997 intersections selected
[2021-04-14T11:20:25Z INFO  hashcode2021::phased] New best score 2548240 after shuffling intersection 4853 (previous total wait time 29, 6 streets)
[2021-04-14T11:23:37Z INFO  hashcode2021::improve] Round 42, new score 2548240
[2021-04-14T11:23:43Z INFO  hashcode2021::phased] Phased improver, phase 1: removing all streets that were never crossed, examining 7997 intersections with wait times
[2021-04-14T11:23:43Z INFO  hashcode2021::phased] Phased improver, phase 2: adding streets with non-zero wait times that are not in the schedule, examining 72795 streets with wait times
[2021-04-14T11:23:43Z INFO  hashcode2021::phased] Phased improver, phase 3: reordering intersections with non-zero wait times, 7997 intersections selected
[2021-04-14T11:26:50Z INFO  hashcode2021::phased] Phased improver, phase 4: adding 1 sec to streets with non-zero wait times, 72795 streets selected, 30 max streets per intersection
[2021-04-14T11:49:33Z INFO  hashcode2021::phased] Phased improver, phase 5: subtracting 1 sec from, or adding 2 sec to streets of intersections with non-zero wait times, 7997 intersections selected
[2021-04-14T12:16:37Z INFO  hashcode2021::phased] Phased improver, phase 5: subtracting 2 sec from, or adding 3 sec to streets of intersections with non-zero wait times, 7997 intersections selected
[2021-04-14T12:39:24Z INFO  hashcode2021::phased] Phased improver, phase 6: shuffling intersections with non-zero wait times, 7997 intersections selected
[2021-04-14T15:22:30Z INFO  hashcode2021::phased] New best score 2548242 after shuffling intersection 4958 (previous total wait time 57, 8 streets)
[2021-04-14T15:24:43Z INFO  hashcode2021::improve] Round 43, new score 2548242
[2021-04-14T15:24:48Z INFO  hashcode2021::phased] Phased improver, phase 1: removing all streets that were never crossed, examining 7997 intersections with wait times
[2021-04-14T15:24:48Z INFO  hashcode2021::phased] Phased improver, phase 2: adding streets with non-zero wait times that are not in the schedule, examining 72795 streets with wait times
[2021-04-14T15:24:48Z INFO  hashcode2021::phased] Phased improver, phase 3: reordering intersections with non-zero wait times, 7997 intersections selected
[2021-04-14T15:27:49Z INFO  hashcode2021::phased] Phased improver, phase 4: adding 1 sec to streets with non-zero wait times, 72795 streets selected, 30 max streets per intersection
[2021-04-14T15:50:11Z INFO  hashcode2021::phased] Phased improver, phase 5: subtracting 1 sec from, or adding 2 sec to streets of intersections with non-zero wait times, 7997 intersections selected
[2021-04-14T16:16:36Z INFO  hashcode2021::phased] Phased improver, phase 5: subtracting 2 sec from, or adding 3 sec to streets of intersections with non-zero wait times, 7997 intersections selected
[2021-04-14T16:38:56Z INFO  hashcode2021::phased] Phased improver, phase 6: shuffling intersections with non-zero wait times, 7997 intersections selected
[2021-04-14T16:46:34Z INFO  hashcode2021::phased] New best score 2548247 after shuffling intersection 5861 (previous total wait time 87, 9 streets)
[2021-04-14T16:50:00Z INFO  hashcode2021::improve] Round 44, new score 2548247
[2021-04-14T16:50:05Z INFO  hashcode2021::phased] Phased improver, phase 1: removing all streets that were never crossed, examining 7997 intersections with wait times
[2021-04-14T16:50:05Z INFO  hashcode2021::phased] Phased improver, phase 2: adding streets with non-zero wait times that are not in the schedule, examining 72798 streets with wait times
[2021-04-14T16:50:05Z INFO  hashcode2021::phased] Phased improver, phase 3: reordering intersections with non-zero wait times, 7997 intersections selected
[2021-04-14T16:53:05Z INFO  hashcode2021::phased] Phased improver, phase 4: adding 1 sec to streets with non-zero wait times, 72798 streets selected, 30 max streets per intersection
[2021-04-14T17:15:18Z INFO  hashcode2021::phased] Phased improver, phase 5: subtracting 1 sec from, or adding 2 sec to streets of intersections with non-zero wait times, 7997 intersections selected
[2021-04-14T17:41:45Z INFO  hashcode2021::phased] Phased improver, phase 5: subtracting 2 sec from, or adding 3 sec to streets of intersections with non-zero wait times, 7997 intersections selected
[2021-04-14T18:04:06Z INFO  hashcode2021::phased] Phased improver, phase 6: shuffling intersections with non-zero wait times, 7997 intersections selected
[2021-04-15T02:43:53Z INFO  hashcode2021::phased] New best score 2548249 after shuffling intersection 7583 (previous total wait time 21, 5 streets)
[2021-04-15T02:47:14Z INFO  hashcode2021::improve] Round 45, new score 2548249
[2021-04-15T02:47:19Z INFO  hashcode2021::phased] Phased improver, phase 1: removing all streets that were never crossed, examining 7997 intersections with wait times
[2021-04-15T02:47:19Z INFO  hashcode2021::phased] Phased improver, phase 2: adding streets with non-zero wait times that are not in the schedule, examining 72798 streets with wait times
[2021-04-15T02:47:19Z INFO  hashcode2021::phased] Phased improver, phase 3: reordering intersections with non-zero wait times, 7997 intersections selected
[2021-04-15T02:50:23Z INFO  hashcode2021::phased] Phased improver, phase 4: adding 1 sec to streets with non-zero wait times, 72798 streets selected, 30 max streets per intersection
[2021-04-15T03:13:12Z INFO  hashcode2021::phased] Phased improver, phase 5: subtracting 1 sec from, or adding 2 sec to streets of intersections with non-zero wait times, 7997 intersections selected
[2021-04-15T03:40:56Z INFO  hashcode2021::phased] Phased improver, phase 5: subtracting 2 sec from, or adding 3 sec to streets of intersections with non-zero wait times, 7997 intersections selected
[2021-04-15T04:04:13Z INFO  hashcode2021::phased] Phased improver, phase 6: shuffling intersections with non-zero wait times, 7997 intersections selected
[2021-04-15T20:12:49Z INFO  hashcode2021::phased] New best score 2548253 after shuffling intersection 2786 (previous total wait time 48, 8 streets)
[2021-04-15T20:16:02Z INFO  hashcode2021::improve] Round 46, new score 2548253
[2021-04-15T20:16:09Z INFO  hashcode2021::phased] Phased improver, phase 1: removing all streets that were never crossed, examining 7997 intersections with wait times
[2021-04-15T20:16:09Z INFO  hashcode2021::phased] Phased improver, phase 2: adding streets with non-zero wait times that are not in the schedule, examining 72799 streets with wait times
[2021-04-15T20:16:09Z INFO  hashcode2021::phased] Phased improver, phase 3: reordering intersections with non-zero wait times, 7997 intersections selected
[2021-04-15T20:19:14Z INFO  hashcode2021::phased] Phased improver, phase 4: adding 1 sec to streets with non-zero wait times, 72799 streets selected, 30 max streets per intersection
[2021-04-15T20:42:12Z INFO  hashcode2021::phased] Phased improver, phase 5: subtracting 1 sec from, or adding 2 sec to streets of intersections with non-zero wait times, 7997 intersections selected
[2021-04-15T21:09:32Z INFO  hashcode2021::phased] Phased improver, phase 5: subtracting 2 sec from, or adding 3 sec to streets of intersections with non-zero wait times, 7997 intersections selected
[2021-04-15T21:32:32Z INFO  hashcode2021::phased] Phased improver, phase 6: shuffling intersections with non-zero wait times, 7997 intersections selected
[2021-04-15T23:06:34Z INFO  hashcode2021::phased] New best score 2548254 after shuffling intersection 4219 (previous total wait time 36, 8 streets)
[2021-04-15T23:08:54Z INFO  hashcode2021::improve] Round 47, new score 2548254
[2021-04-15T23:08:59Z INFO  hashcode2021::phased] Phased improver, phase 1: removing all streets that were never crossed, examining 7997 intersections with wait times
[2021-04-15T23:08:59Z INFO  hashcode2021::phased] Phased improver, phase 2: adding streets with non-zero wait times that are not in the schedule, examining 72796 streets with wait times
[2021-04-15T23:08:59Z INFO  hashcode2021::phased] Phased improver, phase 3: reordering intersections with non-zero wait times, 7997 intersections selected
[2021-04-15T23:12:02Z INFO  hashcode2021::phased] Phased improver, phase 4: adding 1 sec to streets with non-zero wait times, 72796 streets selected, 30 max streets per intersection
[2021-04-15T23:34:33Z INFO  hashcode2021::phased] Phased improver, phase 5: subtracting 1 sec from, or adding 2 sec to streets of intersections with non-zero wait times, 7997 intersections selected
[2021-04-16T00:01:27Z INFO  hashcode2021::phased] Phased improver, phase 5: subtracting 2 sec from, or adding 3 sec to streets of intersections with non-zero wait times, 7997 intersections selected
[2021-04-16T00:24:06Z INFO  hashcode2021::phased] Phased improver, phase 6: shuffling intersections with non-zero wait times, 7997 intersections selected
[2021-04-16T10:18:46Z INFO  hashcode2021::phased] New best score 2548373 after shuffling intersection 2378 (previous total wait time 70, 9 streets)
[2021-04-16T10:21:42Z INFO  hashcode2021::improve] Round 48, new score 2548373
[2021-04-16T10:21:47Z INFO  hashcode2021::phased] Phased improver, phase 1: removing all streets that were never crossed, examining 7997 intersections with wait times
[2021-04-16T10:21:47Z INFO  hashcode2021::phased] Phased improver, phase 2: adding streets with non-zero wait times that are not in the schedule, examining 72795 streets with wait times
[2021-04-16T10:21:47Z INFO  hashcode2021::phased] Phased improver, phase 3: reordering intersections with non-zero wait times, 7997 intersections selected
[2021-04-16T10:24:51Z INFO  hashcode2021::phased] Phased improver, phase 4: adding 1 sec to streets with non-zero wait times, 72795 streets selected, 30 max streets per intersection
[2021-04-16T10:47:40Z INFO  hashcode2021::phased] Phased improver, phase 5: subtracting 1 sec from, or adding 2 sec to streets of intersections with non-zero wait times, 7997 intersections selected
[2021-04-16T11:14:46Z INFO  hashcode2021::phased] Phased improver, phase 5: subtracting 2 sec from, or adding 3 sec to streets of intersections with non-zero wait times, 7997 intersections selected
[2021-04-16T11:37:17Z INFO  hashcode2021::phased] Phased improver, phase 6: shuffling intersections with non-zero wait times, 7997 intersections selected
[2021-04-16T13:04:14Z INFO  hashcode2021::phased] New best score 2548374 after shuffling intersection 5499 (previous total wait time 88, 8 streets)
[2021-04-16T13:06:24Z INFO  hashcode2021::improve] Round 49, new score 2548374
[2021-04-16T13:06:29Z INFO  hashcode2021::phased] Phased improver, phase 1: removing all streets that were never crossed, examining 7997 intersections with wait times
[2021-04-16T13:06:29Z INFO  hashcode2021::phased] Phased improver, phase 2: adding streets with non-zero wait times that are not in the schedule, examining 72797 streets with wait times
[2021-04-16T13:06:29Z INFO  hashcode2021::phased] Phased improver, phase 3: reordering intersections with non-zero wait times, 7997 intersections selected
[2021-04-16T13:09:33Z INFO  hashcode2021::phased] Phased improver, phase 4: adding 1 sec to streets with non-zero wait times, 72797 streets selected, 30 max streets per intersection
[2021-04-16T13:32:30Z INFO  hashcode2021::phased] Phased improver, phase 5: subtracting 1 sec from, or adding 2 sec to streets of intersections with non-zero wait times, 7997 intersections selected
[2021-04-16T13:59:40Z INFO  hashcode2021::phased] Phased improver, phase 5: subtracting 2 sec from, or adding 3 sec to streets of intersections with non-zero wait times, 7997 intersections selected
[2021-04-16T14:22:36Z INFO  hashcode2021::phased] Phased improver, phase 6: shuffling intersections with non-zero wait times, 7997 intersections selected
[2021-04-17T08:32:45Z INFO  hashcode2021::phased] New best score 2548375 after shuffling intersection 5137 (previous total wait time 38, 7 streets)
[2021-04-17T08:35:18Z INFO  hashcode2021::improve] Round 50, new score 2548375
[2021-04-17T08:35:23Z INFO  hashcode2021::phased] Phased improver, phase 1: removing all streets that were never crossed, examining 7997 intersections with wait times
[2021-04-17T08:35:23Z INFO  hashcode2021::phased] Phased improver, phase 2: adding streets with non-zero wait times that are not in the schedule, examining 72796 streets with wait times
[2021-04-17T08:35:23Z INFO  hashcode2021::phased] Phased improver, phase 3: reordering intersections with non-zero wait times, 7997 intersections selected
[2021-04-17T08:38:26Z INFO  hashcode2021::phased] Phased improver, phase 4: adding 1 sec to streets with non-zero wait times, 72796 streets selected, 30 max streets per intersection
[2021-04-17T09:01:02Z INFO  hashcode2021::phased] Phased improver, phase 5: subtracting 1 sec from, or adding 2 sec to streets of intersections with non-zero wait times, 7997 intersections selected
[2021-04-17T09:28:05Z INFO  hashcode2021::phased] Phased improver, phase 5: subtracting 2 sec from, or adding 3 sec to streets of intersections with non-zero wait times, 7997 intersections selected
[2021-04-17T09:50:57Z INFO  hashcode2021::phased] Phased improver, phase 6: shuffling intersections with non-zero wait times, 7997 intersections selected
[2021-04-17T18:43:45Z INFO  hashcode2021::phased] New best score 2548376 after shuffling intersection 4353 (previous total wait time 57, 8 streets)
[2021-04-17T18:46:49Z INFO  hashcode2021::improve] Round 51, new score 2548376
[2021-04-17T18:46:56Z INFO  hashcode2021::phased] Phased improver, phase 1: removing all streets that were never crossed, examining 7997 intersections with wait times
[2021-04-17T18:46:56Z INFO  hashcode2021::phased] Phased improver, phase 2: adding streets with non-zero wait times that are not in the schedule, examining 72795 streets with wait times
[2021-04-17T18:46:56Z INFO  hashcode2021::phased] Phased improver, phase 3: reordering intersections with non-zero wait times, 7997 intersections selected
[2021-04-17T18:50:01Z INFO  hashcode2021::phased] Phased improver, phase 4: adding 1 sec to streets with non-zero wait times, 72795 streets selected, 30 max streets per intersection
[2021-04-17T19:12:31Z INFO  hashcode2021::phased] Phased improver, phase 5: subtracting 1 sec from, or adding 2 sec to streets of intersections with non-zero wait times, 7997 intersections selected
[2021-04-17T19:39:19Z INFO  hashcode2021::phased] Phased improver, phase 5: subtracting 2 sec from, or adding 3 sec to streets of intersections with non-zero wait times, 7997 intersections selected
[2021-04-17T20:01:54Z INFO  hashcode2021::phased] Phased improver, phase 6: shuffling intersections with non-zero wait times, 7997 intersections selected
[2021-04-18T03:08:43Z INFO  hashcode2021::phased] New best score 2548380 after shuffling intersection 6699 (previous total wait time 33, 6 streets)
[2021-04-18T03:12:21Z INFO  hashcode2021::improve] Round 52, new score 2548380
[2021-04-18T03:12:26Z INFO  hashcode2021::phased] Phased improver, phase 1: removing all streets that were never crossed, examining 7997 intersections with wait times
[2021-04-18T03:12:26Z INFO  hashcode2021::phased] Phased improver, phase 2: adding streets with non-zero wait times that are not in the schedule, examining 72793 streets with wait times
[2021-04-18T03:12:26Z INFO  hashcode2021::phased] Phased improver, phase 3: reordering intersections with non-zero wait times, 7997 intersections selected
[2021-04-18T03:15:31Z INFO  hashcode2021::phased] Phased improver, phase 4: adding 1 sec to streets with non-zero wait times, 72793 streets selected, 30 max streets per intersection
[2021-04-18T03:37:57Z INFO  hashcode2021::phased] Phased improver, phase 5: subtracting 1 sec from, or adding 2 sec to streets of intersections with non-zero wait times, 7997 intersections selected
[2021-04-18T04:04:44Z INFO  hashcode2021::phased] Phased improver, phase 5: subtracting 2 sec from, or adding 3 sec to streets of intersections with non-zero wait times, 7997 intersections selected
[2021-04-18T04:27:16Z INFO  hashcode2021::phased] Phased improver, phase 6: shuffling intersections with non-zero wait times, 7997 intersections selected
[2021-04-18T08:27:15Z INFO  hashcode2021::phased] New best score 2548381 after shuffling intersection 4219 (previous total wait time 57, 8 streets)
[2021-04-18T08:29:51Z INFO  hashcode2021::improve] Round 53, new score 2548381
[2021-04-18T08:29:55Z INFO  hashcode2021::phased] Phased improver, phase 1: removing all streets that were never crossed, examining 7997 intersections with wait times
[2021-04-18T08:29:55Z INFO  hashcode2021::phased] Phased improver, phase 2: adding streets with non-zero wait times that are not in the schedule, examining 72795 streets with wait times
[2021-04-18T08:29:55Z INFO  hashcode2021::phased] Phased improver, phase 3: reordering intersections with non-zero wait times, 7997 intersections selected
[2021-04-18T08:32:57Z INFO  hashcode2021::phased] Phased improver, phase 4: adding 1 sec to streets with non-zero wait times, 72795 streets selected, 30 max streets per intersection
[2021-04-18T08:55:12Z INFO  hashcode2021::phased] Phased improver, phase 5: subtracting 1 sec from, or adding 2 sec to streets of intersections with non-zero wait times, 7997 intersections selected
[2021-04-18T09:21:47Z INFO  hashcode2021::phased] Phased improver, phase 5: subtracting 2 sec from, or adding 3 sec to streets of intersections with non-zero wait times, 7997 intersections selected
[2021-04-18T09:44:04Z INFO  hashcode2021::phased] Phased improver, phase 6: shuffling intersections with non-zero wait times, 7997 intersections selected
[2021-04-18T17:24:45Z INFO  hashcode2021::phased] New best score 2548398 after shuffling intersection 1511 (previous total wait time 89, 10 streets)
[2021-04-18T17:27:28Z INFO  hashcode2021::improve] Round 54, new score 2548398
[2021-04-18T17:27:33Z INFO  hashcode2021::phased] Phased improver, phase 1: removing all streets that were never crossed, examining 7997 intersections with wait times
[2021-04-18T17:27:33Z INFO  hashcode2021::phased] Phased improver, phase 2: adding streets with non-zero wait times that are not in the schedule, examining 72794 streets with wait times
[2021-04-18T17:27:33Z INFO  hashcode2021::phased] Phased improver, phase 3: reordering intersections with non-zero wait times, 7997 intersections selected
[2021-04-18T17:30:48Z INFO  hashcode2021::phased] Phased improver, phase 4: adding 1 sec to streets with non-zero wait times, 72794 streets selected, 30 max streets per intersection
[2021-04-18T17:54:12Z INFO  hashcode2021::phased] Phased improver, phase 5: subtracting 1 sec from, or adding 2 sec to streets of intersections with non-zero wait times, 7997 intersections selected
[2021-04-18T18:22:12Z INFO  hashcode2021::phased] Phased improver, phase 5: subtracting 2 sec from, or adding 3 sec to streets of intersections with non-zero wait times, 7997 intersections selected
[2021-04-18T18:45:54Z INFO  hashcode2021::phased] Phased improver, phase 6: shuffling intersections with non-zero wait times, 7997 intersections selected
[2021-04-18T19:25:24Z INFO  hashcode2021::phased] New best score 2548399 after shuffling intersection 6252 (previous total wait time 31, 6 streets)
[2021-04-18T19:27:16Z INFO  hashcode2021::improve] Round 55, new score 2548399
[2021-04-18T19:27:25Z INFO  hashcode2021::phased] Phased improver, phase 1: removing all streets that were never crossed, examining 7997 intersections with wait times
[2021-04-18T19:27:25Z INFO  hashcode2021::phased] Phased improver, phase 2: adding streets with non-zero wait times that are not in the schedule, examining 72794 streets with wait times
[2021-04-18T19:27:25Z INFO  hashcode2021::phased] Phased improver, phase 3: reordering intersections with non-zero wait times, 7997 intersections selected
[2021-04-18T19:30:48Z INFO  hashcode2021::phased] Phased improver, phase 4: adding 1 sec to streets with non-zero wait times, 72794 streets selected, 30 max streets per intersection
[2021-04-18T19:54:20Z INFO  hashcode2021::phased] Phased improver, phase 5: subtracting 1 sec from, or adding 2 sec to streets of intersections with non-zero wait times, 7997 intersections selected
[2021-04-18T20:22:32Z INFO  hashcode2021::phased] Phased improver, phase 5: subtracting 2 sec from, or adding 3 sec to streets of intersections with non-zero wait times, 7997 intersections selected
[2021-04-18T20:46:38Z INFO  hashcode2021::phased] Phased improver, phase 6: shuffling intersections with non-zero wait times, 7997 intersections selected
[2021-04-18T20:56:00Z INFO  hashcode2021::phased] New best score 2548435 after shuffling intersection 1674 (previous total wait time 83, 10 streets)
[2021-04-18T20:58:34Z INFO  hashcode2021::improve] Round 56, new score 2548435
[2021-04-18T20:58:39Z INFO  hashcode2021::phased] Phased improver, phase 1: removing all streets that were never crossed, examining 7997 intersections with wait times
[2021-04-18T20:58:39Z INFO  hashcode2021::phased] Phased improver, phase 2: adding streets with non-zero wait times that are not in the schedule, examining 72795 streets with wait times
[2021-04-18T20:58:39Z INFO  hashcode2021::phased] Phased improver, phase 3: reordering intersections with non-zero wait times, 7997 intersections selected
[2021-04-18T21:01:55Z INFO  hashcode2021::phased] Phased improver, phase 4: adding 1 sec to streets with non-zero wait times, 72795 streets selected, 30 max streets per intersection
[2021-04-18T21:09:32Z INFO  hashcode2021::phased] New best score 2548438 after adding 1 sec to street 45746 (previous wait time 17), intersection 6962, 6 streets in the intersection
[2021-04-18T21:09:32Z INFO  hashcode2021::improve] Round 57, new score 2548438
[2021-04-18T21:09:36Z INFO  hashcode2021::phased] Phased improver, phase 1: removing all streets that were never crossed, examining 7997 intersections with wait times
[2021-04-18T21:09:36Z INFO  hashcode2021::phased] Phased improver, phase 2: adding streets with non-zero wait times that are not in the schedule, examining 72792 streets with wait times
[2021-04-18T21:09:36Z INFO  hashcode2021::phased] Phased improver, phase 3: reordering intersections with non-zero wait times, 7997 intersections selected
[2021-04-18T21:12:48Z INFO  hashcode2021::phased] Phased improver, phase 4: adding 1 sec to streets with non-zero wait times, 72792 streets selected, 30 max streets per intersection
[2021-04-18T21:36:24Z INFO  hashcode2021::phased] Phased improver, phase 5: subtracting 1 sec from, or adding 2 sec to streets of intersections with non-zero wait times, 7997 intersections selected
[2021-04-18T21:38:38Z INFO  hashcode2021::phased] New best score 2548439 after adding 2 sec to street 95184 (3 time, 10 wait time), intersection 6962
[2021-04-18T21:38:50Z INFO  hashcode2021::improve] Round 58, new score 2548439
[2021-04-18T21:38:54Z INFO  hashcode2021::phased] Phased improver, phase 1: removing all streets that were never crossed, examining 7997 intersections with wait times
[2021-04-18T21:38:54Z INFO  hashcode2021::phased] Phased improver, phase 2: adding streets with non-zero wait times that are not in the schedule, examining 72795 streets with wait times
[2021-04-18T21:38:54Z INFO  hashcode2021::phased] Phased improver, phase 3: reordering intersections with non-zero wait times, 7997 intersections selected
[2021-04-18T21:42:05Z INFO  hashcode2021::phased] Phased improver, phase 4: adding 1 sec to streets with non-zero wait times, 72795 streets selected, 30 max streets per intersection
[2021-04-18T22:05:26Z INFO  hashcode2021::phased] Phased improver, phase 5: subtracting 1 sec from, or adding 2 sec to streets of intersections with non-zero wait times, 7997 intersections selected
[2021-04-18T22:33:28Z INFO  hashcode2021::phased] Phased improver, phase 5: subtracting 2 sec from, or adding 3 sec to streets of intersections with non-zero wait times, 7997 intersections selected
[2021-04-18T22:57:10Z INFO  hashcode2021::phased] Phased improver, phase 6: shuffling intersections with non-zero wait times, 7997 intersections selected
[2021-04-19T08:23:36Z INFO  hashcode2021::phased] New best score 2548450 after shuffling intersection 5027 (previous total wait time 73, 8 streets)
[2021-04-19T08:26:41Z INFO  hashcode2021::improve] Round 59, new score 2548450
[2021-04-19T08:26:46Z INFO  hashcode2021::phased] Phased improver, phase 1: removing all streets that were never crossed, examining 7997 intersections with wait times
[2021-04-19T08:26:46Z INFO  hashcode2021::phased] Phased improver, phase 2: adding streets with non-zero wait times that are not in the schedule, examining 72797 streets with wait times
[2021-04-19T08:26:46Z INFO  hashcode2021::phased] Phased improver, phase 3: reordering intersections with non-zero wait times, 7997 intersections selected
[2021-04-19T08:29:57Z INFO  hashcode2021::phased] Phased improver, phase 4: adding 1 sec to streets with non-zero wait times, 72797 streets selected, 30 max streets per intersection
[2021-04-19T08:53:01Z INFO  hashcode2021::phased] Phased improver, phase 5: subtracting 1 sec from, or adding 2 sec to streets of intersections with non-zero wait times, 7997 intersections selected
[2021-04-19T09:20:28Z INFO  hashcode2021::phased] Phased improver, phase 5: subtracting 2 sec from, or adding 3 sec to streets of intersections with non-zero wait times, 7997 intersections selected
[2021-04-19T09:43:43Z INFO  hashcode2021::phased] Phased improver, phase 6: shuffling intersections with non-zero wait times, 7997 intersections selected
[2021-04-20T16:07:32Z INFO  hashcode2021::phased] New best score 2548474 after shuffling intersection 6479 (previous total wait time 27, 6 streets)
[2021-04-20T16:10:42Z INFO  hashcode2021::improve] Round 60, new score 2548474
[2021-04-20T16:10:46Z INFO  hashcode2021::phased] Phased improver, phase 1: removing all streets that were never crossed, examining 7997 intersections with wait times
[2021-04-20T16:10:46Z INFO  hashcode2021::phased] Phased improver, phase 2: adding streets with non-zero wait times that are not in the schedule, examining 72796 streets with wait times
[2021-04-20T16:10:46Z INFO  hashcode2021::phased] Phased improver, phase 3: reordering intersections with non-zero wait times, 7997 intersections selected
[2021-04-20T16:13:56Z INFO  hashcode2021::phased] Phased improver, phase 4: adding 1 sec to streets with non-zero wait times, 72796 streets selected, 30 max streets per intersection
[2021-04-20T16:37:09Z INFO  hashcode2021::phased] Phased improver, phase 5: subtracting 1 sec from, or adding 2 sec to streets of intersections with non-zero wait times, 7997 intersections selected
[2021-04-20T17:05:00Z INFO  hashcode2021::phased] Phased improver, phase 5: subtracting 2 sec from, or adding 3 sec to streets of intersections with non-zero wait times, 7997 intersections selected
[2021-04-20T17:28:27Z INFO  hashcode2021::phased] Phased improver, phase 6: shuffling intersections with non-zero wait times, 7997 intersections selected
Received termination request
[2021-04-20T22:28:04Z INFO  hashcode2021::improve] Round 61, no improvement

Improved schedule
-----------------
Intersections   : 8000
Street lights   : 83874
Arrived cars    : 1000
Earliest arrival: 5562
Latest arrival  : 7872
Crossed streets : 83874
Total wait time : 1431394
Schedule score  : 2548474
[2021-04-20T22:28:09Z INFO  hashcode2021] Writing schedule to 'output/d.txt'
