Hash Code 2021
[2021-03-27T17:02:31Z INFO  hashcode2021] Loading simulation from 'input/e.txt'

Simulation
----------
Duration     : 676
Intersections: 500
Streets      : 998
Cars         : 1000
Max score    : 921203
Bonus points : 500
[2021-03-27T17:02:31Z INFO  hashcode2021] Loading schedule from 'output/e_742527.txt'

Schedule
--------
Intersections   : 500
Street lights   : 956
Arrived cars    : 875
Earliest arrival: 3
Latest arrival  : 676
Crossed streets : 955
Total wait time : 88152
Schedule score  : 742527
[2021-03-27T17:02:31Z INFO  hashcode2021::improve] Incremental improver: continuous rounds
[2021-03-27T17:02:31Z INFO  hashcode2021::phased] Phased improver, phase 1: removing all streets that were never crossed, examining 214 intersections with wait times
[2021-03-27T17:02:31Z INFO  hashcode2021::phased] Phased improver, phase 2: adding streets with non-zero wait times that are not in the schedule, examining 567 streets with wait times
[2021-03-27T17:02:31Z INFO  hashcode2021::phased] Phased improver, phase 3: reordering intersections with non-zero wait times, 214 intersections selected
[2021-03-27T17:02:32Z INFO  hashcode2021::phased] Phased improver, phase 4: adding 1 sec to streets with non-zero wait times, 567 streets selected, 30 max streets per intersection
[2021-03-27T17:02:32Z INFO  hashcode2021::phased] Phased improver, phase 5: subtracting 1 sec from, or adding 2 sec to streets of intersections with non-zero wait times, 214 intersections selected
[2021-03-27T17:02:32Z INFO  hashcode2021::phased] Phased improver, phase 5: subtracting 2 sec from, or adding 3 sec to streets of intersections with non-zero wait times, 214 intersections selected
[2021-03-27T17:02:32Z INFO  hashcode2021::phased] Phased improver, phase 6: shuffling intersections with non-zero wait times, 214 intersections selected
[2021-03-27T17:02:37Z INFO  hashcode2021::phased] Phased improver, phase 7: subtracting 3 sec from, or adding 4 sec to streets of intersections with non-zero wait times, 214 intersections selected
[2021-03-27T17:02:38Z INFO  hashcode2021::phased] Phased improver, phase 7: subtracting 4 sec from, or adding 5 sec to streets of intersections with non-zero wait times, 214 intersections selected
[2021-03-27T17:02:38Z INFO  hashcode2021::phased] Phased improver, phase 7: subtracting 5 sec from, or adding 6 sec to streets of intersections with non-zero wait times, 214 intersections selected
[2021-03-27T17:02:38Z INFO  hashcode2021::phased] Phased improver, phase 7: adding 7 sec to streets of intersections with non-zero wait times, 214 intersections selected
[2021-03-27T17:02:38Z INFO  hashcode2021::phased] Phased improver, phase 7: adding 8 sec to streets of intersections with non-zero wait times, 214 intersections selected
[2021-03-27T17:02:39Z INFO  hashcode2021::phased] Phased improver, phase 7: adding 9 sec to streets of intersections with non-zero wait times, 214 intersections selected
[2021-03-27T17:02:39Z INFO  hashcode2021::phased] Phased improver, phase 7: adding 10 sec to streets of intersections with non-zero wait times, 214 intersections selected
[2021-03-27T17:02:39Z INFO  hashcode2021::phased] Phased improver, phase 7: adding 11 sec to streets of intersections with non-zero wait times, 214 intersections selected
[2021-03-27T17:02:39Z INFO  hashcode2021::phased] New best score 742529 after adding 11 sec to street 184 (4 time, 4 wait time), intersection 93
[2021-03-27T17:02:39Z INFO  hashcode2021::improve] Round 1, new score 742529
[2021-03-27T17:02:39Z INFO  hashcode2021::phased] Phased improver, phase 1: removing all streets that were never crossed, examining 214 intersections with wait times
[2021-03-27T17:02:39Z INFO  hashcode2021::phased] Phased improver, phase 2: adding streets with non-zero wait times that are not in the schedule, examining 567 streets with wait times
[2021-03-27T17:02:39Z INFO  hashcode2021::phased] Phased improver, phase 3: reordering intersections with non-zero wait times, 214 intersections selected
[2021-03-27T17:02:39Z INFO  hashcode2021::phased] Phased improver, phase 4: adding 1 sec to streets with non-zero wait times, 567 streets selected, 30 max streets per intersection
[2021-03-27T17:02:40Z INFO  hashcode2021::phased] Phased improver, phase 5: subtracting 1 sec from, or adding 2 sec to streets of intersections with non-zero wait times, 214 intersections selected
[2021-03-27T17:02:40Z INFO  hashcode2021::phased] Phased improver, phase 5: subtracting 2 sec from, or adding 3 sec to streets of intersections with non-zero wait times, 214 intersections selected
[2021-03-27T17:02:40Z INFO  hashcode2021::phased] Phased improver, phase 6: shuffling intersections with non-zero wait times, 214 intersections selected
[2021-03-27T17:02:45Z INFO  hashcode2021::phased] Phased improver, phase 7: subtracting 3 sec from, or adding 4 sec to streets of intersections with non-zero wait times, 214 intersections selected
[2021-03-27T17:02:45Z INFO  hashcode2021::phased] Phased improver, phase 7: subtracting 4 sec from, or adding 5 sec to streets of intersections with non-zero wait times, 214 intersections selected
[2021-03-27T17:02:45Z INFO  hashcode2021::phased] Phased improver, phase 7: subtracting 5 sec from, or adding 6 sec to streets of intersections with non-zero wait times, 214 intersections selected
[2021-03-27T17:02:46Z INFO  hashcode2021::phased] Phased improver, phase 7: adding 7 sec to streets of intersections with non-zero wait times, 214 intersections selected
[2021-03-27T17:02:46Z INFO  hashcode2021::phased] Phased improver, phase 7: adding 8 sec to streets of intersections with non-zero wait times, 214 intersections selected
[2021-03-27T17:02:46Z INFO  hashcode2021::phased] Phased improver, phase 7: adding 9 sec to streets of intersections with non-zero wait times, 214 intersections selected
[2021-03-27T17:02:46Z INFO  hashcode2021::phased] Phased improver, phase 7: adding 10 sec to streets of intersections with non-zero wait times, 214 intersections selected
[2021-03-27T17:02:46Z INFO  hashcode2021::phased] Phased improver, phase 7: adding 11 sec to streets of intersections with non-zero wait times, 214 intersections selected
[2021-03-27T17:02:47Z INFO  hashcode2021::phased] New best score 742531 after adding 11 sec to street 812 (4 time, 8 wait time), intersection 407
[2021-03-27T17:02:47Z INFO  hashcode2021::improve] Round 2, new score 742531
[2021-03-27T17:02:47Z INFO  hashcode2021::phased] Phased improver, phase 1: removing all streets that were never crossed, examining 214 intersections with wait times
[2021-03-27T17:02:47Z INFO  hashcode2021::phased] Phased improver, phase 2: adding streets with non-zero wait times that are not in the schedule, examining 567 streets with wait times
[2021-03-27T17:02:47Z INFO  hashcode2021::phased] Phased improver, phase 3: reordering intersections with non-zero wait times, 214 intersections selected
[2021-03-27T17:02:47Z INFO  hashcode2021::phased] Phased improver, phase 4: adding 1 sec to streets with non-zero wait times, 567 streets selected, 30 max streets per intersection
[2021-03-27T17:02:47Z INFO  hashcode2021::phased] New best score 742533 after adding 1 sec to street 808 (previous wait time 3), intersection 405, 2 streets in the intersection
[2021-03-27T17:02:47Z INFO  hashcode2021::improve] Round 3, new score 742533
[2021-03-27T17:02:47Z INFO  hashcode2021::phased] Phased improver, phase 1: removing all streets that were never crossed, examining 214 intersections with wait times
[2021-03-27T17:02:47Z INFO  hashcode2021::phased] Phased improver, phase 2: adding streets with non-zero wait times that are not in the schedule, examining 566 streets with wait times
[2021-03-27T17:02:47Z INFO  hashcode2021::phased] Phased improver, phase 3: reordering intersections with non-zero wait times, 214 intersections selected
[2021-03-27T17:02:47Z INFO  hashcode2021::phased] Phased improver, phase 4: adding 1 sec to streets with non-zero wait times, 566 streets selected, 30 max streets per intersection
[2021-03-27T17:02:47Z INFO  hashcode2021::phased] Phased improver, phase 5: subtracting 1 sec from, or adding 2 sec to streets of intersections with non-zero wait times, 214 intersections selected
[2021-03-27T17:02:47Z INFO  hashcode2021::phased] Phased improver, phase 5: subtracting 2 sec from, or adding 3 sec to streets of intersections with non-zero wait times, 214 intersections selected
[2021-03-27T17:02:48Z INFO  hashcode2021::phased] Phased improver, phase 6: shuffling intersections with non-zero wait times, 214 intersections selected
[2021-03-27T17:02:52Z INFO  hashcode2021::phased] Phased improver, phase 7: subtracting 3 sec from, or adding 4 sec to streets of intersections with non-zero wait times, 214 intersections selected
[2021-03-27T17:02:53Z INFO  hashcode2021::phased] Phased improver, phase 7: subtracting 4 sec from, or adding 5 sec to streets of intersections with non-zero wait times, 214 intersections selected
[2021-03-27T17:02:53Z INFO  hashcode2021::phased] Phased improver, phase 7: subtracting 5 sec from, or adding 6 sec to streets of intersections with non-zero wait times, 214 intersections selected
[2021-03-27T17:02:53Z INFO  hashcode2021::phased] Phased improver, phase 7: adding 7 sec to streets of intersections with non-zero wait times, 214 intersections selected
[2021-03-27T17:02:53Z INFO  hashcode2021::phased] Phased improver, phase 7: adding 8 sec to streets of intersections with non-zero wait times, 214 intersections selected
[2021-03-27T17:02:54Z INFO  hashcode2021::phased] Phased improver, phase 7: adding 9 sec to streets of intersections with non-zero wait times, 214 intersections selected
[2021-03-27T17:02:54Z INFO  hashcode2021::phased] Phased improver, phase 7: adding 10 sec to streets of intersections with non-zero wait times, 214 intersections selected
[2021-03-27T17:02:54Z INFO  hashcode2021::phased] Phased improver, phase 7: adding 11 sec to streets of intersections with non-zero wait times, 214 intersections selected
[2021-03-27T17:02:54Z INFO  hashcode2021::phased] New best score 742534 after adding 11 sec to street 820 (7 time, 6 wait time), intersection 411
[2021-03-27T17:02:54Z INFO  hashcode2021::improve] Round 4, new score 742534
[2021-03-27T17:02:54Z INFO  hashcode2021::phased] Phased improver, phase 1: removing all streets that were never crossed, examining 214 intersections with wait times
[2021-03-27T17:02:54Z INFO  hashcode2021::phased] Phased improver, phase 2: adding streets with non-zero wait times that are not in the schedule, examining 566 streets with wait times
[2021-03-27T17:02:54Z INFO  hashcode2021::phased] Phased improver, phase 3: reordering intersections with non-zero wait times, 214 intersections selected
[2021-03-27T17:02:54Z INFO  hashcode2021::phased] Phased improver, phase 4: adding 1 sec to streets with non-zero wait times, 566 streets selected, 30 max streets per intersection
[2021-03-27T17:02:55Z INFO  hashcode2021::phased] Phased improver, phase 5: subtracting 1 sec from, or adding 2 sec to streets of intersections with non-zero wait times, 214 intersections selected
[2021-03-27T17:02:55Z INFO  hashcode2021::phased] Phased improver, phase 5: subtracting 2 sec from, or adding 3 sec to streets of intersections with non-zero wait times, 214 intersections selected
[2021-03-27T17:02:55Z INFO  hashcode2021::phased] Phased improver, phase 6: shuffling intersections with non-zero wait times, 214 intersections selected
[2021-03-27T17:03:00Z INFO  hashcode2021::phased] Phased improver, phase 7: subtracting 3 sec from, or adding 4 sec to streets of intersections with non-zero wait times, 214 intersections selected
[2021-03-27T17:03:00Z INFO  hashcode2021::phased] Phased improver, phase 7: subtracting 4 sec from, or adding 5 sec to streets of intersections with non-zero wait times, 214 intersections selected
[2021-03-27T17:03:00Z INFO  hashcode2021::phased] Phased improver, phase 7: subtracting 5 sec from, or adding 6 sec to streets of intersections with non-zero wait times, 214 intersections selected
[2021-03-27T17:03:00Z INFO  hashcode2021::phased] Phased improver, phase 7: adding 7 sec to streets of intersections with non-zero wait times, 214 intersections selected
[2021-03-27T17:03:01Z INFO  hashcode2021::phased] Phased improver, phase 7: adding 8 sec to streets of intersections with non-zero wait times, 214 intersections selected
[2021-03-27T17:03:01Z INFO  hashcode2021::phased] Phased improver, phase 7: adding 9 sec to streets of intersections with non-zero wait times, 214 intersections selected
[2021-03-27T17:03:01Z INFO  hashcode2021::phased] Phased improver, phase 7: adding 10 sec to streets of intersections with non-zero wait times, 214 intersections selected
[2021-03-27T17:03:01Z INFO  hashcode2021::phased] Phased improver, phase 7: adding 11 sec to streets of intersections with non-zero wait times, 214 intersections selected
[2021-03-27T17:03:02Z INFO  hashcode2021::phased] New best score 742535 after adding 11 sec to street 823 (1 time, 1 wait time), intersection 411
[2021-03-27T17:03:02Z INFO  hashcode2021::improve] Round 5, new score 742535
[2021-03-27T17:03:02Z INFO  hashcode2021::phased] Phased improver, phase 1: removing all streets that were never crossed, examining 214 intersections with wait times
[2021-03-27T17:03:02Z INFO  hashcode2021::phased] Phased improver, phase 2: adding streets with non-zero wait times that are not in the schedule, examining 565 streets with wait times
[2021-03-27T17:03:02Z INFO  hashcode2021::phased] Phased improver, phase 3: reordering intersections with non-zero wait times, 214 intersections selected
[2021-03-27T17:03:02Z INFO  hashcode2021::phased] Phased improver, phase 4: adding 1 sec to streets with non-zero wait times, 565 streets selected, 30 max streets per intersection
[2021-03-27T17:03:02Z INFO  hashcode2021::phased] Phased improver, phase 5: subtracting 1 sec from, or adding 2 sec to streets of intersections with non-zero wait times, 214 intersections selected
[2021-03-27T17:03:02Z INFO  hashcode2021::phased] Phased improver, phase 5: subtracting 2 sec from, or adding 3 sec to streets of intersections with non-zero wait times, 214 intersections selected
[2021-03-27T17:03:03Z INFO  hashcode2021::phased] Phased improver, phase 6: shuffling intersections with non-zero wait times, 214 intersections selected
[2021-03-27T17:03:07Z INFO  hashcode2021::phased] Phased improver, phase 7: subtracting 3 sec from, or adding 4 sec to streets of intersections with non-zero wait times, 214 intersections selected
[2021-03-27T17:03:08Z INFO  hashcode2021::phased] Phased improver, phase 7: subtracting 4 sec from, or adding 5 sec to streets of intersections with non-zero wait times, 214 intersections selected
[2021-03-27T17:03:08Z INFO  hashcode2021::phased] New best score 742536 after adding 5 sec to street 828 (3 time, 3 wait time), intersection 415
[2021-03-27T17:03:08Z INFO  hashcode2021::improve] Round 6, new score 742536
[2021-03-27T17:03:08Z INFO  hashcode2021::phased] Phased improver, phase 1: removing all streets that were never crossed, examining 214 intersections with wait times
[2021-03-27T17:03:08Z INFO  hashcode2021::phased] Phased improver, phase 2: adding streets with non-zero wait times that are not in the schedule, examining 565 streets with wait times
[2021-03-27T17:03:08Z INFO  hashcode2021::phased] Phased improver, phase 3: reordering intersections with non-zero wait times, 214 intersections selected
[2021-03-27T17:03:08Z INFO  hashcode2021::phased] Phased improver, phase 4: adding 1 sec to streets with non-zero wait times, 565 streets selected, 30 max streets per intersection
[2021-03-27T17:03:08Z INFO  hashcode2021::phased] Phased improver, phase 5: subtracting 1 sec from, or adding 2 sec to streets of intersections with non-zero wait times, 214 intersections selected
[2021-03-27T17:03:09Z INFO  hashcode2021::phased] Phased improver, phase 5: subtracting 2 sec from, or adding 3 sec to streets of intersections with non-zero wait times, 214 intersections selected
[2021-03-27T17:03:09Z INFO  hashcode2021::phased] Phased improver, phase 6: shuffling intersections with non-zero wait times, 214 intersections selected
[2021-03-27T17:03:13Z INFO  hashcode2021::phased] Phased improver, phase 7: subtracting 3 sec from, or adding 4 sec to streets of intersections with non-zero wait times, 214 intersections selected
[2021-03-27T17:03:14Z INFO  hashcode2021::phased] Phased improver, phase 7: subtracting 4 sec from, or adding 5 sec to streets of intersections with non-zero wait times, 214 intersections selected
[2021-03-27T17:03:14Z INFO  hashcode2021::phased] Phased improver, phase 7: subtracting 5 sec from, or adding 6 sec to streets of intersections with non-zero wait times, 214 intersections selected
[2021-03-27T17:03:14Z INFO  hashcode2021::phased] Phased improver, phase 7: adding 7 sec to streets of intersections with non-zero wait times, 214 intersections selected
[2021-03-27T17:03:14Z INFO  hashcode2021::phased] Phased improver, phase 7: adding 8 sec to streets of intersections with non-zero wait times, 214 intersections selected
[2021-03-27T17:03:15Z INFO  hashcode2021::phased] Phased improver, phase 7: adding 9 sec to streets of intersections with non-zero wait times, 214 intersections selected
[2021-03-27T17:03:15Z INFO  hashcode2021::phased] Phased improver, phase 7: adding 10 sec to streets of intersections with non-zero wait times, 214 intersections selected
[2021-03-27T17:03:15Z INFO  hashcode2021::phased] Phased improver, phase 7: adding 11 sec to streets of intersections with non-zero wait times, 214 intersections selected
[2021-03-27T17:03:15Z INFO  hashcode2021::phased] Phased improver, phase 7: adding 12 sec to streets of intersections with non-zero wait times, 214 intersections selected
[2021-03-27T17:03:15Z INFO  hashcode2021::phased] New best score 742538 after adding 12 sec to street 351 (1 time, 2 wait time), intersection 175
[2021-03-27T17:03:15Z INFO  hashcode2021::improve] Round 7, new score 742538
[2021-03-27T17:03:15Z INFO  hashcode2021::phased] Phased improver, phase 1: removing all streets that were never crossed, examining 214 intersections with wait times
[2021-03-27T17:03:15Z INFO  hashcode2021::phased] Phased improver, phase 2: adding streets with non-zero wait times that are not in the schedule, examining 564 streets with wait times
[2021-03-27T17:03:15Z INFO  hashcode2021::phased] Phased improver, phase 3: reordering intersections with non-zero wait times, 214 intersections selected
[2021-03-27T17:03:16Z INFO  hashcode2021::phased] Phased improver, phase 4: adding 1 sec to streets with non-zero wait times, 564 streets selected, 30 max streets per intersection
[2021-03-27T17:03:16Z INFO  hashcode2021::phased] Phased improver, phase 5: subtracting 1 sec from, or adding 2 sec to streets of intersections with non-zero wait times, 214 intersections selected
[2021-03-27T17:03:16Z INFO  hashcode2021::phased] Phased improver, phase 5: subtracting 2 sec from, or adding 3 sec to streets of intersections with non-zero wait times, 214 intersections selected
[2021-03-27T17:03:16Z INFO  hashcode2021::phased] Phased improver, phase 6: shuffling intersections with non-zero wait times, 214 intersections selected
[2021-03-27T17:03:21Z INFO  hashcode2021::phased] Phased improver, phase 7: subtracting 3 sec from, or adding 4 sec to streets of intersections with non-zero wait times, 214 intersections selected
[2021-03-27T17:03:21Z INFO  hashcode2021::phased] Phased improver, phase 7: subtracting 4 sec from, or adding 5 sec to streets of intersections with non-zero wait times, 214 intersections selected
[2021-03-27T17:03:22Z INFO  hashcode2021::phased] Phased improver, phase 7: subtracting 5 sec from, or adding 6 sec to streets of intersections with non-zero wait times, 214 intersections selected
[2021-03-27T17:03:22Z INFO  hashcode2021::phased] Phased improver, phase 7: adding 7 sec to streets of intersections with non-zero wait times, 214 intersections selected
[2021-03-27T17:03:22Z INFO  hashcode2021::phased] Phased improver, phase 7: adding 8 sec to streets of intersections with non-zero wait times, 214 intersections selected
[2021-03-27T17:03:22Z INFO  hashcode2021::phased] Phased improver, phase 7: adding 9 sec to streets of intersections with non-zero wait times, 214 intersections selected
[2021-03-27T17:03:22Z INFO  hashcode2021::phased] Phased improver, phase 7: adding 10 sec to streets of intersections with non-zero wait times, 214 intersections selected
[2021-03-27T17:03:23Z INFO  hashcode2021::phased] Phased improver, phase 7: adding 11 sec to streets of intersections with non-zero wait times, 214 intersections selected
[2021-03-27T17:03:23Z INFO  hashcode2021::phased] Phased improver, phase 7: adding 12 sec to streets of intersections with non-zero wait times, 214 intersections selected
[2021-03-27T17:03:23Z INFO  hashcode2021::phased] New best score 742539 after adding 12 sec to street 172 (3 time, 1 wait time), intersection 87
[2021-03-27T17:03:23Z INFO  hashcode2021::improve] Round 8, new score 742539
[2021-03-27T17:03:23Z INFO  hashcode2021::phased] Phased improver, phase 1: removing all streets that were never crossed, examining 213 intersections with wait times
[2021-03-27T17:03:23Z INFO  hashcode2021::phased] Phased improver, phase 2: adding streets with non-zero wait times that are not in the schedule, examining 563 streets with wait times
[2021-03-27T17:03:23Z INFO  hashcode2021::phased] Phased improver, phase 3: reordering intersections with non-zero wait times, 213 intersections selected
[2021-03-27T17:03:23Z INFO  hashcode2021::phased] Phased improver, phase 4: adding 1 sec to streets with non-zero wait times, 563 streets selected, 30 max streets per intersection
[2021-03-27T17:03:23Z INFO  hashcode2021::phased] Phased improver, phase 5: subtracting 1 sec from, or adding 2 sec to streets of intersections with non-zero wait times, 213 intersections selected
[2021-03-27T17:03:24Z INFO  hashcode2021::phased] Phased improver, phase 5: subtracting 2 sec from, or adding 3 sec to streets of intersections with non-zero wait times, 213 intersections selected
[2021-03-27T17:03:24Z INFO  hashcode2021::phased] Phased improver, phase 6: shuffling intersections with non-zero wait times, 213 intersections selected
[2021-03-27T17:03:29Z INFO  hashcode2021::phased] Phased improver, phase 7: subtracting 3 sec from, or adding 4 sec to streets of intersections with non-zero wait times, 213 intersections selected
[2021-03-27T17:03:29Z INFO  hashcode2021::phased] Phased improver, phase 7: subtracting 4 sec from, or adding 5 sec to streets of intersections with non-zero wait times, 213 intersections selected
[2021-03-27T17:03:29Z INFO  hashcode2021::phased] New best score 742540 after adding 5 sec to street 168 (2 time, 2 wait time), intersection 85
[2021-03-27T17:03:29Z INFO  hashcode2021::improve] Round 9, new score 742540
[2021-03-27T17:03:29Z INFO  hashcode2021::phased] Phased improver, phase 1: removing all streets that were never crossed, examining 213 intersections with wait times
[2021-03-27T17:03:29Z INFO  hashcode2021::phased] Phased improver, phase 2: adding streets with non-zero wait times that are not in the schedule, examining 562 streets with wait times
[2021-03-27T17:03:29Z INFO  hashcode2021::phased] Phased improver, phase 3: reordering intersections with non-zero wait times, 213 intersections selected
[2021-03-27T17:03:29Z INFO  hashcode2021::phased] Phased improver, phase 4: adding 1 sec to streets with non-zero wait times, 562 streets selected, 30 max streets per intersection
[2021-03-27T17:03:29Z INFO  hashcode2021::phased] Phased improver, phase 5: subtracting 1 sec from, or adding 2 sec to streets of intersections with non-zero wait times, 213 intersections selected
[2021-03-27T17:03:30Z INFO  hashcode2021::phased] Phased improver, phase 5: subtracting 2 sec from, or adding 3 sec to streets of intersections with non-zero wait times, 213 intersections selected
[2021-03-27T17:03:30Z INFO  hashcode2021::phased] Phased improver, phase 6: shuffling intersections with non-zero wait times, 213 intersections selected
[2021-03-27T17:03:35Z INFO  hashcode2021::phased] Phased improver, phase 7: subtracting 3 sec from, or adding 4 sec to streets of intersections with non-zero wait times, 213 intersections selected
[2021-03-27T17:03:35Z INFO  hashcode2021::phased] Phased improver, phase 7: subtracting 4 sec from, or adding 5 sec to streets of intersections with non-zero wait times, 213 intersections selected
[2021-03-27T17:03:35Z INFO  hashcode2021::phased] Phased improver, phase 7: subtracting 5 sec from, or adding 6 sec to streets of intersections with non-zero wait times, 213 intersections selected
[2021-03-27T17:03:35Z INFO  hashcode2021::phased] Phased improver, phase 7: adding 7 sec to streets of intersections with non-zero wait times, 213 intersections selected
[2021-03-27T17:03:36Z INFO  hashcode2021::phased] Phased improver, phase 7: adding 8 sec to streets of intersections with non-zero wait times, 213 intersections selected
[2021-03-27T17:03:36Z INFO  hashcode2021::phased] Phased improver, phase 7: adding 9 sec to streets of intersections with non-zero wait times, 213 intersections selected
[2021-03-27T17:03:36Z INFO  hashcode2021::phased] Phased improver, phase 7: adding 10 sec to streets of intersections with non-zero wait times, 213 intersections selected
[2021-03-27T17:03:36Z INFO  hashcode2021::phased] Phased improver, phase 7: adding 11 sec to streets of intersections with non-zero wait times, 213 intersections selected
[2021-03-27T17:03:37Z INFO  hashcode2021::phased] Phased improver, phase 7: adding 12 sec to streets of intersections with non-zero wait times, 213 intersections selected
[2021-03-27T17:03:37Z INFO  hashcode2021::phased] New best score 742542 after adding 12 sec to street 628 (5 time, 2 wait time), intersection 315
[2021-03-27T17:03:37Z INFO  hashcode2021::improve] Round 10, new score 742542
[2021-03-27T17:03:37Z INFO  hashcode2021::phased] Phased improver, phase 1: removing all streets that were never crossed, examining 212 intersections with wait times
[2021-03-27T17:03:37Z INFO  hashcode2021::phased] Phased improver, phase 2: adding streets with non-zero wait times that are not in the schedule, examining 561 streets with wait times
[2021-03-27T17:03:37Z INFO  hashcode2021::phased] Phased improver, phase 3: reordering intersections with non-zero wait times, 212 intersections selected
[2021-03-27T17:03:37Z INFO  hashcode2021::phased] Phased improver, phase 4: adding 1 sec to streets with non-zero wait times, 561 streets selected, 30 max streets per intersection
[2021-03-27T17:03:37Z INFO  hashcode2021::phased] Phased improver, phase 5: subtracting 1 sec from, or adding 2 sec to streets of intersections with non-zero wait times, 212 intersections selected
[2021-03-27T17:03:37Z INFO  hashcode2021::phased] Phased improver, phase 5: subtracting 2 sec from, or adding 3 sec to streets of intersections with non-zero wait times, 212 intersections selected
[2021-03-27T17:03:37Z INFO  hashcode2021::phased] Phased improver, phase 6: shuffling intersections with non-zero wait times, 212 intersections selected
[2021-03-27T17:03:42Z INFO  hashcode2021::phased] Phased improver, phase 7: subtracting 3 sec from, or adding 4 sec to streets of intersections with non-zero wait times, 212 intersections selected
[2021-03-27T17:03:43Z INFO  hashcode2021::phased] Phased improver, phase 7: subtracting 4 sec from, or adding 5 sec to streets of intersections with non-zero wait times, 212 intersections selected
[2021-03-27T17:03:43Z INFO  hashcode2021::phased] Phased improver, phase 7: subtracting 5 sec from, or adding 6 sec to streets of intersections with non-zero wait times, 212 intersections selected
[2021-03-27T17:03:43Z INFO  hashcode2021::phased] Phased improver, phase 7: adding 7 sec to streets of intersections with non-zero wait times, 212 intersections selected
[2021-03-27T17:03:43Z INFO  hashcode2021::phased] Phased improver, phase 7: adding 8 sec to streets of intersections with non-zero wait times, 212 intersections selected
[2021-03-27T17:03:43Z INFO  hashcode2021::phased] Phased improver, phase 7: adding 9 sec to streets of intersections with non-zero wait times, 212 intersections selected
[2021-03-27T17:03:44Z INFO  hashcode2021::phased] Phased improver, phase 7: adding 10 sec to streets of intersections with non-zero wait times, 212 intersections selected
[2021-03-27T17:03:44Z INFO  hashcode2021::phased] Phased improver, phase 7: adding 11 sec to streets of intersections with non-zero wait times, 212 intersections selected
[2021-03-27T17:03:44Z INFO  hashcode2021::phased] Phased improver, phase 7: adding 12 sec to streets of intersections with non-zero wait times, 212 intersections selected
[2021-03-27T17:03:44Z INFO  hashcode2021::improve] Round 11, no improvement

Improved schedule
-----------------
Intersections   : 500
Street lights   : 956
Arrived cars    : 875
Earliest arrival: 3
Latest arrival  : 675
Crossed streets : 955
Total wait time : 88143
Schedule score  : 742542
[2021-03-27T17:03:44Z INFO  hashcode2021] Writing schedule to 'output/e.txt'
